<?xml version="1.0" encoding="UTF-8"?>
<TestRun id="6210fea2-bca1-4969-a2e7-d8ebebb1a92e" name="Administrator@CUCAMONGA 2011-08-17 17:15:17" runUser="CUCAMONGA\Administrator" xmlns="http://microsoft.com/schemas/VisualStudio/TeamTest/2010">
  <TestSettings name="Default Test Settings" id="6a65553c-089d-4e6f-ba3a-55ad179a0722">
    <Deployment runDeploymentRoot="Administrator_CUCAMONGA 2011-08-17 17_15_17">
      <DeploymentItem filename="C:\Projects\Humpback\Humpback\bin\Debug\Hump.exe" />
      <DeploymentItem filename="C:\Projects\Humpback\Humpback.Interfaces\bin\Debug\Humpback.Interfaces.dll" />
    </Deployment>
    <Execution>
      <TestTypeSpecific />
      <AgentRule name="Execution Agents">
      </AgentRule>
    </Execution>
  </TestSettings>
  <Times creation="2011-08-17T17:15:17.7418671-07:00" queuing="2011-08-17T17:15:19.4119626-07:00" start="2011-08-17T17:15:19.5449702-07:00" finish="2011-08-17T17:15:25.6603200-07:00" />
  <ResultSummary outcome="Completed">
    <Counters total="70" executed="70" passed="70" error="0" failed="0" timeout="0" aborted="0" inconclusive="0" passedButRunAborted="0" notRunnable="0" notExecuted="0" disconnected="0" warning="0" completed="0" inProgress="0" pending="0" />
  </ResultSummary>
  <TestDefinitions>
    <UnitTest name="HelpTest_H" storage="c:\projects\humpback\humpback.tests\bin\debug\humpback.tests.dll" id="92dbc9fd-8625-52e9-87e0-f4f933c33d3e">
      <Execution id="ff5806d8-0fa2-401f-a6c4-d2a7345b31c8" />
      <TestMethod codeBase="C:/Projects/Humpback/Humpback.Tests/bin/Debug/Humpback.Tests.DLL" adapterTypeName="Microsoft.VisualStudio.TestTools.TestTypes.Unit.UnitTestAdapter, Microsoft.VisualStudio.QualityTools.Tips.UnitTest.Adapter, Version=10.0.0.0, Culture=neutral, PublicKeyToken=b03f5f7f11d50a3a" className="Humpback.Tests.ConfigurationTest, Humpback.Tests, Version=1.0.0.0, Culture=neutral, PublicKeyToken=null" name="HelpTest_H" />
    </UnitTest>
    <UnitTest name="BasicSqlTest" storage="c:\projects\humpback\humpback.tests\bin\debug\humpback.tests.dll" id="977522ec-36ab-7467-e984-16e06673af6f">
      <Execution id="586a1f73-6896-437a-8ddc-33b5cc01f3a5" />
      <TestMethod codeBase="C:/Projects/Humpback/Humpback.Tests/bin/Debug/Humpback.Tests.DLL" adapterTypeName="Microsoft.VisualStudio.TestTools.TestTypes.Unit.UnitTestAdapter, Microsoft.VisualStudio.QualityTools.Tips.UnitTest.Adapter, Version=10.0.0.0, Culture=neutral, PublicKeyToken=b03f5f7f11d50a3a" className="Humpback.Tests.ConfigurationTest, Humpback.Tests, Version=1.0.0.0, Culture=neutral, PublicKeyToken=null" name="BasicSqlTest" />
    </UnitTest>
    <UnitTest name="GeneratorFileTest" storage="c:\projects\humpback\humpback.tests\bin\debug\humpback.tests.dll" id="2a84bd86-8ca4-1eec-bb5f-cdc52d11f0ed">
      <Execution id="e61e2b1a-9ade-401b-8a82-a066b3ff9f48" />
      <TestMethod codeBase="C:/Projects/Humpback/Humpback.Tests/bin/Debug/Humpback.Tests.DLL" adapterTypeName="Microsoft.VisualStudio.TestTools.TestTypes.Unit.UnitTestAdapter, Microsoft.VisualStudio.QualityTools.Tips.UnitTest.Adapter, Version=10.0.0.0, Culture=neutral, PublicKeyToken=b03f5f7f11d50a3a" className="Humpback.Tests.GeneratorTest, Humpback.Tests, Version=1.0.0.0, Culture=neutral, PublicKeyToken=null" name="GeneratorFileTest" />
    </UnitTest>
    <UnitTest name="EnvironmentTestSet" storage="c:\projects\humpback\humpback.tests\bin\debug\humpback.tests.dll" id="80d6448f-0f06-5c6f-9efd-c6199e7a4680">
      <Execution id="6fae8097-6685-47e2-aa5a-4ef655201153" />
      <TestMethod codeBase="C:/Projects/Humpback/Humpback.Tests/bin/Debug/Humpback.Tests.DLL" adapterTypeName="Microsoft.VisualStudio.TestTools.TestTypes.Unit.UnitTestAdapter, Microsoft.VisualStudio.QualityTools.Tips.UnitTest.Adapter, Version=10.0.0.0, Culture=neutral, PublicKeyToken=b03f5f7f11d50a3a" className="Humpback.Tests.ConfigurationTest, Humpback.Tests, Version=1.0.0.0, Culture=neutral, PublicKeyToken=null" name="EnvironmentTestSet" />
    </UnitTest>
    <UnitTest name="EnvironmentTest" storage="c:\projects\humpback\humpback.tests\bin\debug\humpback.tests.dll" id="04f82181-a0a0-268d-8961-6593b0283527">
      <Execution id="46b195d4-6d6f-451c-b20b-4af79dd14224" />
      <TestMethod codeBase="C:/Projects/Humpback/Humpback.Tests/bin/Debug/Humpback.Tests.DLL" adapterTypeName="Microsoft.VisualStudio.TestTools.TestTypes.Unit.UnitTestAdapter, Microsoft.VisualStudio.QualityTools.Tips.UnitTest.Adapter, Version=10.0.0.0, Culture=neutral, PublicKeyToken=b03f5f7f11d50a3a" className="Humpback.Tests.ConfigurationTest, Humpback.Tests, Version=1.0.0.0, Culture=neutral, PublicKeyToken=null" name="EnvironmentTest" />
    </UnitTest>
    <UnitTest name="SqlFormatterAddTableTestWithNullableAndDefault" storage="c:\projects\humpback\humpback.tests\bin\debug\humpback.tests.dll" id="932f94f6-db59-e4fb-db9c-4892e9feb731">
      <Execution id="f2b0c3dc-ff9c-4ea5-817f-2c13fe1b7bfb" />
      <TestMethod codeBase="C:/Projects/Humpback/Humpback.Tests/bin/Debug/Humpback.Tests.DLL" adapterTypeName="Microsoft.VisualStudio.TestTools.TestTypes.Unit.UnitTestAdapter, Microsoft.VisualStudio.QualityTools.Tips.UnitTest.Adapter, Version=10.0.0.0, Culture=neutral, PublicKeyToken=b03f5f7f11d50a3a" className="Humpback.Tests.SQLServerFormatterTest, Humpback.Tests, Version=1.0.0.0, Culture=neutral, PublicKeyToken=null" name="SqlFormatterAddTableTestWithNullableAndDefault" />
    </UnitTest>
    <UnitTest name="TestForArray" storage="c:\projects\humpback\humpback.tests\bin\debug\humpback.tests.dll" id="08b5b9c9-6f47-d78c-ccbb-c81dcaf801d4">
      <Execution id="b391461a-927a-464f-9d9c-b6614156560b" />
      <TestMethod codeBase="C:/Projects/Humpback/Humpback.Tests/bin/Debug/Humpback.Tests.DLL" adapterTypeName="Microsoft.VisualStudio.TestTools.TestTypes.Unit.UnitTestAdapter, Microsoft.VisualStudio.QualityTools.Tips.UnitTest.Adapter, Version=10.0.0.0, Culture=neutral, PublicKeyToken=b03f5f7f11d50a3a" className="Humpback.Tests.DynamicTests, Humpback.Tests, Version=1.0.0.0, Culture=neutral, PublicKeyToken=null" name="TestForArray" />
    </UnitTest>
    <UnitTest name="TestForTypeOfArray" storage="c:\projects\humpback\humpback.tests\bin\debug\humpback.tests.dll" id="20d19967-444e-dc24-b335-97edc08b5909">
      <Execution id="52fd016d-4d84-48fc-8db9-84d24172e2a1" />
      <TestMethod codeBase="C:/Projects/Humpback/Humpback.Tests/bin/Debug/Humpback.Tests.DLL" adapterTypeName="Microsoft.VisualStudio.TestTools.TestTypes.Unit.UnitTestAdapter, Microsoft.VisualStudio.QualityTools.Tips.UnitTest.Adapter, Version=10.0.0.0, Culture=neutral, PublicKeyToken=b03f5f7f11d50a3a" className="Humpback.Tests.DynamicTests, Humpback.Tests, Version=1.0.0.0, Culture=neutral, PublicKeyToken=null" name="TestForTypeOfArray" />
    </UnitTest>
    <UnitTest name="GeneratorAddSingleColumnTest_Escaped_To" storage="c:\projects\humpback\humpback.tests\bin\debug\humpback.tests.dll" id="b5bbd01e-9ce5-7737-6c5e-33b038bbfcef">
      <Execution id="64e46990-cd64-413c-a9e0-9e6b9443b6b5" />
      <TestMethod codeBase="C:/Projects/Humpback/Humpback.Tests/bin/Debug/Humpback.Tests.DLL" adapterTypeName="Microsoft.VisualStudio.TestTools.TestTypes.Unit.UnitTestAdapter, Microsoft.VisualStudio.QualityTools.Tips.UnitTest.Adapter, Version=10.0.0.0, Culture=neutral, PublicKeyToken=b03f5f7f11d50a3a" className="Humpback.Tests.GeneratorTest, Humpback.Tests, Version=1.0.0.0, Culture=neutral, PublicKeyToken=null" name="GeneratorAddSingleColumnTest_Escaped_To" />
    </UnitTest>
    <UnitTest name="SqlFormatterChangeColumnTest" storage="c:\projects\humpback\humpback.tests\bin\debug\humpback.tests.dll" id="a8a040ac-527d-a3e5-eb1e-6eb6f9128096">
      <Execution id="497318ae-ee46-4efc-a66d-067c0293d96c" />
      <TestMethod codeBase="C:/Projects/Humpback/Humpback.Tests/bin/Debug/Humpback.Tests.DLL" adapterTypeName="Microsoft.VisualStudio.TestTools.TestTypes.Unit.UnitTestAdapter, Microsoft.VisualStudio.QualityTools.Tips.UnitTest.Adapter, Version=10.0.0.0, Culture=neutral, PublicKeyToken=b03f5f7f11d50a3a" className="Humpback.Tests.SQLServerFormatterTest, Humpback.Tests, Version=1.0.0.0, Culture=neutral, PublicKeyToken=null" name="SqlFormatterChangeColumnTest" />
    </UnitTest>
    <UnitTest name="BasicListTest" storage="c:\projects\humpback\humpback.tests\bin\debug\humpback.tests.dll" id="16f64c72-025c-ebb3-6b93-684532a9fa63">
      <Execution id="28973b63-df23-4885-8504-30322eebe595" />
      <TestMethod codeBase="C:/Projects/Humpback/Humpback.Tests/bin/Debug/Humpback.Tests.DLL" adapterTypeName="Microsoft.VisualStudio.TestTools.TestTypes.Unit.UnitTestAdapter, Microsoft.VisualStudio.QualityTools.Tips.UnitTest.Adapter, Version=10.0.0.0, Culture=neutral, PublicKeyToken=b03f5f7f11d50a3a" className="Humpback.Tests.ConfigurationTest, Humpback.Tests, Version=1.0.0.0, Culture=neutral, PublicKeyToken=null" name="BasicListTest" />
    </UnitTest>
    <UnitTest name="SqlFormatterDropColumnTest" storage="c:\projects\humpback\humpback.tests\bin\debug\humpback.tests.dll" id="6fa915c5-6ab5-24c3-610a-84f83ee2d7ae">
      <Execution id="8875fc5d-6fb3-42a6-9b10-8a8bc6cb65c0" />
      <TestMethod codeBase="C:/Projects/Humpback/Humpback.Tests/bin/Debug/Humpback.Tests.DLL" adapterTypeName="Microsoft.VisualStudio.TestTools.TestTypes.Unit.UnitTestAdapter, Microsoft.VisualStudio.QualityTools.Tips.UnitTest.Adapter, Version=10.0.0.0, Culture=neutral, PublicKeyToken=b03f5f7f11d50a3a" className="Humpback.Tests.SQLServerFormatterTest, Humpback.Tests, Version=1.0.0.0, Culture=neutral, PublicKeyToken=null" name="SqlFormatterDropColumnTest" />
    </UnitTest>
    <UnitTest name="TestGeneratePlainSQLStringDown" storage="c:\projects\humpback\humpback.tests\bin\debug\humpback.tests.dll" id="f2fd06d6-bc32-5afa-9fd6-c66d5415c515">
      <Execution id="9c75f717-c7ce-4dce-9822-960aecc355f4" />
      <TestMethod codeBase="C:/Projects/Humpback/Humpback.Tests/bin/Debug/Humpback.Tests.DLL" adapterTypeName="Microsoft.VisualStudio.TestTools.TestTypes.Unit.UnitTestAdapter, Microsoft.VisualStudio.QualityTools.Tips.UnitTest.Adapter, Version=10.0.0.0, Culture=neutral, PublicKeyToken=b03f5f7f11d50a3a" className="Humpback.Tests.SQLGeneratorTests, Humpback.Tests, Version=1.0.0.0, Culture=neutral, PublicKeyToken=null" name="TestGeneratePlainSQLStringDown" />
    </UnitTest>
    <UnitTest name="GeneratorDropTable" storage="c:\projects\humpback\humpback.tests\bin\debug\humpback.tests.dll" id="058de0ad-729f-7726-204c-f9b6197ace80">
      <Execution id="e109b0b0-4a97-49a1-a983-25538d8a9834" />
      <TestMethod codeBase="C:/Projects/Humpback/Humpback.Tests/bin/Debug/Humpback.Tests.DLL" adapterTypeName="Microsoft.VisualStudio.TestTools.TestTypes.Unit.UnitTestAdapter, Microsoft.VisualStudio.QualityTools.Tips.UnitTest.Adapter, Version=10.0.0.0, Culture=neutral, PublicKeyToken=b03f5f7f11d50a3a" className="Humpback.Tests.GeneratorTest, Humpback.Tests, Version=1.0.0.0, Culture=neutral, PublicKeyToken=null" name="GeneratorDropTable" />
    </UnitTest>
    <UnitTest name="GeneratorSqlTest" storage="c:\projects\humpback\humpback.tests\bin\debug\humpback.tests.dll" id="e7403101-b8a8-6884-112a-c39c176e3e12">
      <Execution id="fc4cc7d1-8fc1-4e28-9e97-ce978b7b7c54" />
      <TestMethod codeBase="C:/Projects/Humpback/Humpback.Tests/bin/Debug/Humpback.Tests.DLL" adapterTypeName="Microsoft.VisualStudio.TestTools.TestTypes.Unit.UnitTestAdapter, Microsoft.VisualStudio.QualityTools.Tips.UnitTest.Adapter, Version=10.0.0.0, Culture=neutral, PublicKeyToken=b03f5f7f11d50a3a" className="Humpback.Tests.GeneratorTest, Humpback.Tests, Version=1.0.0.0, Culture=neutral, PublicKeyToken=null" name="GeneratorSqlTest" />
    </UnitTest>
    <UnitTest name="HelpTest_help" storage="c:\projects\humpback\humpback.tests\bin\debug\humpback.tests.dll" id="156e597f-0b1d-a2d7-359e-abcce95cc492">
      <Execution id="296cc002-9879-483e-8718-c5ab3037c3b6" />
      <TestMethod codeBase="C:/Projects/Humpback/Humpback.Tests/bin/Debug/Humpback.Tests.DLL" adapterTypeName="Microsoft.VisualStudio.TestTools.TestTypes.Unit.UnitTestAdapter, Microsoft.VisualStudio.QualityTools.Tips.UnitTest.Adapter, Version=10.0.0.0, Culture=neutral, PublicKeyToken=b03f5f7f11d50a3a" className="Humpback.Tests.ConfigurationTest, Humpback.Tests, Version=1.0.0.0, Culture=neutral, PublicKeyToken=null" name="HelpTest_help" />
    </UnitTest>
    <UnitTest name="SqlFormatterAddTableTest" storage="c:\projects\humpback\humpback.tests\bin\debug\humpback.tests.dll" id="274b4467-35d6-4a34-11dc-f60e719c1a5c">
      <Execution id="cf4ea0fc-a341-4bc4-bff4-d0fd9bbbf74a" />
      <TestMethod codeBase="C:/Projects/Humpback/Humpback.Tests/bin/Debug/Humpback.Tests.DLL" adapterTypeName="Microsoft.VisualStudio.TestTools.TestTypes.Unit.UnitTestAdapter, Microsoft.VisualStudio.QualityTools.Tips.UnitTest.Adapter, Version=10.0.0.0, Culture=neutral, PublicKeyToken=b03f5f7f11d50a3a" className="Humpback.Tests.SQLServerFormatterTest, Humpback.Tests, Version=1.0.0.0, Culture=neutral, PublicKeyToken=null" name="SqlFormatterAddTableTest" />
    </UnitTest>
    <UnitTest name="TestForString" storage="c:\projects\humpback\humpback.tests\bin\debug\humpback.tests.dll" id="d5cc0cd9-833d-a38d-dcfc-767927d698f4">
      <Execution id="b5ec77ad-a9df-4217-a268-5587623207e0" />
      <TestMethod codeBase="C:/Projects/Humpback/Humpback.Tests/bin/Debug/Humpback.Tests.DLL" adapterTypeName="Microsoft.VisualStudio.TestTools.TestTypes.Unit.UnitTestAdapter, Microsoft.VisualStudio.QualityTools.Tips.UnitTest.Adapter, Version=10.0.0.0, Culture=neutral, PublicKeyToken=b03f5f7f11d50a3a" className="Humpback.Tests.DynamicTests, Humpback.Tests, Version=1.0.0.0, Culture=neutral, PublicKeyToken=null" name="TestForString" />
    </UnitTest>
    <UnitTest name="HelpModifierTest_RUN" storage="c:\projects\humpback\humpback.tests\bin\debug\humpback.tests.dll" id="bffd13bd-a98a-7359-d86a-98f61a84657f">
      <Execution id="019c9e8f-0172-4c43-b136-9227b257263b" />
      <TestMethod codeBase="C:/Projects/Humpback/Humpback.Tests/bin/Debug/Humpback.Tests.DLL" adapterTypeName="Microsoft.VisualStudio.TestTools.TestTypes.Unit.UnitTestAdapter, Microsoft.VisualStudio.QualityTools.Tips.UnitTest.Adapter, Version=10.0.0.0, Culture=neutral, PublicKeyToken=b03f5f7f11d50a3a" className="Humpback.Tests.ConfigurationTest, Humpback.Tests, Version=1.0.0.0, Culture=neutral, PublicKeyToken=null" name="HelpModifierTest_RUN" />
    </UnitTest>
    <UnitTest name="GeneratorAddTable1Column" storage="c:\projects\humpback\humpback.tests\bin\debug\humpback.tests.dll" id="d24e533b-e361-fd8b-5f8c-9fe89753d6c0">
      <Execution id="a5c886af-6ce7-44ab-9d18-a1085ee2b81b" />
      <TestMethod codeBase="C:/Projects/Humpback/Humpback.Tests/bin/Debug/Humpback.Tests.DLL" adapterTypeName="Microsoft.VisualStudio.TestTools.TestTypes.Unit.UnitTestAdapter, Microsoft.VisualStudio.QualityTools.Tips.UnitTest.Adapter, Version=10.0.0.0, Culture=neutral, PublicKeyToken=b03f5f7f11d50a3a" className="Humpback.Tests.GeneratorTest, Humpback.Tests, Version=1.0.0.0, Culture=neutral, PublicKeyToken=null" name="GeneratorAddTable1Column" />
    </UnitTest>
    <UnitTest name="SqlFormatterAddIndexTest" storage="c:\projects\humpback\humpback.tests\bin\debug\humpback.tests.dll" id="c4268f76-efd3-124d-873f-390998bcba88">
      <Execution id="1799ce6e-4129-4b36-b369-f5149d61866e" />
      <TestMethod codeBase="C:/Projects/Humpback/Humpback.Tests/bin/Debug/Humpback.Tests.DLL" adapterTypeName="Microsoft.VisualStudio.TestTools.TestTypes.Unit.UnitTestAdapter, Microsoft.VisualStudio.QualityTools.Tips.UnitTest.Adapter, Version=10.0.0.0, Culture=neutral, PublicKeyToken=b03f5f7f11d50a3a" className="Humpback.Tests.SQLServerFormatterTest, Humpback.Tests, Version=1.0.0.0, Culture=neutral, PublicKeyToken=null" name="SqlFormatterAddIndexTest" />
    </UnitTest>
    <UnitTest name="BasicSqlTest2" storage="c:\projects\humpback\humpback.tests\bin\debug\humpback.tests.dll" id="a1158286-c9a0-d3c5-048f-b0851d3cf5b7">
      <Execution id="02a5e362-efc5-43c5-94eb-c889e98800ec" />
      <TestMethod codeBase="C:/Projects/Humpback/Humpback.Tests/bin/Debug/Humpback.Tests.DLL" adapterTypeName="Microsoft.VisualStudio.TestTools.TestTypes.Unit.UnitTestAdapter, Microsoft.VisualStudio.QualityTools.Tips.UnitTest.Adapter, Version=10.0.0.0, Culture=neutral, PublicKeyToken=b03f5f7f11d50a3a" className="Humpback.Tests.ConfigurationTest, Humpback.Tests, Version=1.0.0.0, Culture=neutral, PublicKeyToken=null" name="BasicSqlTest2" />
    </UnitTest>
    <UnitTest name="GeneratorAddReferenceColumnTest" storage="c:\projects\humpback\humpback.tests\bin\debug\humpback.tests.dll" id="eea9a346-9943-e3ff-416c-0311a8030615">
      <Execution id="24224b7c-2389-4ef0-9c4e-d2d6e36a3874" />
      <TestMethod codeBase="C:/Projects/Humpback/Humpback.Tests/bin/Debug/Humpback.Tests.DLL" adapterTypeName="Microsoft.VisualStudio.TestTools.TestTypes.Unit.UnitTestAdapter, Microsoft.VisualStudio.QualityTools.Tips.UnitTest.Adapter, Version=10.0.0.0, Culture=neutral, PublicKeyToken=b03f5f7f11d50a3a" className="Humpback.Tests.GeneratorTest, Humpback.Tests, Version=1.0.0.0, Culture=neutral, PublicKeyToken=null" name="GeneratorAddReferenceColumnTest" />
    </UnitTest>
    <UnitTest name="HelpModifierTest_Generate" storage="c:\projects\humpback\humpback.tests\bin\debug\humpback.tests.dll" id="90590812-d0cd-47d6-f358-c315d0722334">
      <Execution id="64fecaba-d874-4485-aba4-e1e9ab201de2" />
      <TestMethod codeBase="C:/Projects/Humpback/Humpback.Tests/bin/Debug/Humpback.Tests.DLL" adapterTypeName="Microsoft.VisualStudio.TestTools.TestTypes.Unit.UnitTestAdapter, Microsoft.VisualStudio.QualityTools.Tips.UnitTest.Adapter, Version=10.0.0.0, Culture=neutral, PublicKeyToken=b03f5f7f11d50a3a" className="Humpback.Tests.ConfigurationTest, Humpback.Tests, Version=1.0.0.0, Culture=neutral, PublicKeyToken=null" name="HelpModifierTest_Generate" />
    </UnitTest>
    <UnitTest name="HelpModifierTest_Sql" storage="c:\projects\humpback\humpback.tests\bin\debug\humpback.tests.dll" id="5e541083-8183-1e9e-0c99-d0d43511a838">
      <Execution id="f5963b7b-9ec4-4a8e-9178-3b54de2661c2" />
      <TestMethod codeBase="C:/Projects/Humpback/Humpback.Tests/bin/Debug/Humpback.Tests.DLL" adapterTypeName="Microsoft.VisualStudio.TestTools.TestTypes.Unit.UnitTestAdapter, Microsoft.VisualStudio.QualityTools.Tips.UnitTest.Adapter, Version=10.0.0.0, Culture=neutral, PublicKeyToken=b03f5f7f11d50a3a" className="Humpback.Tests.ConfigurationTest, Humpback.Tests, Version=1.0.0.0, Culture=neutral, PublicKeyToken=null" name="HelpModifierTest_Sql" />
    </UnitTest>
    <UnitTest name="GenerateTest_CreateTable" storage="c:\projects\humpback\humpback.tests\bin\debug\humpback.tests.dll" id="ada74037-4e7b-b673-a356-32752802c102">
      <Execution id="ccce9794-7dc3-49cf-9f2f-16ca79188aa6" />
      <TestMethod codeBase="C:/Projects/Humpback/Humpback.Tests/bin/Debug/Humpback.Tests.DLL" adapterTypeName="Microsoft.VisualStudio.TestTools.TestTypes.Unit.UnitTestAdapter, Microsoft.VisualStudio.QualityTools.Tips.UnitTest.Adapter, Version=10.0.0.0, Culture=neutral, PublicKeyToken=b03f5f7f11d50a3a" className="Humpback.Tests.ConfigurationTest, Humpback.Tests, Version=1.0.0.0, Culture=neutral, PublicKeyToken=null" name="GenerateTest_CreateTable" />
    </UnitTest>
    <UnitTest name="HelpTestDash" storage="c:\projects\humpback\humpback.tests\bin\debug\humpback.tests.dll" id="3aa6cae7-870d-5dc1-6dfc-f66069c5d485">
      <Execution id="06ae61c3-278d-439a-9bf2-1f66cbdd9ea2" />
      <TestMethod codeBase="C:/Projects/Humpback/Humpback.Tests/bin/Debug/Humpback.Tests.DLL" adapterTypeName="Microsoft.VisualStudio.TestTools.TestTypes.Unit.UnitTestAdapter, Microsoft.VisualStudio.QualityTools.Tips.UnitTest.Adapter, Version=10.0.0.0, Culture=neutral, PublicKeyToken=b03f5f7f11d50a3a" className="Humpback.Tests.ConfigurationTest, Humpback.Tests, Version=1.0.0.0, Culture=neutral, PublicKeyToken=null" name="HelpTestDash" />
    </UnitTest>
    <UnitTest name="HelpTest_h" storage="c:\projects\humpback\humpback.tests\bin\debug\humpback.tests.dll" id="0356bc7f-811f-e594-9294-69e99427592b">
      <Execution id="8f51fc4c-ffc8-41ae-91a9-a3574b04bd5a" />
      <TestMethod codeBase="C:/Projects/Humpback/Humpback.Tests/bin/Debug/Humpback.Tests.DLL" adapterTypeName="Microsoft.VisualStudio.TestTools.TestTypes.Unit.UnitTestAdapter, Microsoft.VisualStudio.QualityTools.Tips.UnitTest.Adapter, Version=10.0.0.0, Culture=neutral, PublicKeyToken=b03f5f7f11d50a3a" className="Humpback.Tests.ConfigurationTest, Humpback.Tests, Version=1.0.0.0, Culture=neutral, PublicKeyToken=null" name="HelpTest_h" />
    </UnitTest>
    <UnitTest name="GeneratorAddTableNoColumnsSpecified" storage="c:\projects\humpback\humpback.tests\bin\debug\humpback.tests.dll" id="e3d50d12-abab-4c5b-f710-5f3f1de8b01b">
      <Execution id="6ca04fe5-4605-4939-a2e6-f7fcd99b7ad8" />
      <TestMethod codeBase="C:/Projects/Humpback/Humpback.Tests/bin/Debug/Humpback.Tests.DLL" adapterTypeName="Microsoft.VisualStudio.TestTools.TestTypes.Unit.UnitTestAdapter, Microsoft.VisualStudio.QualityTools.Tips.UnitTest.Adapter, Version=10.0.0.0, Culture=neutral, PublicKeyToken=b03f5f7f11d50a3a" className="Humpback.Tests.GeneratorTest, Humpback.Tests, Version=1.0.0.0, Culture=neutral, PublicKeyToken=null" name="GeneratorAddTableNoColumnsSpecified" />
    </UnitTest>
    <UnitTest name="GeneratorAddSingleColumnTestDuplicateTo" storage="c:\projects\humpback\humpback.tests\bin\debug\humpback.tests.dll" id="90f97baa-3070-9016-3865-a65e9e00b567">
      <Execution id="b069548b-79af-4bb1-b19b-5ddc38ffd75c" />
      <TestMethod codeBase="C:/Projects/Humpback/Humpback.Tests/bin/Debug/Humpback.Tests.DLL" adapterTypeName="Microsoft.VisualStudio.TestTools.TestTypes.Unit.UnitTestAdapter, Microsoft.VisualStudio.QualityTools.Tips.UnitTest.Adapter, Version=10.0.0.0, Culture=neutral, PublicKeyToken=b03f5f7f11d50a3a" className="Humpback.Tests.GeneratorTest, Humpback.Tests, Version=1.0.0.0, Culture=neutral, PublicKeyToken=null" name="GeneratorAddSingleColumnTestDuplicateTo" />
    </UnitTest>
    <UnitTest name="ConfigurationConstructorTestNullConstructorParam" storage="c:\projects\humpback\humpback.tests\bin\debug\humpback.tests.dll" id="a48aa486-0eb9-1571-ae7a-ae83f5502512">
      <Execution id="415b9b30-dde5-4195-a6d2-97dcbc2a3953" />
      <TestMethod codeBase="C:/Projects/Humpback/Humpback.Tests/bin/Debug/Humpback.Tests.DLL" adapterTypeName="Microsoft.VisualStudio.TestTools.TestTypes.Unit.UnitTestAdapter, Microsoft.VisualStudio.QualityTools.Tips.UnitTest.Adapter, Version=10.0.0.0, Culture=neutral, PublicKeyToken=b03f5f7f11d50a3a" className="Humpback.Tests.ConfigurationTest, Humpback.Tests, Version=1.0.0.0, Culture=neutral, PublicKeyToken=null" name="ConfigurationConstructorTestNullConstructorParam" />
    </UnitTest>
    <UnitTest name="HelpModifierTest_L" storage="c:\projects\humpback\humpback.tests\bin\debug\humpback.tests.dll" id="70f03247-8a89-43a1-08ac-8bf7b89adba6">
      <Execution id="765d33e4-f065-430d-9447-cdcb1d715248" />
      <TestMethod codeBase="C:/Projects/Humpback/Humpback.Tests/bin/Debug/Humpback.Tests.DLL" adapterTypeName="Microsoft.VisualStudio.TestTools.TestTypes.Unit.UnitTestAdapter, Microsoft.VisualStudio.QualityTools.Tips.UnitTest.Adapter, Version=10.0.0.0, Culture=neutral, PublicKeyToken=b03f5f7f11d50a3a" className="Humpback.Tests.ConfigurationTest, Humpback.Tests, Version=1.0.0.0, Culture=neutral, PublicKeyToken=null" name="HelpModifierTest_L" />
    </UnitTest>
    <UnitTest name="EnvironmentTestRemove" storage="c:\projects\humpback\humpback.tests\bin\debug\humpback.tests.dll" id="b8b4c87a-5edf-cb32-37de-b42575b67aae">
      <Execution id="794fb4cb-a61a-4962-a668-49e6f016541d" />
      <TestMethod codeBase="C:/Projects/Humpback/Humpback.Tests/bin/Debug/Humpback.Tests.DLL" adapterTypeName="Microsoft.VisualStudio.TestTools.TestTypes.Unit.UnitTestAdapter, Microsoft.VisualStudio.QualityTools.Tips.UnitTest.Adapter, Version=10.0.0.0, Culture=neutral, PublicKeyToken=b03f5f7f11d50a3a" className="Humpback.Tests.ConfigurationTest, Humpback.Tests, Version=1.0.0.0, Culture=neutral, PublicKeyToken=null" name="EnvironmentTestRemove" />
    </UnitTest>
    <UnitTest name="GeneratorDropIndexTest" storage="c:\projects\humpback\humpback.tests\bin\debug\humpback.tests.dll" id="a32922e2-f1df-7982-29dc-57f3885bc9ec">
      <Execution id="a19b7faf-16b9-4317-8b6d-308b54d0ddca" />
      <TestMethod codeBase="C:/Projects/Humpback/Humpback.Tests/bin/Debug/Humpback.Tests.DLL" adapterTypeName="Microsoft.VisualStudio.TestTools.TestTypes.Unit.UnitTestAdapter, Microsoft.VisualStudio.QualityTools.Tips.UnitTest.Adapter, Version=10.0.0.0, Culture=neutral, PublicKeyToken=b03f5f7f11d50a3a" className="Humpback.Tests.GeneratorTest, Humpback.Tests, Version=1.0.0.0, Culture=neutral, PublicKeyToken=null" name="GeneratorDropIndexTest" />
    </UnitTest>
    <UnitTest name="GeneratorAddMultipleColumnTest" storage="c:\projects\humpback\humpback.tests\bin\debug\humpback.tests.dll" id="e3746a4e-3caf-94de-d5a9-64823fac0d7b">
      <Execution id="f037d618-9452-4758-8bf2-efc302a531c5" />
      <TestMethod codeBase="C:/Projects/Humpback/Humpback.Tests/bin/Debug/Humpback.Tests.DLL" adapterTypeName="Microsoft.VisualStudio.TestTools.TestTypes.Unit.UnitTestAdapter, Microsoft.VisualStudio.QualityTools.Tips.UnitTest.Adapter, Version=10.0.0.0, Culture=neutral, PublicKeyToken=b03f5f7f11d50a3a" className="Humpback.Tests.GeneratorTest, Humpback.Tests, Version=1.0.0.0, Culture=neutral, PublicKeyToken=null" name="GeneratorAddMultipleColumnTest" />
    </UnitTest>
    <UnitTest name="TestGeneratePlainSQLStringArray" storage="c:\projects\humpback\humpback.tests\bin\debug\humpback.tests.dll" id="67302ab4-5dc8-75b9-8b54-6f42f8cae66b">
      <Execution id="fdd470bc-b56a-4019-ad26-4b5ef2976d7f" />
      <TestMethod codeBase="C:/Projects/Humpback/Humpback.Tests/bin/Debug/Humpback.Tests.DLL" adapterTypeName="Microsoft.VisualStudio.TestTools.TestTypes.Unit.UnitTestAdapter, Microsoft.VisualStudio.QualityTools.Tips.UnitTest.Adapter, Version=10.0.0.0, Culture=neutral, PublicKeyToken=b03f5f7f11d50a3a" className="Humpback.Tests.SQLGeneratorTests, Humpback.Tests, Version=1.0.0.0, Culture=neutral, PublicKeyToken=null" name="TestGeneratePlainSQLStringArray" />
    </UnitTest>
    <UnitTest name="HelpModifierTest_List" storage="c:\projects\humpback\humpback.tests\bin\debug\humpback.tests.dll" id="dbcb9613-54a5-05d2-9009-31ab037ddbcd">
      <Execution id="ca8093d8-32c2-4aeb-8e7c-4e3d3f967271" />
      <TestMethod codeBase="C:/Projects/Humpback/Humpback.Tests/bin/Debug/Humpback.Tests.DLL" adapterTypeName="Microsoft.VisualStudio.TestTools.TestTypes.Unit.UnitTestAdapter, Microsoft.VisualStudio.QualityTools.Tips.UnitTest.Adapter, Version=10.0.0.0, Culture=neutral, PublicKeyToken=b03f5f7f11d50a3a" className="Humpback.Tests.ConfigurationTest, Humpback.Tests, Version=1.0.0.0, Culture=neutral, PublicKeyToken=null" name="HelpModifierTest_List" />
    </UnitTest>
    <UnitTest name="BasicSqlTest3" storage="c:\projects\humpback\humpback.tests\bin\debug\humpback.tests.dll" id="9efa9754-2bd6-6a4e-e57a-a525ac22479a">
      <Execution id="0b2e27b4-ab35-4306-b68f-ea632fc2a6d8" />
      <TestMethod codeBase="C:/Projects/Humpback/Humpback.Tests/bin/Debug/Humpback.Tests.DLL" adapterTypeName="Microsoft.VisualStudio.TestTools.TestTypes.Unit.UnitTestAdapter, Microsoft.VisualStudio.QualityTools.Tips.UnitTest.Adapter, Version=10.0.0.0, Culture=neutral, PublicKeyToken=b03f5f7f11d50a3a" className="Humpback.Tests.ConfigurationTest, Humpback.Tests, Version=1.0.0.0, Culture=neutral, PublicKeyToken=null" name="BasicSqlTest3" />
    </UnitTest>
    <UnitTest name="BasicGenerateTest" storage="c:\projects\humpback\humpback.tests\bin\debug\humpback.tests.dll" id="cc3c90a7-a6c8-747e-feb1-95a067a4287c">
      <Execution id="cf7a181e-cbef-47b3-832f-11da4a733777" />
      <TestMethod codeBase="C:/Projects/Humpback/Humpback.Tests/bin/Debug/Humpback.Tests.DLL" adapterTypeName="Microsoft.VisualStudio.TestTools.TestTypes.Unit.UnitTestAdapter, Microsoft.VisualStudio.QualityTools.Tips.UnitTest.Adapter, Version=10.0.0.0, Culture=neutral, PublicKeyToken=b03f5f7f11d50a3a" className="Humpback.Tests.ConfigurationTest, Humpback.Tests, Version=1.0.0.0, Culture=neutral, PublicKeyToken=null" name="BasicGenerateTest" />
    </UnitTest>
    <UnitTest name="SqlFormatterAddColumnTest" storage="c:\projects\humpback\humpback.tests\bin\debug\humpback.tests.dll" id="7b132a8e-2b56-7bd7-f605-35a2acab7b8e">
      <Execution id="bdc6d1fd-4ed3-41b4-9a60-2f68b4106187" />
      <TestMethod codeBase="C:/Projects/Humpback/Humpback.Tests/bin/Debug/Humpback.Tests.DLL" adapterTypeName="Microsoft.VisualStudio.TestTools.TestTypes.Unit.UnitTestAdapter, Microsoft.VisualStudio.QualityTools.Tips.UnitTest.Adapter, Version=10.0.0.0, Culture=neutral, PublicKeyToken=b03f5f7f11d50a3a" className="Humpback.Tests.SQLServerFormatterTest, Humpback.Tests, Version=1.0.0.0, Culture=neutral, PublicKeyToken=null" name="SqlFormatterAddColumnTest" />
    </UnitTest>
    <UnitTest name="EnvironmentTestAdd" storage="c:\projects\humpback\humpback.tests\bin\debug\humpback.tests.dll" id="b2badb01-a4d3-5bb4-c5c8-e59600e727e6">
      <Execution id="a6a1f15c-bf6d-4d4b-b10a-ca32c4beaf72" />
      <TestMethod codeBase="C:/Projects/Humpback/Humpback.Tests/bin/Debug/Humpback.Tests.DLL" adapterTypeName="Microsoft.VisualStudio.TestTools.TestTypes.Unit.UnitTestAdapter, Microsoft.VisualStudio.QualityTools.Tips.UnitTest.Adapter, Version=10.0.0.0, Culture=neutral, PublicKeyToken=b03f5f7f11d50a3a" className="Humpback.Tests.ConfigurationTest, Humpback.Tests, Version=1.0.0.0, Culture=neutral, PublicKeyToken=null" name="EnvironmentTestAdd" />
    </UnitTest>
    <UnitTest name="SqlFormatterAddTableReferenceTest" storage="c:\projects\humpback\humpback.tests\bin\debug\humpback.tests.dll" id="d9c6079b-83c7-f50c-b1b8-59be9fe5c717">
      <Execution id="c64373fb-881e-4855-bc75-0f48820f03be" />
      <TestMethod codeBase="C:/Projects/Humpback/Humpback.Tests/bin/Debug/Humpback.Tests.DLL" adapterTypeName="Microsoft.VisualStudio.TestTools.TestTypes.Unit.UnitTestAdapter, Microsoft.VisualStudio.QualityTools.Tips.UnitTest.Adapter, Version=10.0.0.0, Culture=neutral, PublicKeyToken=b03f5f7f11d50a3a" className="Humpback.Tests.SQLServerFormatterTest, Humpback.Tests, Version=1.0.0.0, Culture=neutral, PublicKeyToken=null" name="SqlFormatterAddTableReferenceTest" />
    </UnitTest>
    <UnitTest name="SqlFormatterDropTableTest" storage="c:\projects\humpback\humpback.tests\bin\debug\humpback.tests.dll" id="9a492a35-95c4-81bf-5741-83962893c6bd">
      <Execution id="90548a6c-4c4b-4fc5-9c8d-c6057a46ecf8" />
      <TestMethod codeBase="C:/Projects/Humpback/Humpback.Tests/bin/Debug/Humpback.Tests.DLL" adapterTypeName="Microsoft.VisualStudio.TestTools.TestTypes.Unit.UnitTestAdapter, Microsoft.VisualStudio.QualityTools.Tips.UnitTest.Adapter, Version=10.0.0.0, Culture=neutral, PublicKeyToken=b03f5f7f11d50a3a" className="Humpback.Tests.SQLServerFormatterTest, Humpback.Tests, Version=1.0.0.0, Culture=neutral, PublicKeyToken=null" name="SqlFormatterDropTableTest" />
    </UnitTest>
    <UnitTest name="TestForStringOnArray" storage="c:\projects\humpback\humpback.tests\bin\debug\humpback.tests.dll" id="8616b539-ff11-f5fa-cddc-12ec76c45a9e">
      <Execution id="b6f85b79-a145-4d4b-a87c-b677816e1389" />
      <TestMethod codeBase="C:/Projects/Humpback/Humpback.Tests/bin/Debug/Humpback.Tests.DLL" adapterTypeName="Microsoft.VisualStudio.TestTools.TestTypes.Unit.UnitTestAdapter, Microsoft.VisualStudio.QualityTools.Tips.UnitTest.Adapter, Version=10.0.0.0, Culture=neutral, PublicKeyToken=b03f5f7f11d50a3a" className="Humpback.Tests.DynamicTests, Humpback.Tests, Version=1.0.0.0, Culture=neutral, PublicKeyToken=null" name="TestForStringOnArray" />
    </UnitTest>
    <UnitTest name="GeneratorChangeMultipleColumnTest" storage="c:\projects\humpback\humpback.tests\bin\debug\humpback.tests.dll" id="ac0c20c0-6966-79b8-4b6c-7c633eb53e87">
      <Execution id="567ea79e-1b73-4d79-b2c9-bf6a4bb98a3f" />
      <TestMethod codeBase="C:/Projects/Humpback/Humpback.Tests/bin/Debug/Humpback.Tests.DLL" adapterTypeName="Microsoft.VisualStudio.TestTools.TestTypes.Unit.UnitTestAdapter, Microsoft.VisualStudio.QualityTools.Tips.UnitTest.Adapter, Version=10.0.0.0, Culture=neutral, PublicKeyToken=b03f5f7f11d50a3a" className="Humpback.Tests.GeneratorTest, Humpback.Tests, Version=1.0.0.0, Culture=neutral, PublicKeyToken=null" name="GeneratorChangeMultipleColumnTest" />
    </UnitTest>
    <UnitTest name="TestForArrayOnString" storage="c:\projects\humpback\humpback.tests\bin\debug\humpback.tests.dll" id="71dd6206-1db7-63ae-e0fc-471c5670527e">
      <Execution id="137d2531-591a-4283-809d-98ed4fcda18c" />
      <TestMethod codeBase="C:/Projects/Humpback/Humpback.Tests/bin/Debug/Humpback.Tests.DLL" adapterTypeName="Microsoft.VisualStudio.TestTools.TestTypes.Unit.UnitTestAdapter, Microsoft.VisualStudio.QualityTools.Tips.UnitTest.Adapter, Version=10.0.0.0, Culture=neutral, PublicKeyToken=b03f5f7f11d50a3a" className="Humpback.Tests.DynamicTests, Humpback.Tests, Version=1.0.0.0, Culture=neutral, PublicKeyToken=null" name="TestForArrayOnString" />
    </UnitTest>
    <UnitTest name="TestGeneratePlainSQLString" storage="c:\projects\humpback\humpback.tests\bin\debug\humpback.tests.dll" id="44f823e3-baf8-a2f1-8bcb-877df097c535">
      <Execution id="4aa8002d-faa9-45bc-b420-32cbf578c8bc" />
      <TestMethod codeBase="C:/Projects/Humpback/Humpback.Tests/bin/Debug/Humpback.Tests.DLL" adapterTypeName="Microsoft.VisualStudio.TestTools.TestTypes.Unit.UnitTestAdapter, Microsoft.VisualStudio.QualityTools.Tips.UnitTest.Adapter, Version=10.0.0.0, Culture=neutral, PublicKeyToken=b03f5f7f11d50a3a" className="Humpback.Tests.SQLGeneratorTests, Humpback.Tests, Version=1.0.0.0, Culture=neutral, PublicKeyToken=null" name="TestGeneratePlainSQLString" />
    </UnitTest>
    <UnitTest name="ConfigurationConstructorTestDefaultConstructor" storage="c:\projects\humpback\humpback.tests\bin\debug\humpback.tests.dll" id="561a8314-b780-173e-57e0-31e74c4df3cf">
      <Execution id="787d86bb-8a5a-4537-a9f6-086d060861d1" />
      <TestMethod codeBase="C:/Projects/Humpback/Humpback.Tests/bin/Debug/Humpback.Tests.DLL" adapterTypeName="Microsoft.VisualStudio.TestTools.TestTypes.Unit.UnitTestAdapter, Microsoft.VisualStudio.QualityTools.Tips.UnitTest.Adapter, Version=10.0.0.0, Culture=neutral, PublicKeyToken=b03f5f7f11d50a3a" className="Humpback.Tests.ConfigurationTest, Humpback.Tests, Version=1.0.0.0, Culture=neutral, PublicKeyToken=null" name="ConfigurationConstructorTestDefaultConstructor" />
    </UnitTest>
    <UnitTest name="SqlFormatterDropIndexTest" storage="c:\projects\humpback\humpback.tests\bin\debug\humpback.tests.dll" id="df1cc607-527c-2f80-18f8-81c729911b19">
      <Execution id="e4e6650d-8344-47dc-88ce-38b2082673c6" />
      <TestMethod codeBase="C:/Projects/Humpback/Humpback.Tests/bin/Debug/Humpback.Tests.DLL" adapterTypeName="Microsoft.VisualStudio.TestTools.TestTypes.Unit.UnitTestAdapter, Microsoft.VisualStudio.QualityTools.Tips.UnitTest.Adapter, Version=10.0.0.0, Culture=neutral, PublicKeyToken=b03f5f7f11d50a3a" className="Humpback.Tests.SQLServerFormatterTest, Humpback.Tests, Version=1.0.0.0, Culture=neutral, PublicKeyToken=null" name="SqlFormatterDropIndexTest" />
    </UnitTest>
    <UnitTest name="EnvironmentTestFlavor" storage="c:\projects\humpback\humpback.tests\bin\debug\humpback.tests.dll" id="e5422223-4a43-76a5-9333-72544862540e">
      <Execution id="257d8a77-c166-44e1-8ade-c3775148c215" />
      <TestMethod codeBase="C:/Projects/Humpback/Humpback.Tests/bin/Debug/Humpback.Tests.DLL" adapterTypeName="Microsoft.VisualStudio.TestTools.TestTypes.Unit.UnitTestAdapter, Microsoft.VisualStudio.QualityTools.Tips.UnitTest.Adapter, Version=10.0.0.0, Culture=neutral, PublicKeyToken=b03f5f7f11d50a3a" className="Humpback.Tests.ConfigurationTest, Humpback.Tests, Version=1.0.0.0, Culture=neutral, PublicKeyToken=null" name="EnvironmentTestFlavor" />
    </UnitTest>
    <UnitTest name="GeneratorAddTableMultipleColumn" storage="c:\projects\humpback\humpback.tests\bin\debug\humpback.tests.dll" id="7f896794-b7c7-3810-619d-60223efc527e">
      <Execution id="7fcbf2e9-46f4-495f-80e6-9f53969c1062" />
      <TestMethod codeBase="C:/Projects/Humpback/Humpback.Tests/bin/Debug/Humpback.Tests.DLL" adapterTypeName="Microsoft.VisualStudio.TestTools.TestTypes.Unit.UnitTestAdapter, Microsoft.VisualStudio.QualityTools.Tips.UnitTest.Adapter, Version=10.0.0.0, Culture=neutral, PublicKeyToken=b03f5f7f11d50a3a" className="Humpback.Tests.GeneratorTest, Humpback.Tests, Version=1.0.0.0, Culture=neutral, PublicKeyToken=null" name="GeneratorAddTableMultipleColumn" />
    </UnitTest>
    <UnitTest name="HelpModifierTest_S_and_Ensure_Run_Off" storage="c:\projects\humpback\humpback.tests\bin\debug\humpback.tests.dll" id="d36c404f-9cbf-9a72-0ca6-674693b7650a">
      <Execution id="26a8d788-c67d-4ba1-90be-4fe6bfff9720" />
      <TestMethod codeBase="C:/Projects/Humpback/Humpback.Tests/bin/Debug/Humpback.Tests.DLL" adapterTypeName="Microsoft.VisualStudio.TestTools.TestTypes.Unit.UnitTestAdapter, Microsoft.VisualStudio.QualityTools.Tips.UnitTest.Adapter, Version=10.0.0.0, Culture=neutral, PublicKeyToken=b03f5f7f11d50a3a" className="Humpback.Tests.ConfigurationTest, Humpback.Tests, Version=1.0.0.0, Culture=neutral, PublicKeyToken=null" name="HelpModifierTest_S_and_Ensure_Run_Off" />
    </UnitTest>
    <UnitTest name="GeneratorAddSingleColumnTest" storage="c:\projects\humpback\humpback.tests\bin\debug\humpback.tests.dll" id="f06f0d8c-2149-231d-5806-47e9c07d846e">
      <Execution id="d691e0ab-e1fa-428b-a305-e2a0347aa531" />
      <TestMethod codeBase="C:/Projects/Humpback/Humpback.Tests/bin/Debug/Humpback.Tests.DLL" adapterTypeName="Microsoft.VisualStudio.TestTools.TestTypes.Unit.UnitTestAdapter, Microsoft.VisualStudio.QualityTools.Tips.UnitTest.Adapter, Version=10.0.0.0, Culture=neutral, PublicKeyToken=b03f5f7f11d50a3a" className="Humpback.Tests.GeneratorTest, Humpback.Tests, Version=1.0.0.0, Culture=neutral, PublicKeyToken=null" name="GeneratorAddSingleColumnTest" />
    </UnitTest>
    <UnitTest name="SqlFormatterAddColumnReferenceTest" storage="c:\projects\humpback\humpback.tests\bin\debug\humpback.tests.dll" id="817536ec-3ac9-c694-54db-1da1a386b924">
      <Execution id="77bc6bde-eb17-487d-adbf-e1f82dd469b1" />
      <TestMethod codeBase="C:/Projects/Humpback/Humpback.Tests/bin/Debug/Humpback.Tests.DLL" adapterTypeName="Microsoft.VisualStudio.TestTools.TestTypes.Unit.UnitTestAdapter, Microsoft.VisualStudio.QualityTools.Tips.UnitTest.Adapter, Version=10.0.0.0, Culture=neutral, PublicKeyToken=b03f5f7f11d50a3a" className="Humpback.Tests.SQLServerFormatterTest, Humpback.Tests, Version=1.0.0.0, Culture=neutral, PublicKeyToken=null" name="SqlFormatterAddColumnReferenceTest" />
    </UnitTest>
    <UnitTest name="HelpModifierTest_G" storage="c:\projects\humpback\humpback.tests\bin\debug\humpback.tests.dll" id="311db638-4b68-3900-bf42-4b797187ac8a">
      <Execution id="32b7c5fa-87f2-4603-b87a-3de519874dda" />
      <TestMethod codeBase="C:/Projects/Humpback/Humpback.Tests/bin/Debug/Humpback.Tests.DLL" adapterTypeName="Microsoft.VisualStudio.TestTools.TestTypes.Unit.UnitTestAdapter, Microsoft.VisualStudio.QualityTools.Tips.UnitTest.Adapter, Version=10.0.0.0, Culture=neutral, PublicKeyToken=b03f5f7f11d50a3a" className="Humpback.Tests.ConfigurationTest, Humpback.Tests, Version=1.0.0.0, Culture=neutral, PublicKeyToken=null" name="HelpModifierTest_G" />
    </UnitTest>
    <UnitTest name="GeneratorRemoveColumn" storage="c:\projects\humpback\humpback.tests\bin\debug\humpback.tests.dll" id="e493e469-79fd-ce9c-3be1-757f4015d392">
      <Execution id="bf5c38c8-c3ab-48a6-8ebc-97318204ccda" />
      <TestMethod codeBase="C:/Projects/Humpback/Humpback.Tests/bin/Debug/Humpback.Tests.DLL" adapterTypeName="Microsoft.VisualStudio.TestTools.TestTypes.Unit.UnitTestAdapter, Microsoft.VisualStudio.QualityTools.Tips.UnitTest.Adapter, Version=10.0.0.0, Culture=neutral, PublicKeyToken=b03f5f7f11d50a3a" className="Humpback.Tests.GeneratorTest, Humpback.Tests, Version=1.0.0.0, Culture=neutral, PublicKeyToken=null" name="GeneratorRemoveColumn" />
    </UnitTest>
    <UnitTest name="GenerateTest" storage="c:\projects\humpback\humpback.tests\bin\debug\humpback.tests.dll" id="7eda8c0b-4083-4def-9614-a659eccc9620">
      <Execution id="3669ac92-96d6-465b-85c2-4a69e405bffe" />
      <TestMethod codeBase="C:/Projects/Humpback/Humpback.Tests/bin/Debug/Humpback.Tests.DLL" adapterTypeName="Microsoft.VisualStudio.TestTools.TestTypes.Unit.UnitTestAdapter, Microsoft.VisualStudio.QualityTools.Tips.UnitTest.Adapter, Version=10.0.0.0, Culture=neutral, PublicKeyToken=b03f5f7f11d50a3a" className="Humpback.Tests.ConfigurationTest, Humpback.Tests, Version=1.0.0.0, Culture=neutral, PublicKeyToken=null" name="GenerateTest" />
    </UnitTest>
    <UnitTest name="BasicGenerateErrorTest" storage="c:\projects\humpback\humpback.tests\bin\debug\humpback.tests.dll" id="bb1a840f-7c75-47b3-fb81-a8b38c6bbd4f">
      <Execution id="684dc62e-2ed6-400d-a401-6b00d810166b" />
      <TestMethod codeBase="C:/Projects/Humpback/Humpback.Tests/bin/Debug/Humpback.Tests.DLL" adapterTypeName="Microsoft.VisualStudio.TestTools.TestTypes.Unit.UnitTestAdapter, Microsoft.VisualStudio.QualityTools.Tips.UnitTest.Adapter, Version=10.0.0.0, Culture=neutral, PublicKeyToken=b03f5f7f11d50a3a" className="Humpback.Tests.ConfigurationTest, Humpback.Tests, Version=1.0.0.0, Culture=neutral, PublicKeyToken=null" name="BasicGenerateErrorTest" />
    </UnitTest>
    <UnitTest name="HelpModifierTest_R" storage="c:\projects\humpback\humpback.tests\bin\debug\humpback.tests.dll" id="289d24b8-7498-9a77-6aaf-02719bbf6dbf">
      <Execution id="d674bf8a-6340-4e16-b367-0eeb978b6ce3" />
      <TestMethod codeBase="C:/Projects/Humpback/Humpback.Tests/bin/Debug/Humpback.Tests.DLL" adapterTypeName="Microsoft.VisualStudio.TestTools.TestTypes.Unit.UnitTestAdapter, Microsoft.VisualStudio.QualityTools.Tips.UnitTest.Adapter, Version=10.0.0.0, Culture=neutral, PublicKeyToken=b03f5f7f11d50a3a" className="Humpback.Tests.ConfigurationTest, Humpback.Tests, Version=1.0.0.0, Culture=neutral, PublicKeyToken=null" name="HelpModifierTest_R" />
    </UnitTest>
    <UnitTest name="EnvironmentTestDir" storage="c:\projects\humpback\humpback.tests\bin\debug\humpback.tests.dll" id="4ec5d776-a082-2b7a-d6be-4f76f8d00f67">
      <Execution id="1da67dd7-a96e-40fb-95b4-c72d7720d8c9" />
      <TestMethod codeBase="C:/Projects/Humpback/Humpback.Tests/bin/Debug/Humpback.Tests.DLL" adapterTypeName="Microsoft.VisualStudio.TestTools.TestTypes.Unit.UnitTestAdapter, Microsoft.VisualStudio.QualityTools.Tips.UnitTest.Adapter, Version=10.0.0.0, Culture=neutral, PublicKeyToken=b03f5f7f11d50a3a" className="Humpback.Tests.ConfigurationTest, Humpback.Tests, Version=1.0.0.0, Culture=neutral, PublicKeyToken=null" name="EnvironmentTestDir" />
    </UnitTest>
    <UnitTest name="HelpModifierTest_Run" storage="c:\projects\humpback\humpback.tests\bin\debug\humpback.tests.dll" id="0bd60c8b-330c-58f9-5cd5-451e64e5064d">
      <Execution id="5e3790fe-9d34-4515-8ce0-40d27be22331" />
      <TestMethod codeBase="C:/Projects/Humpback/Humpback.Tests/bin/Debug/Humpback.Tests.DLL" adapterTypeName="Microsoft.VisualStudio.TestTools.TestTypes.Unit.UnitTestAdapter, Microsoft.VisualStudio.QualityTools.Tips.UnitTest.Adapter, Version=10.0.0.0, Culture=neutral, PublicKeyToken=b03f5f7f11d50a3a" className="Humpback.Tests.ConfigurationTest, Humpback.Tests, Version=1.0.0.0, Culture=neutral, PublicKeyToken=null" name="HelpModifierTest_Run" />
    </UnitTest>
    <UnitTest name="GenerateTest_ModifyTable" storage="c:\projects\humpback\humpback.tests\bin\debug\humpback.tests.dll" id="669bad0e-ab50-8768-3d79-24a420607811">
      <Execution id="9acbeb1f-979a-401f-b754-28637f271652" />
      <TestMethod codeBase="C:/Projects/Humpback/Humpback.Tests/bin/Debug/Humpback.Tests.DLL" adapterTypeName="Microsoft.VisualStudio.TestTools.TestTypes.Unit.UnitTestAdapter, Microsoft.VisualStudio.QualityTools.Tips.UnitTest.Adapter, Version=10.0.0.0, Culture=neutral, PublicKeyToken=b03f5f7f11d50a3a" className="Humpback.Tests.ConfigurationTest, Humpback.Tests, Version=1.0.0.0, Culture=neutral, PublicKeyToken=null" name="GenerateTest_ModifyTable" />
    </UnitTest>
    <UnitTest name="TestGeneratePlainSQLStringArrayDown" storage="c:\projects\humpback\humpback.tests\bin\debug\humpback.tests.dll" id="e2673458-a0dd-29e1-8ae8-ec51fe236682">
      <Execution id="6ff7fdfd-511d-4676-9e50-322115a5d080" />
      <TestMethod codeBase="C:/Projects/Humpback/Humpback.Tests/bin/Debug/Humpback.Tests.DLL" adapterTypeName="Microsoft.VisualStudio.TestTools.TestTypes.Unit.UnitTestAdapter, Microsoft.VisualStudio.QualityTools.Tips.UnitTest.Adapter, Version=10.0.0.0, Culture=neutral, PublicKeyToken=b03f5f7f11d50a3a" className="Humpback.Tests.SQLGeneratorTests, Humpback.Tests, Version=1.0.0.0, Culture=neutral, PublicKeyToken=null" name="TestGeneratePlainSQLStringArrayDown" />
    </UnitTest>
    <UnitTest name="SqlFormatterDrop2TableTest" storage="c:\projects\humpback\humpback.tests\bin\debug\humpback.tests.dll" id="53bdf8b3-0cb0-c5cc-f9bd-dc976049c613">
      <Execution id="06c8daff-5901-4c4b-9755-5c9824b7959d" />
      <TestMethod codeBase="C:/Projects/Humpback/Humpback.Tests/bin/Debug/Humpback.Tests.DLL" adapterTypeName="Microsoft.VisualStudio.TestTools.TestTypes.Unit.UnitTestAdapter, Microsoft.VisualStudio.QualityTools.Tips.UnitTest.Adapter, Version=10.0.0.0, Culture=neutral, PublicKeyToken=b03f5f7f11d50a3a" className="Humpback.Tests.SQLServerFormatterTest, Humpback.Tests, Version=1.0.0.0, Culture=neutral, PublicKeyToken=null" name="SqlFormatterDrop2TableTest" />
    </UnitTest>
    <UnitTest name="EnvironmentTestRename" storage="c:\projects\humpback\humpback.tests\bin\debug\humpback.tests.dll" id="1b8a7801-d82d-1746-889b-a337f48ed4dd">
      <Execution id="a324640b-eb17-4311-831d-aa830b4ce9ae" />
      <TestMethod codeBase="C:/Projects/Humpback/Humpback.Tests/bin/Debug/Humpback.Tests.DLL" adapterTypeName="Microsoft.VisualStudio.TestTools.TestTypes.Unit.UnitTestAdapter, Microsoft.VisualStudio.QualityTools.Tips.UnitTest.Adapter, Version=10.0.0.0, Culture=neutral, PublicKeyToken=b03f5f7f11d50a3a" className="Humpback.Tests.ConfigurationTest, Humpback.Tests, Version=1.0.0.0, Culture=neutral, PublicKeyToken=null" name="EnvironmentTestRename" />
    </UnitTest>
    <UnitTest name="BasicRunTest" storage="c:\projects\humpback\humpback.tests\bin\debug\humpback.tests.dll" id="6085e726-dd8d-693b-9aae-ed39953bc073">
      <Execution id="6fe9d5e1-cc3a-4d04-9a4c-9a19b4f77037" />
      <TestMethod codeBase="C:/Projects/Humpback/Humpback.Tests/bin/Debug/Humpback.Tests.DLL" adapterTypeName="Microsoft.VisualStudio.TestTools.TestTypes.Unit.UnitTestAdapter, Microsoft.VisualStudio.QualityTools.Tips.UnitTest.Adapter, Version=10.0.0.0, Culture=neutral, PublicKeyToken=b03f5f7f11d50a3a" className="Humpback.Tests.ConfigurationTest, Humpback.Tests, Version=1.0.0.0, Culture=neutral, PublicKeyToken=null" name="BasicRunTest" />
    </UnitTest>
    <UnitTest name="GeneratorAddIndexTest" storage="c:\projects\humpback\humpback.tests\bin\debug\humpback.tests.dll" id="82bd9517-f389-4445-1fce-8aa42a855b86">
      <Execution id="a6ac4011-3c39-4745-81f3-0cb116380b12" />
      <TestMethod codeBase="C:/Projects/Humpback/Humpback.Tests/bin/Debug/Humpback.Tests.DLL" adapterTypeName="Microsoft.VisualStudio.TestTools.TestTypes.Unit.UnitTestAdapter, Microsoft.VisualStudio.QualityTools.Tips.UnitTest.Adapter, Version=10.0.0.0, Culture=neutral, PublicKeyToken=b03f5f7f11d50a3a" className="Humpback.Tests.GeneratorTest, Humpback.Tests, Version=1.0.0.0, Culture=neutral, PublicKeyToken=null" name="GeneratorAddIndexTest" />
    </UnitTest>
    <UnitTest name="HelpTest_HELP" storage="c:\projects\humpback\humpback.tests\bin\debug\humpback.tests.dll" id="f7bb9a21-a4c3-3fc0-8813-25cea4ce6edc">
      <Execution id="595cc596-ce0e-42a4-b212-3b7135df9edf" />
      <TestMethod codeBase="C:/Projects/Humpback/Humpback.Tests/bin/Debug/Humpback.Tests.DLL" adapterTypeName="Microsoft.VisualStudio.TestTools.TestTypes.Unit.UnitTestAdapter, Microsoft.VisualStudio.QualityTools.Tips.UnitTest.Adapter, Version=10.0.0.0, Culture=neutral, PublicKeyToken=b03f5f7f11d50a3a" className="Humpback.Tests.ConfigurationTest, Humpback.Tests, Version=1.0.0.0, Culture=neutral, PublicKeyToken=null" name="HelpTest_HELP" />
    </UnitTest>
    <UnitTest name="GeneratorChangeSingleColumnTest" storage="c:\projects\humpback\humpback.tests\bin\debug\humpback.tests.dll" id="a97753fc-8cb0-87d5-3a02-f49b1a000a2a">
      <Execution id="87a74f9e-e511-4d71-9a82-16f1d25269c8" />
      <TestMethod codeBase="C:/Projects/Humpback/Humpback.Tests/bin/Debug/Humpback.Tests.DLL" adapterTypeName="Microsoft.VisualStudio.TestTools.TestTypes.Unit.UnitTestAdapter, Microsoft.VisualStudio.QualityTools.Tips.UnitTest.Adapter, Version=10.0.0.0, Culture=neutral, PublicKeyToken=b03f5f7f11d50a3a" className="Humpback.Tests.GeneratorTest, Humpback.Tests, Version=1.0.0.0, Culture=neutral, PublicKeyToken=null" name="GeneratorChangeSingleColumnTest" />
    </UnitTest>
    <UnitTest name="EnvironmentTestConnectionString" storage="c:\projects\humpback\humpback.tests\bin\debug\humpback.tests.dll" id="a5719ce4-6290-8d0e-bbaa-fb0f4cae04cb">
      <Execution id="d0f4269b-3377-45f1-88c7-c4335de95359" />
      <TestMethod codeBase="C:/Projects/Humpback/Humpback.Tests/bin/Debug/Humpback.Tests.DLL" adapterTypeName="Microsoft.VisualStudio.TestTools.TestTypes.Unit.UnitTestAdapter, Microsoft.VisualStudio.QualityTools.Tips.UnitTest.Adapter, Version=10.0.0.0, Culture=neutral, PublicKeyToken=b03f5f7f11d50a3a" className="Humpback.Tests.ConfigurationTest, Humpback.Tests, Version=1.0.0.0, Culture=neutral, PublicKeyToken=null" name="EnvironmentTestConnectionString" />
    </UnitTest>
  </TestDefinitions>
  <TestLists>
    <TestList name="Results Not in a List" id="8c84fa94-04c1-424b-9868-57a2d4851a1d" />
    <TestList name="All Loaded Results" id="19431567-8539-422a-85d7-44ee4e166bda" />
  </TestLists>
  <TestEntries>
    <TestEntry testId="e3d50d12-abab-4c5b-f710-5f3f1de8b01b" executionId="6ca04fe5-4605-4939-a2e6-f7fcd99b7ad8" testListId="8c84fa94-04c1-424b-9868-57a2d4851a1d" />
    <TestEntry testId="d24e533b-e361-fd8b-5f8c-9fe89753d6c0" executionId="a5c886af-6ce7-44ab-9d18-a1085ee2b81b" testListId="8c84fa94-04c1-424b-9868-57a2d4851a1d" />
    <TestEntry testId="7f896794-b7c7-3810-619d-60223efc527e" executionId="7fcbf2e9-46f4-495f-80e6-9f53969c1062" testListId="8c84fa94-04c1-424b-9868-57a2d4851a1d" />
    <TestEntry testId="058de0ad-729f-7726-204c-f9b6197ace80" executionId="e109b0b0-4a97-49a1-a983-25538d8a9834" testListId="8c84fa94-04c1-424b-9868-57a2d4851a1d" />
    <TestEntry testId="e493e469-79fd-ce9c-3be1-757f4015d392" executionId="bf5c38c8-c3ab-48a6-8ebc-97318204ccda" testListId="8c84fa94-04c1-424b-9868-57a2d4851a1d" />
    <TestEntry testId="f06f0d8c-2149-231d-5806-47e9c07d846e" executionId="d691e0ab-e1fa-428b-a305-e2a0347aa531" testListId="8c84fa94-04c1-424b-9868-57a2d4851a1d" />
    <TestEntry testId="b5bbd01e-9ce5-7737-6c5e-33b038bbfcef" executionId="64e46990-cd64-413c-a9e0-9e6b9443b6b5" testListId="8c84fa94-04c1-424b-9868-57a2d4851a1d" />
    <TestEntry testId="90f97baa-3070-9016-3865-a65e9e00b567" executionId="b069548b-79af-4bb1-b19b-5ddc38ffd75c" testListId="8c84fa94-04c1-424b-9868-57a2d4851a1d" />
    <TestEntry testId="e3746a4e-3caf-94de-d5a9-64823fac0d7b" executionId="f037d618-9452-4758-8bf2-efc302a531c5" testListId="8c84fa94-04c1-424b-9868-57a2d4851a1d" />
    <TestEntry testId="eea9a346-9943-e3ff-416c-0311a8030615" executionId="24224b7c-2389-4ef0-9c4e-d2d6e36a3874" testListId="8c84fa94-04c1-424b-9868-57a2d4851a1d" />
    <TestEntry testId="a97753fc-8cb0-87d5-3a02-f49b1a000a2a" executionId="87a74f9e-e511-4d71-9a82-16f1d25269c8" testListId="8c84fa94-04c1-424b-9868-57a2d4851a1d" />
    <TestEntry testId="ac0c20c0-6966-79b8-4b6c-7c633eb53e87" executionId="567ea79e-1b73-4d79-b2c9-bf6a4bb98a3f" testListId="8c84fa94-04c1-424b-9868-57a2d4851a1d" />
    <TestEntry testId="82bd9517-f389-4445-1fce-8aa42a855b86" executionId="a6ac4011-3c39-4745-81f3-0cb116380b12" testListId="8c84fa94-04c1-424b-9868-57a2d4851a1d" />
    <TestEntry testId="a32922e2-f1df-7982-29dc-57f3885bc9ec" executionId="a19b7faf-16b9-4317-8b6d-308b54d0ddca" testListId="8c84fa94-04c1-424b-9868-57a2d4851a1d" />
    <TestEntry testId="2a84bd86-8ca4-1eec-bb5f-cdc52d11f0ed" executionId="e61e2b1a-9ade-401b-8a82-a066b3ff9f48" testListId="8c84fa94-04c1-424b-9868-57a2d4851a1d" />
    <TestEntry testId="e7403101-b8a8-6884-112a-c39c176e3e12" executionId="fc4cc7d1-8fc1-4e28-9e97-ce978b7b7c54" testListId="8c84fa94-04c1-424b-9868-57a2d4851a1d" />
    <TestEntry testId="274b4467-35d6-4a34-11dc-f60e719c1a5c" executionId="cf4ea0fc-a341-4bc4-bff4-d0fd9bbbf74a" testListId="8c84fa94-04c1-424b-9868-57a2d4851a1d" />
    <TestEntry testId="932f94f6-db59-e4fb-db9c-4892e9feb731" executionId="f2b0c3dc-ff9c-4ea5-817f-2c13fe1b7bfb" testListId="8c84fa94-04c1-424b-9868-57a2d4851a1d" />
    <TestEntry testId="9a492a35-95c4-81bf-5741-83962893c6bd" executionId="90548a6c-4c4b-4fc5-9c8d-c6057a46ecf8" testListId="8c84fa94-04c1-424b-9868-57a2d4851a1d" />
    <TestEntry testId="53bdf8b3-0cb0-c5cc-f9bd-dc976049c613" executionId="06c8daff-5901-4c4b-9755-5c9824b7959d" testListId="8c84fa94-04c1-424b-9868-57a2d4851a1d" />
    <TestEntry testId="7b132a8e-2b56-7bd7-f605-35a2acab7b8e" executionId="bdc6d1fd-4ed3-41b4-9a60-2f68b4106187" testListId="8c84fa94-04c1-424b-9868-57a2d4851a1d" />
    <TestEntry testId="817536ec-3ac9-c694-54db-1da1a386b924" executionId="77bc6bde-eb17-487d-adbf-e1f82dd469b1" testListId="8c84fa94-04c1-424b-9868-57a2d4851a1d" />
    <TestEntry testId="d9c6079b-83c7-f50c-b1b8-59be9fe5c717" executionId="c64373fb-881e-4855-bc75-0f48820f03be" testListId="8c84fa94-04c1-424b-9868-57a2d4851a1d" />
    <TestEntry testId="a8a040ac-527d-a3e5-eb1e-6eb6f9128096" executionId="497318ae-ee46-4efc-a66d-067c0293d96c" testListId="8c84fa94-04c1-424b-9868-57a2d4851a1d" />
    <TestEntry testId="6fa915c5-6ab5-24c3-610a-84f83ee2d7ae" executionId="8875fc5d-6fb3-42a6-9b10-8a8bc6cb65c0" testListId="8c84fa94-04c1-424b-9868-57a2d4851a1d" />
    <TestEntry testId="c4268f76-efd3-124d-873f-390998bcba88" executionId="1799ce6e-4129-4b36-b369-f5149d61866e" testListId="8c84fa94-04c1-424b-9868-57a2d4851a1d" />
    <TestEntry testId="df1cc607-527c-2f80-18f8-81c729911b19" executionId="e4e6650d-8344-47dc-88ce-38b2082673c6" testListId="8c84fa94-04c1-424b-9868-57a2d4851a1d" />
    <TestEntry testId="44f823e3-baf8-a2f1-8bcb-877df097c535" executionId="4aa8002d-faa9-45bc-b420-32cbf578c8bc" testListId="8c84fa94-04c1-424b-9868-57a2d4851a1d" />
    <TestEntry testId="67302ab4-5dc8-75b9-8b54-6f42f8cae66b" executionId="fdd470bc-b56a-4019-ad26-4b5ef2976d7f" testListId="8c84fa94-04c1-424b-9868-57a2d4851a1d" />
    <TestEntry testId="f2fd06d6-bc32-5afa-9fd6-c66d5415c515" executionId="9c75f717-c7ce-4dce-9822-960aecc355f4" testListId="8c84fa94-04c1-424b-9868-57a2d4851a1d" />
    <TestEntry testId="e2673458-a0dd-29e1-8ae8-ec51fe236682" executionId="6ff7fdfd-511d-4676-9e50-322115a5d080" testListId="8c84fa94-04c1-424b-9868-57a2d4851a1d" />
    <TestEntry testId="08b5b9c9-6f47-d78c-ccbb-c81dcaf801d4" executionId="b391461a-927a-464f-9d9c-b6614156560b" testListId="8c84fa94-04c1-424b-9868-57a2d4851a1d" />
    <TestEntry testId="71dd6206-1db7-63ae-e0fc-471c5670527e" executionId="137d2531-591a-4283-809d-98ed4fcda18c" testListId="8c84fa94-04c1-424b-9868-57a2d4851a1d" />
    <TestEntry testId="d5cc0cd9-833d-a38d-dcfc-767927d698f4" executionId="b5ec77ad-a9df-4217-a268-5587623207e0" testListId="8c84fa94-04c1-424b-9868-57a2d4851a1d" />
    <TestEntry testId="8616b539-ff11-f5fa-cddc-12ec76c45a9e" executionId="b6f85b79-a145-4d4b-a87c-b677816e1389" testListId="8c84fa94-04c1-424b-9868-57a2d4851a1d" />
    <TestEntry testId="20d19967-444e-dc24-b335-97edc08b5909" executionId="52fd016d-4d84-48fc-8db9-84d24172e2a1" testListId="8c84fa94-04c1-424b-9868-57a2d4851a1d" />
    <TestEntry testId="a48aa486-0eb9-1571-ae7a-ae83f5502512" executionId="415b9b30-dde5-4195-a6d2-97dcbc2a3953" testListId="8c84fa94-04c1-424b-9868-57a2d4851a1d" />
    <TestEntry testId="561a8314-b780-173e-57e0-31e74c4df3cf" executionId="787d86bb-8a5a-4537-a9f6-086d060861d1" testListId="8c84fa94-04c1-424b-9868-57a2d4851a1d" />
    <TestEntry testId="3aa6cae7-870d-5dc1-6dfc-f66069c5d485" executionId="06ae61c3-278d-439a-9bf2-1f66cbdd9ea2" testListId="8c84fa94-04c1-424b-9868-57a2d4851a1d" />
    <TestEntry testId="0356bc7f-811f-e594-9294-69e99427592b" executionId="8f51fc4c-ffc8-41ae-91a9-a3574b04bd5a" testListId="8c84fa94-04c1-424b-9868-57a2d4851a1d" />
    <TestEntry testId="92dbc9fd-8625-52e9-87e0-f4f933c33d3e" executionId="ff5806d8-0fa2-401f-a6c4-d2a7345b31c8" testListId="8c84fa94-04c1-424b-9868-57a2d4851a1d" />
    <TestEntry testId="f7bb9a21-a4c3-3fc0-8813-25cea4ce6edc" executionId="595cc596-ce0e-42a4-b212-3b7135df9edf" testListId="8c84fa94-04c1-424b-9868-57a2d4851a1d" />
    <TestEntry testId="156e597f-0b1d-a2d7-359e-abcce95cc492" executionId="296cc002-9879-483e-8718-c5ab3037c3b6" testListId="8c84fa94-04c1-424b-9868-57a2d4851a1d" />
    <TestEntry testId="0bd60c8b-330c-58f9-5cd5-451e64e5064d" executionId="5e3790fe-9d34-4515-8ce0-40d27be22331" testListId="8c84fa94-04c1-424b-9868-57a2d4851a1d" />
    <TestEntry testId="bffd13bd-a98a-7359-d86a-98f61a84657f" executionId="019c9e8f-0172-4c43-b136-9227b257263b" testListId="8c84fa94-04c1-424b-9868-57a2d4851a1d" />
    <TestEntry testId="dbcb9613-54a5-05d2-9009-31ab037ddbcd" executionId="ca8093d8-32c2-4aeb-8e7c-4e3d3f967271" testListId="8c84fa94-04c1-424b-9868-57a2d4851a1d" />
    <TestEntry testId="90590812-d0cd-47d6-f358-c315d0722334" executionId="64fecaba-d874-4485-aba4-e1e9ab201de2" testListId="8c84fa94-04c1-424b-9868-57a2d4851a1d" />
    <TestEntry testId="5e541083-8183-1e9e-0c99-d0d43511a838" executionId="f5963b7b-9ec4-4a8e-9178-3b54de2661c2" testListId="8c84fa94-04c1-424b-9868-57a2d4851a1d" />
    <TestEntry testId="289d24b8-7498-9a77-6aaf-02719bbf6dbf" executionId="d674bf8a-6340-4e16-b367-0eeb978b6ce3" testListId="8c84fa94-04c1-424b-9868-57a2d4851a1d" />
    <TestEntry testId="70f03247-8a89-43a1-08ac-8bf7b89adba6" executionId="765d33e4-f065-430d-9447-cdcb1d715248" testListId="8c84fa94-04c1-424b-9868-57a2d4851a1d" />
    <TestEntry testId="311db638-4b68-3900-bf42-4b797187ac8a" executionId="32b7c5fa-87f2-4603-b87a-3de519874dda" testListId="8c84fa94-04c1-424b-9868-57a2d4851a1d" />
    <TestEntry testId="d36c404f-9cbf-9a72-0ca6-674693b7650a" executionId="26a8d788-c67d-4ba1-90be-4fe6bfff9720" testListId="8c84fa94-04c1-424b-9868-57a2d4851a1d" />
    <TestEntry testId="977522ec-36ab-7467-e984-16e06673af6f" executionId="586a1f73-6896-437a-8ddc-33b5cc01f3a5" testListId="8c84fa94-04c1-424b-9868-57a2d4851a1d" />
    <TestEntry testId="a1158286-c9a0-d3c5-048f-b0851d3cf5b7" executionId="02a5e362-efc5-43c5-94eb-c889e98800ec" testListId="8c84fa94-04c1-424b-9868-57a2d4851a1d" />
    <TestEntry testId="9efa9754-2bd6-6a4e-e57a-a525ac22479a" executionId="0b2e27b4-ab35-4306-b68f-ea632fc2a6d8" testListId="8c84fa94-04c1-424b-9868-57a2d4851a1d" />
    <TestEntry testId="bb1a840f-7c75-47b3-fb81-a8b38c6bbd4f" executionId="684dc62e-2ed6-400d-a401-6b00d810166b" testListId="8c84fa94-04c1-424b-9868-57a2d4851a1d" />
    <TestEntry testId="cc3c90a7-a6c8-747e-feb1-95a067a4287c" executionId="cf7a181e-cbef-47b3-832f-11da4a733777" testListId="8c84fa94-04c1-424b-9868-57a2d4851a1d" />
    <TestEntry testId="7eda8c0b-4083-4def-9614-a659eccc9620" executionId="3669ac92-96d6-465b-85c2-4a69e405bffe" testListId="8c84fa94-04c1-424b-9868-57a2d4851a1d" />
    <TestEntry testId="ada74037-4e7b-b673-a356-32752802c102" executionId="ccce9794-7dc3-49cf-9f2f-16ca79188aa6" testListId="8c84fa94-04c1-424b-9868-57a2d4851a1d" />
    <TestEntry testId="669bad0e-ab50-8768-3d79-24a420607811" executionId="9acbeb1f-979a-401f-b754-28637f271652" testListId="8c84fa94-04c1-424b-9868-57a2d4851a1d" />
    <TestEntry testId="16f64c72-025c-ebb3-6b93-684532a9fa63" executionId="28973b63-df23-4885-8504-30322eebe595" testListId="8c84fa94-04c1-424b-9868-57a2d4851a1d" />
    <TestEntry testId="6085e726-dd8d-693b-9aae-ed39953bc073" executionId="6fe9d5e1-cc3a-4d04-9a4c-9a19b4f77037" testListId="8c84fa94-04c1-424b-9868-57a2d4851a1d" />
    <TestEntry testId="04f82181-a0a0-268d-8961-6593b0283527" executionId="46b195d4-6d6f-451c-b20b-4af79dd14224" testListId="8c84fa94-04c1-424b-9868-57a2d4851a1d" />
    <TestEntry testId="80d6448f-0f06-5c6f-9efd-c6199e7a4680" executionId="6fae8097-6685-47e2-aa5a-4ef655201153" testListId="8c84fa94-04c1-424b-9868-57a2d4851a1d" />
    <TestEntry testId="b2badb01-a4d3-5bb4-c5c8-e59600e727e6" executionId="a6a1f15c-bf6d-4d4b-b10a-ca32c4beaf72" testListId="8c84fa94-04c1-424b-9868-57a2d4851a1d" />
    <TestEntry testId="b8b4c87a-5edf-cb32-37de-b42575b67aae" executionId="794fb4cb-a61a-4962-a668-49e6f016541d" testListId="8c84fa94-04c1-424b-9868-57a2d4851a1d" />
    <TestEntry testId="1b8a7801-d82d-1746-889b-a337f48ed4dd" executionId="a324640b-eb17-4311-831d-aa830b4ce9ae" testListId="8c84fa94-04c1-424b-9868-57a2d4851a1d" />
    <TestEntry testId="4ec5d776-a082-2b7a-d6be-4f76f8d00f67" executionId="1da67dd7-a96e-40fb-95b4-c72d7720d8c9" testListId="8c84fa94-04c1-424b-9868-57a2d4851a1d" />
    <TestEntry testId="a5719ce4-6290-8d0e-bbaa-fb0f4cae04cb" executionId="d0f4269b-3377-45f1-88c7-c4335de95359" testListId="8c84fa94-04c1-424b-9868-57a2d4851a1d" />
    <TestEntry testId="e5422223-4a43-76a5-9333-72544862540e" executionId="257d8a77-c166-44e1-8ade-c3775148c215" testListId="8c84fa94-04c1-424b-9868-57a2d4851a1d" />
  </TestEntries>
  <Results>
    <UnitTestResult executionId="6ca04fe5-4605-4939-a2e6-f7fcd99b7ad8" testId="e3d50d12-abab-4c5b-f710-5f3f1de8b01b" testName="GeneratorAddTableNoColumnsSpecified" computerName="CUCAMONGA" duration="00:00:00.4427721" startTime="2011-08-17T17:15:19.6539765-07:00" endTime="2011-08-17T17:15:22.2681260-07:00" testType="13cdc9d9-ddb5-4fa4-a97d-d965ccfc6d4b" outcome="Passed" testListId="8c84fa94-04c1-424b-9868-57a2d4851a1d" relativeResultsDirectory="6ca04fe5-4605-4939-a2e6-f7fcd99b7ad8">
      <Output>
        <StdOut>C:\Projects\Humpback\TestResults\Administrator_CUCAMONGA 2011-08-17 17_15_17\Out\db\migrations\20110818001522_AddTable_Users.js
Generating Migration AddTable_Users
{
	"up":{
		"create_table":{
			"name":"Users",
			"timestamps":true,
			"columns":[{
			"name":"column_name_here","type":"string"}]
		}
	},
	"down":{
		"drop_table":"Users"}}</StdOut>
      </Output>
    </UnitTestResult>
    <UnitTestResult executionId="a5c886af-6ce7-44ab-9d18-a1085ee2b81b" testId="d24e533b-e361-fd8b-5f8c-9fe89753d6c0" testName="GeneratorAddTable1Column" computerName="CUCAMONGA" duration="00:00:00.0009498" startTime="2011-08-17T17:15:22.2731263-07:00" endTime="2011-08-17T17:15:22.2781266-07:00" testType="13cdc9d9-ddb5-4fa4-a97d-d965ccfc6d4b" outcome="Passed" testListId="8c84fa94-04c1-424b-9868-57a2d4851a1d" relativeResultsDirectory="a5c886af-6ce7-44ab-9d18-a1085ee2b81b">
      <Output>
        <StdOut>C:\Projects\Humpback\TestResults\Administrator_CUCAMONGA 2011-08-17 17_15_17\Out\db\migrations\20110818001522_AddTable_Users.js
Generating Migration AddTable_Users
{
	"up":{
		"create_table":{
			"name":"Users",
			"timestamps":true,
			"columns":[{
			"name":"first_name","type":"string"}]
		}
	},
	"down":{
		"drop_table":"Users"}}</StdOut>
      </Output>
    </UnitTestResult>
    <UnitTestResult executionId="7fcbf2e9-46f4-495f-80e6-9f53969c1062" testId="7f896794-b7c7-3810-619d-60223efc527e" testName="GeneratorAddTableMultipleColumn" computerName="CUCAMONGA" duration="00:00:00.0007608" startTime="2011-08-17T17:15:22.2831268-07:00" endTime="2011-08-17T17:15:22.2881271-07:00" testType="13cdc9d9-ddb5-4fa4-a97d-d965ccfc6d4b" outcome="Passed" testListId="8c84fa94-04c1-424b-9868-57a2d4851a1d" relativeResultsDirectory="7fcbf2e9-46f4-495f-80e6-9f53969c1062">
      <Output>
        <StdOut>C:\Projects\Humpback\TestResults\Administrator_CUCAMONGA 2011-08-17 17_15_17\Out\db\migrations\20110818001522_AddTable_Users.js
Generating Migration AddTable_Users
{
	"up":{
		"create_table":{
			"name":"Users",
			"timestamps":true,
			"columns":[{
			"name":"first_name","type":"string"},{
			"name":"last_name","type":"string"}]
		}
	},
	"down":{
		"drop_table":"Users"}}</StdOut>
      </Output>
    </UnitTestResult>
    <UnitTestResult executionId="e109b0b0-4a97-49a1-a983-25538d8a9834" testId="058de0ad-729f-7726-204c-f9b6197ace80" testName="GeneratorDropTable" computerName="CUCAMONGA" duration="00:00:00.0057354" startTime="2011-08-17T17:15:22.2931274-07:00" endTime="2011-08-17T17:15:22.3031280-07:00" testType="13cdc9d9-ddb5-4fa4-a97d-d965ccfc6d4b" outcome="Passed" testListId="8c84fa94-04c1-424b-9868-57a2d4851a1d" relativeResultsDirectory="e109b0b0-4a97-49a1-a983-25538d8a9834">
      <Output>
        <StdOut>C:\Projects\Humpback\TestResults\Administrator_CUCAMONGA 2011-08-17 17_15_17\Out\db\migrations\20110818001522_DropTable_Users.js
Generating Migration DropTable_Users
{
	"up":{
		"drop_table":"Users"}}</StdOut>
      </Output>
    </UnitTestResult>
    <UnitTestResult executionId="bf5c38c8-c3ab-48a6-8ebc-97318204ccda" testId="e493e469-79fd-ce9c-3be1-757f4015d392" testName="GeneratorRemoveColumn" computerName="CUCAMONGA" duration="00:00:00.0048950" startTime="2011-08-17T17:15:22.3071282-07:00" endTime="2011-08-17T17:15:22.3161287-07:00" testType="13cdc9d9-ddb5-4fa4-a97d-d965ccfc6d4b" outcome="Passed" testListId="8c84fa94-04c1-424b-9868-57a2d4851a1d" relativeResultsDirectory="bf5c38c8-c3ab-48a6-8ebc-97318204ccda">
      <Output>
        <StdOut>C:\Projects\Humpback\TestResults\Administrator_CUCAMONGA 2011-08-17 17_15_17\Out\db\migrations\20110818001522_RemoveColumn_Users_first_name.js
Generating Migration RemoveColumn_Users_first_name
{
	"up":{
		"remove_column":{
			"table":"Users",
			"column":"first_name"}}}</StdOut>
      </Output>
    </UnitTestResult>
    <UnitTestResult executionId="d691e0ab-e1fa-428b-a305-e2a0347aa531" testId="f06f0d8c-2149-231d-5806-47e9c07d846e" testName="GeneratorAddSingleColumnTest" computerName="CUCAMONGA" duration="00:00:00.0164869" startTime="2011-08-17T17:15:22.3211290-07:00" endTime="2011-08-17T17:15:22.3421302-07:00" testType="13cdc9d9-ddb5-4fa4-a97d-d965ccfc6d4b" outcome="Passed" testListId="8c84fa94-04c1-424b-9868-57a2d4851a1d" relativeResultsDirectory="d691e0ab-e1fa-428b-a305-e2a0347aa531">
      <Output>
        <StdOut>C:\Projects\Humpback\TestResults\Administrator_CUCAMONGA 2011-08-17 17_15_17\Out\db\migrations\20110818001522_AddColumn_Users_first_name.js
Generating Migration AddColumn_Users_first_name
{
	"up":{
		"add_column":{
			"table":"Users",
			"columns":[{
			"name":"first_name","type":"string"}]
		}
	},
	"down":{
		"remove_column":{
			"table":"Users",
			"column":"first_name"}}}</StdOut>
      </Output>
    </UnitTestResult>
    <UnitTestResult executionId="64e46990-cd64-413c-a9e0-9e6b9443b6b5" testId="b5bbd01e-9ce5-7737-6c5e-33b038bbfcef" testName="GeneratorAddSingleColumnTest_Escaped_To" computerName="CUCAMONGA" duration="00:00:00.0007171" startTime="2011-08-17T17:15:22.3471305-07:00" endTime="2011-08-17T17:15:22.3521308-07:00" testType="13cdc9d9-ddb5-4fa4-a97d-d965ccfc6d4b" outcome="Passed" testListId="8c84fa94-04c1-424b-9868-57a2d4851a1d" relativeResultsDirectory="64e46990-cd64-413c-a9e0-9e6b9443b6b5">
      <Output>
        <StdOut>C:\Projects\Humpback\TestResults\Administrator_CUCAMONGA 2011-08-17 17_15_17\Out\db\migrations\20110818001522_AddColumn_Users_customer_name.js
Generating Migration AddColumn_Users_customer_name
{
	"up":{
		"add_column":{
			"table":"Users",
			"columns":[{
			"name":"customer_name","type":"string"}]
		}
	},
	"down":{
		"remove_column":{
			"table":"Users",
			"column":"customer_name"}}}</StdOut>
      </Output>
    </UnitTestResult>
    <UnitTestResult executionId="b069548b-79af-4bb1-b19b-5ddc38ffd75c" testId="90f97baa-3070-9016-3865-a65e9e00b567" testName="GeneratorAddSingleColumnTestDuplicateTo" computerName="CUCAMONGA" duration="00:00:00.0005186" startTime="2011-08-17T17:15:22.3571311-07:00" endTime="2011-08-17T17:15:22.3621314-07:00" testType="13cdc9d9-ddb5-4fa4-a97d-d965ccfc6d4b" outcome="Passed" testListId="8c84fa94-04c1-424b-9868-57a2d4851a1d" relativeResultsDirectory="b069548b-79af-4bb1-b19b-5ddc38ffd75c">
      <Output>
        <StdOut>Humpback is trying to help you.
You Are attempting to add a column to a table, but the letters 'TO' occur in the column name or the table name
You need to use _TO_ with underscores to explicitly specify which to to split the column and table names
For instance AddCustomerName_TO_Orders
Migration NOT Created</StdOut>
      </Output>
    </UnitTestResult>
    <UnitTestResult executionId="f037d618-9452-4758-8bf2-efc302a531c5" testId="e3746a4e-3caf-94de-d5a9-64823fac0d7b" testName="GeneratorAddMultipleColumnTest" computerName="CUCAMONGA" duration="00:00:00.0007695" startTime="2011-08-17T17:15:22.3671316-07:00" endTime="2011-08-17T17:15:22.3721319-07:00" testType="13cdc9d9-ddb5-4fa4-a97d-d965ccfc6d4b" outcome="Passed" testListId="8c84fa94-04c1-424b-9868-57a2d4851a1d" relativeResultsDirectory="f037d618-9452-4758-8bf2-efc302a531c5">
      <Output>
        <StdOut>C:\Projects\Humpback\TestResults\Administrator_CUCAMONGA 2011-08-17 17_15_17\Out\db\migrations\20110818001522_AddColumn_Users_first_name.js
Generating Migration AddColumn_Users_first_name
{
	"up":{
		"add_column":{
			"table":"Users",
			"columns":[{
			"name":"first_name","type":"string"},{
			"name":"last_name","type":"string"}]
		}
	},
	"down":{
		"remove_column":{
			"table":"Users",
			"column":"first_name"}}}</StdOut>
      </Output>
    </UnitTestResult>
    <UnitTestResult executionId="24224b7c-2389-4ef0-9c4e-d2d6e36a3874" testId="eea9a346-9943-e3ff-416c-0311a8030615" testName="GeneratorAddReferenceColumnTest" computerName="CUCAMONGA" duration="00:00:00.0007344" startTime="2011-08-17T17:15:22.3771322-07:00" endTime="2011-08-17T17:15:22.3821325-07:00" testType="13cdc9d9-ddb5-4fa4-a97d-d965ccfc6d4b" outcome="Passed" testListId="8c84fa94-04c1-424b-9868-57a2d4851a1d" relativeResultsDirectory="24224b7c-2389-4ef0-9c4e-d2d6e36a3874">
      <Output>
        <StdOut>C:\Projects\Humpback\TestResults\Administrator_CUCAMONGA 2011-08-17 17_15_17\Out\db\migrations\20110818001522_AddColumn_Orders_UserId.js
Generating Migration AddColumn_Orders_UserId
{
	"up":{
		"add_column":{
			"table":"Orders",
			"columns":[{
			"name":"User","type":"reference"}]
		}
	},
	"down":{
		"remove_column":{
			"table":"Orders",
			"column":"UserId"}}}</StdOut>
      </Output>
    </UnitTestResult>
    <UnitTestResult executionId="87a74f9e-e511-4d71-9a82-16f1d25269c8" testId="a97753fc-8cb0-87d5-3a02-f49b1a000a2a" testName="GeneratorChangeSingleColumnTest" computerName="CUCAMONGA" duration="00:00:00.0052727" startTime="2011-08-17T17:15:22.3861327-07:00" endTime="2011-08-17T17:15:22.3961333-07:00" testType="13cdc9d9-ddb5-4fa4-a97d-d965ccfc6d4b" outcome="Passed" testListId="8c84fa94-04c1-424b-9868-57a2d4851a1d" relativeResultsDirectory="87a74f9e-e511-4d71-9a82-16f1d25269c8">
      <Output>
        <StdOut>C:\Projects\Humpback\TestResults\Administrator_CUCAMONGA 2011-08-17 17_15_17\Out\db\migrations\20110818001522_ChangeColumn_ChangeUsers.js
Generating Migration ChangeColumn_ChangeUsers
{
	"up":{"change_column":{
			"name":"ChangeUsers",
			"columns":[{
			"name":"first_name","type":"string"}]
		}
	},
	"down":{"change_column":{
			"name":"ChangeUsers",
			"columns":[{
			"name":"first_name","type":"string"}]}}}</StdOut>
      </Output>
    </UnitTestResult>
    <UnitTestResult executionId="567ea79e-1b73-4d79-b2c9-bf6a4bb98a3f" testId="ac0c20c0-6966-79b8-4b6c-7c633eb53e87" testName="GeneratorChangeMultipleColumnTest" computerName="CUCAMONGA" duration="00:00:00.0008006" startTime="2011-08-17T17:15:22.4001335-07:00" endTime="2011-08-17T17:15:22.4051338-07:00" testType="13cdc9d9-ddb5-4fa4-a97d-d965ccfc6d4b" outcome="Passed" testListId="8c84fa94-04c1-424b-9868-57a2d4851a1d" relativeResultsDirectory="567ea79e-1b73-4d79-b2c9-bf6a4bb98a3f">
      <Output>
        <StdOut>C:\Projects\Humpback\TestResults\Administrator_CUCAMONGA 2011-08-17 17_15_17\Out\db\migrations\20110818001522_ChangeColumn_ChangeUsers.js
Generating Migration ChangeColumn_ChangeUsers
{
	"up":{"change_column":{
			"name":"ChangeUsers",
			"columns":[{
			"name":"first_name","type":"string"},{
			"name":"last_name","type":"string"}]
		}
	},
	"down":{"change_column":{
			"name":"ChangeUsers",
			"columns":[{
			"name":"first_name","type":"string"},{
			"name":"last_name","type":"string"}]}}}</StdOut>
      </Output>
    </UnitTestResult>
    <UnitTestResult executionId="a6ac4011-3c39-4745-81f3-0cb116380b12" testId="82bd9517-f389-4445-1fce-8aa42a855b86" testName="GeneratorAddIndexTest" computerName="CUCAMONGA" duration="00:00:00.0058752" startTime="2011-08-17T17:15:22.4101341-07:00" endTime="2011-08-17T17:15:22.4201347-07:00" testType="13cdc9d9-ddb5-4fa4-a97d-d965ccfc6d4b" outcome="Passed" testListId="8c84fa94-04c1-424b-9868-57a2d4851a1d" relativeResultsDirectory="a6ac4011-3c39-4745-81f3-0cb116380b12">
      <Output>
        <StdOut>C:\Projects\Humpback\TestResults\Administrator_CUCAMONGA 2011-08-17 17_15_17\Out\db\migrations\20110818001522_AddIndex_Users_first_name_last_name.js
Generating Migration AddIndex_Users_first_name_last_name
{
	"up":{
		"add_index":{
			"table_name":"Users",
			"columns":["first_name","last_name"]}}}</StdOut>
      </Output>
    </UnitTestResult>
    <UnitTestResult executionId="a19b7faf-16b9-4317-8b6d-308b54d0ddca" testId="a32922e2-f1df-7982-29dc-57f3885bc9ec" testName="GeneratorDropIndexTest" computerName="CUCAMONGA" duration="00:00:00.0049507" startTime="2011-08-17T17:15:22.4241349-07:00" endTime="2011-08-17T17:15:22.4341355-07:00" testType="13cdc9d9-ddb5-4fa4-a97d-d965ccfc6d4b" outcome="Passed" testListId="8c84fa94-04c1-424b-9868-57a2d4851a1d" relativeResultsDirectory="a19b7faf-16b9-4317-8b6d-308b54d0ddca">
      <Output>
        <StdOut>C:\Projects\Humpback\TestResults\Administrator_CUCAMONGA 2011-08-17 17_15_17\Out\db\migrations\20110818001522_RemoveIndex_Users_first_name_last_name.js
Generating Migration RemoveIndex_Users_first_name_last_name
{
	"up":{
		"remove_index":{
			"table_name":"Users",
			"columns":["first_name","last_name"]}}}</StdOut>
      </Output>
    </UnitTestResult>
    <UnitTestResult executionId="e61e2b1a-9ade-401b-8a82-a066b3ff9f48" testId="2a84bd86-8ca4-1eec-bb5f-cdc52d11f0ed" testName="GeneratorFileTest" computerName="CUCAMONGA" duration="00:00:00.0049781" startTime="2011-08-17T17:15:22.4371357-07:00" endTime="2011-08-17T17:15:22.4471362-07:00" testType="13cdc9d9-ddb5-4fa4-a97d-d965ccfc6d4b" outcome="Passed" testListId="8c84fa94-04c1-424b-9868-57a2d4851a1d" relativeResultsDirectory="e61e2b1a-9ade-401b-8a82-a066b3ff9f48">
      <Output>
        <StdOut>C:\Projects\Humpback\TestResults\Administrator_CUCAMONGA 2011-08-17 17_15_17\Out\db\migrations\..\sql\mysqlfile.sql
C:\Projects\Humpback\TestResults\Administrator_CUCAMONGA 2011-08-17 17_15_17\Out\db\migrations\20110818001522_SQLFile_mysqlfile.js
Generating Migration sql\mysqlfile.sql
{
	"up":{"file":"..\\sql\\mysqlfile.sql"}}</StdOut>
      </Output>
    </UnitTestResult>
    <UnitTestResult executionId="fc4cc7d1-8fc1-4e28-9e97-ce978b7b7c54" testId="e7403101-b8a8-6884-112a-c39c176e3e12" testName="GeneratorSqlTest" computerName="CUCAMONGA" duration="00:00:00.0038432" startTime="2011-08-17T17:15:22.4501364-07:00" endTime="2011-08-17T17:15:22.4581369-07:00" testType="13cdc9d9-ddb5-4fa4-a97d-d965ccfc6d4b" outcome="Passed" testListId="8c84fa94-04c1-424b-9868-57a2d4851a1d" relativeResultsDirectory="fc4cc7d1-8fc1-4e28-9e97-ce978b7b7c54">
      <Output>
        <StdOut>C:\Projects\Humpback\TestResults\Administrator_CUCAMONGA 2011-08-17 17_15_17\Out\db\migrations\20110818001522_ExecuteSQL.js
Generating Migration ExecuteSQL
{
	"up":"CREATE TABLE Users (ID {pk}, first_name {string} NOT NULL, price_paid {money})",
	"down":""}</StdOut>
      </Output>
    </UnitTestResult>
    <UnitTestResult executionId="cf4ea0fc-a341-4bc4-bff4-d0fd9bbbf74a" testId="274b4467-35d6-4a34-11dc-f60e719c1a5c" testName="SqlFormatterAddTableTest" computerName="CUCAMONGA" duration="00:00:00.9078726" startTime="2011-08-17T17:15:22.4621371-07:00" endTime="2011-08-17T17:15:23.3731892-07:00" testType="13cdc9d9-ddb5-4fa4-a97d-d965ccfc6d4b" outcome="Passed" testListId="8c84fa94-04c1-424b-9868-57a2d4851a1d" relativeResultsDirectory="cf4ea0fc-a341-4bc4-bff4-d0fd9bbbf74a">
      <Output>
        <StdOut>C:\Projects\Humpback\TestResults\Administrator_CUCAMONGA 2011-08-17 17_15_17\Out\db\generated\1xxx...sql


CREATE TABLE [tname]
	 (Id int PRIMARY KEY IDENTITY(1,1) NOT NULL 
	, [first_name] nvarchar(255) NULL 
	, [last_name] decimal(16,2) NULL 
	, CreatedOn datetime DEFAULT getutcdate() NOT NULL
	, UpdatedOn datetime DEFAULT getutcdate() NOT NULL)</StdOut>
      </Output>
    </UnitTestResult>
    <UnitTestResult executionId="f2b0c3dc-ff9c-4ea5-817f-2c13fe1b7bfb" testId="932f94f6-db59-e4fb-db9c-4892e9feb731" testName="SqlFormatterAddTableTestWithNullableAndDefault" computerName="CUCAMONGA" duration="00:00:00.0011526" startTime="2011-08-17T17:15:23.3781895-07:00" endTime="2011-08-17T17:15:23.3851899-07:00" testType="13cdc9d9-ddb5-4fa4-a97d-d965ccfc6d4b" outcome="Passed" testListId="8c84fa94-04c1-424b-9868-57a2d4851a1d" relativeResultsDirectory="f2b0c3dc-ff9c-4ea5-817f-2c13fe1b7bfb">
      <Output>
        <StdOut>C:\Projects\Humpback\TestResults\Administrator_CUCAMONGA 2011-08-17 17_15_17\Out\db\generated\11xxx...sql


CREATE TABLE [tname]
	 (Id int PRIMARY KEY IDENTITY(1,1) NOT NULL 
	, [first_name] nvarchar(255) NOT NULL  DEFAULT ('JASON') 
	, [last_name] decimal(16,2) NULL 
	, CreatedOn datetime DEFAULT getutcdate() NOT NULL
	, UpdatedOn datetime DEFAULT getutcdate() NOT NULL)</StdOut>
      </Output>
    </UnitTestResult>
    <UnitTestResult executionId="90548a6c-4c4b-4fc5-9c8d-c6057a46ecf8" testId="9a492a35-95c4-81bf-5741-83962893c6bd" testName="SqlFormatterDropTableTest" computerName="CUCAMONGA" duration="00:00:00.0733271" startTime="2011-08-17T17:15:23.3901902-07:00" endTime="2011-08-17T17:15:23.4691947-07:00" testType="13cdc9d9-ddb5-4fa4-a97d-d965ccfc6d4b" outcome="Passed" testListId="8c84fa94-04c1-424b-9868-57a2d4851a1d" relativeResultsDirectory="90548a6c-4c4b-4fc5-9c8d-c6057a46ecf8">
      <Output>
        <StdOut>C:\Projects\Humpback\TestResults\Administrator_CUCAMONGA 2011-08-17 17_15_17\Out\db\generated\2xxx...sql


DROP TABLE [tname]</StdOut>
      </Output>
    </UnitTestResult>
    <UnitTestResult executionId="06c8daff-5901-4c4b-9755-5c9824b7959d" testId="53bdf8b3-0cb0-c5cc-f9bd-dc976049c613" testName="SqlFormatterDrop2TableTest" computerName="CUCAMONGA" duration="00:00:00.0132205" startTime="2011-08-17T17:15:23.4741950-07:00" endTime="2011-08-17T17:15:23.5031966-07:00" testType="13cdc9d9-ddb5-4fa4-a97d-d965ccfc6d4b" outcome="Passed" testListId="8c84fa94-04c1-424b-9868-57a2d4851a1d" relativeResultsDirectory="06c8daff-5901-4c4b-9755-5c9824b7959d">
      <Output>
        <StdOut>C:\Projects\Humpback\TestResults\Administrator_CUCAMONGA 2011-08-17 17_15_17\Out\db\generated\8xxx..sql..sql
C:\Projects\Humpback\TestResults\Administrator_CUCAMONGA 2011-08-17 17_15_17\Out\db\generated\8xxx..sql..sql
C:\Projects\Humpback\TestResults\Administrator_CUCAMONGA 2011-08-17 17_15_17\Out\db\generated\8xxx..sql..sqlC:\Projects\Humpback\TestResults\Administrator_CUCAMONGA 2011-08-17 17_15_17\Out\db\generated\8xxx..sql..sql


DROP TABLE [tname1]




DROP TABLE [tname2]</StdOut>
      </Output>
    </UnitTestResult>
[...]
    </UnitTestResult>
    <UnitTestResult executionId="b391461a-927a-464f-9d9c-b6614156560b" testId="08b5b9c9-6f47-d78c-ccbb-c81dcaf801d4" testName="TestForArray" computerName="CUCAMONGA" duration="00:00:00.0249964" startTime="2011-08-17T17:15:25.1422904-07:00" endTime="2011-08-17T17:15:25.1712920-07:00" testType="13cdc9d9-ddb5-4fa4-a97d-d965ccfc6d4b" outcome="Passed" testListId="8c84fa94-04c1-424b-9868-57a2d4851a1d" relativeResultsDirectory="b391461a-927a-464f-9d9c-b6614156560b">
    </UnitTestResult>
    <UnitTestResult executionId="137d2531-591a-4283-809d-98ed4fcda18c" testId="71dd6206-1db7-63ae-e0fc-471c5670527e" testName="TestForArrayOnString" computerName="CUCAMONGA" duration="00:00:00.0028416" startTime="2011-08-17T17:15:25.1762923-07:00" endTime="2011-08-17T17:15:25.1832927-07:00" testType="13cdc9d9-ddb5-4fa4-a97d-d965ccfc6d4b" outcome="Passed" testListId="8c84fa94-04c1-424b-9868-57a2d4851a1d" relativeResultsDirectory="137d2531-591a-4283-809d-98ed4fcda18c">
    </UnitTestResult>
    <UnitTestResult executionId="b5ec77ad-a9df-4217-a268-5587623207e0" testId="d5cc0cd9-833d-a38d-dcfc-767927d698f4" testName="TestForString" computerName="CUCAMONGA" duration="00:00:00.0137652" startTime="2011-08-17T17:15:25.1882930-07:00" endTime="2011-08-17T17:15:25.2062940-07:00" testType="13cdc9d9-ddb5-4fa4-a97d-d965ccfc6d4b" outcome="Passed" testListId="8c84fa94-04c1-424b-9868-57a2d4851a1d" relativeResultsDirectory="b5ec77ad-a9df-4217-a268-5587623207e0">
    </UnitTestResult>
    <UnitTestResult executionId="b6f85b79-a145-4d4b-a87c-b677816e1389" testId="8616b539-ff11-f5fa-cddc-12ec76c45a9e" testName="TestForStringOnArray" computerName="CUCAMONGA" duration="00:00:00.0047284" startTime="2011-08-17T17:15:25.2102943-07:00" endTime="2011-08-17T17:15:25.2192948-07:00" testType="13cdc9d9-ddb5-4fa4-a97d-d965ccfc6d4b" outcome="Passed" testListId="8c84fa94-04c1-424b-9868-57a2d4851a1d" relativeResultsDirectory="b6f85b79-a145-4d4b-a87c-b677816e1389">
    </UnitTestResult>
    <UnitTestResult executionId="52fd016d-4d84-48fc-8db9-84d24172e2a1" testId="20d19967-444e-dc24-b335-97edc08b5909" testName="TestForTypeOfArray" computerName="CUCAMONGA" duration="00:00:00.0183303" startTime="2011-08-17T17:15:25.2242951-07:00" endTime="2011-08-17T17:15:25.2472964-07:00" testType="13cdc9d9-ddb5-4fa4-a97d-d965ccfc6d4b" outcome="Passed" testListId="8c84fa94-04c1-424b-9868-57a2d4851a1d" relativeResultsDirectory="52fd016d-4d84-48fc-8db9-84d24172e2a1">
      <Output>
        <StdOut>&lt;&gt;f__AnonymousType1`1[System.String]
&lt;&gt;f__AnonymousType1`1[System.String][]</StdOut>
      </Output>
    </UnitTestResult>
    <UnitTestResult executionId="415b9b30-dde5-4195-a6d2-97dcbc2a3953" testId="a48aa486-0eb9-1571-ae7a-ae83f5502512" testName="ConfigurationConstructorTestNullConstructorParam" computerName="CUCAMONGA" duration="00:00:00.0012889" startTime="2011-08-17T17:15:25.2512966-07:00" endTime="2011-08-17T17:15:25.2572970-07:00" testType="13cdc9d9-ddb5-4fa4-a97d-d965ccfc6d4b" outcome="Passed" testListId="8c84fa94-04c1-424b-9868-57a2d4851a1d" relativeResultsDirectory="415b9b30-dde5-4195-a6d2-97dcbc2a3953">
    </UnitTestResult>
    <UnitTestResult executionId="787d86bb-8a5a-4537-a9f6-086d060861d1" testId="561a8314-b780-173e-57e0-31e74c4df3cf" testName="ConfigurationConstructorTestDefaultConstructor" computerName="CUCAMONGA" duration="00:00:00.0002345" startTime="2011-08-17T17:15:25.2612972-07:00" endTime="2011-08-17T17:15:25.2662975-07:00" testType="13cdc9d9-ddb5-4fa4-a97d-d965ccfc6d4b" outcome="Passed" testListId="8c84fa94-04c1-424b-9868-57a2d4851a1d" relativeResultsDirectory="787d86bb-8a5a-4537-a9f6-086d060861d1">
    </UnitTestResult>
    <UnitTestResult executionId="06ae61c3-278d-439a-9bf2-1f66cbdd9ea2" testId="3aa6cae7-870d-5dc1-6dfc-f66069c5d485" testName="HelpTestDash" computerName="CUCAMONGA" duration="00:00:00.0003672" startTime="2011-08-17T17:15:25.2702977-07:00" endTime="2011-08-17T17:15:25.2752980-07:00" testType="13cdc9d9-ddb5-4fa4-a97d-d965ccfc6d4b" outcome="Passed" testListId="8c84fa94-04c1-424b-9868-57a2d4851a1d" relativeResultsDirectory="06ae61c3-278d-439a-9bf2-1f66cbdd9ea2">
    </UnitTestResult>
    <UnitTestResult executionId="8f51fc4c-ffc8-41ae-91a9-a3574b04bd5a" testId="0356bc7f-811f-e594-9294-69e99427592b" testName="HelpTest_h" computerName="CUCAMONGA" duration="00:00:00.0002826" startTime="2011-08-17T17:15:25.2792982-07:00" endTime="2011-08-17T17:15:25.2832984-07:00" testType="13cdc9d9-ddb5-4fa4-a97d-d965ccfc6d4b" outcome="Passed" testListId="8c84fa94-04c1-424b-9868-57a2d4851a1d" relativeResultsDirectory="8f51fc4c-ffc8-41ae-91a9-a3574b04bd5a">
    </UnitTestResult>
    <UnitTestResult executionId="ff5806d8-0fa2-401f-a6c4-d2a7345b31c8" testId="92dbc9fd-8625-52e9-87e0-f4f933c33d3e" testName="HelpTest_H" computerName="CUCAMONGA" duration="00:00:00.0003130" startTime="2011-08-17T17:15:25.2872987-07:00" endTime="2011-08-17T17:15:25.2922990-07:00" testType="13cdc9d9-ddb5-4fa4-a97d-d965ccfc6d4b" outcome="Passed" testListId="8c84fa94-04c1-424b-9868-57a2d4851a1d" relativeResultsDirectory="ff5806d8-0fa2-401f-a6c4-d2a7345b31c8">
    </UnitTestResult>
    <UnitTestResult executionId="595cc596-ce0e-42a4-b212-3b7135df9edf" testId="f7bb9a21-a4c3-3fc0-8813-25cea4ce6edc" testName="HelpTest_HELP" computerName="CUCAMONGA" duration="00:00:00.0002942" startTime="2011-08-17T17:15:25.2962992-07:00" endTime="2011-08-17T17:15:25.3012995-07:00" testType="13cdc9d9-ddb5-4fa4-a97d-d965ccfc6d4b" outcome="Passed" testListId="8c84fa94-04c1-424b-9868-57a2d4851a1d" relativeResultsDirectory="595cc596-ce0e-42a4-b212-3b7135df9edf">
    </UnitTestResult>
    <UnitTestResult executionId="296cc002-9879-483e-8718-c5ab3037c3b6" testId="156e597f-0b1d-a2d7-359e-abcce95cc492" testName="HelpTest_help" computerName="CUCAMONGA" duration="00:00:00.0002934" startTime="2011-08-17T17:15:25.3052997-07:00" endTime="2011-08-17T17:15:25.3103000-07:00" testType="13cdc9d9-ddb5-4fa4-a97d-d965ccfc6d4b" outcome="Passed" testListId="8c84fa94-04c1-424b-9868-57a2d4851a1d" relativeResultsDirectory="296cc002-9879-483e-8718-c5ab3037c3b6">
    </UnitTestResult>
    <UnitTestResult executionId="5e3790fe-9d34-4515-8ce0-40d27be22331" testId="0bd60c8b-330c-58f9-5cd5-451e64e5064d" testName="HelpModifierTest_Run" computerName="CUCAMONGA" duration="00:00:00.0002902" startTime="2011-08-17T17:15:25.3143002-07:00" endTime="2011-08-17T17:15:25.3193005-07:00" testType="13cdc9d9-ddb5-4fa4-a97d-d965ccfc6d4b" outcome="Passed" testListId="8c84fa94-04c1-424b-9868-57a2d4851a1d" relativeResultsDirectory="5e3790fe-9d34-4515-8ce0-40d27be22331">
    </UnitTestResult>
    <UnitTestResult executionId="019c9e8f-0172-4c43-b136-9227b257263b" testId="bffd13bd-a98a-7359-d86a-98f61a84657f" testName="HelpModifierTest_RUN" computerName="CUCAMONGA" duration="00:00:00.0003271" startTime="2011-08-17T17:15:25.3253008-07:00" endTime="2011-08-17T17:15:25.3293011-07:00" testType="13cdc9d9-ddb5-4fa4-a97d-d965ccfc6d4b" outcome="Passed" testListId="8c84fa94-04c1-424b-9868-57a2d4851a1d" relativeResultsDirectory="019c9e8f-0172-4c43-b136-9227b257263b">
    </UnitTestResult>
    <UnitTestResult executionId="ca8093d8-32c2-4aeb-8e7c-4e3d3f967271" testId="dbcb9613-54a5-05d2-9009-31ab037ddbcd" testName="HelpModifierTest_List" computerName="CUCAMONGA" duration="00:00:00.0002931" startTime="2011-08-17T17:15:25.3333013-07:00" endTime="2011-08-17T17:15:25.3373015-07:00" testType="13cdc9d9-ddb5-4fa4-a97d-d965ccfc6d4b" outcome="Passed" testListId="8c84fa94-04c1-424b-9868-57a2d4851a1d" relativeResultsDirectory="ca8093d8-32c2-4aeb-8e7c-4e3d3f967271">
    </UnitTestResult>
    <UnitTestResult executionId="64fecaba-d874-4485-aba4-e1e9ab201de2" testId="90590812-d0cd-47d6-f358-c315d0722334" testName="HelpModifierTest_Generate" computerName="CUCAMONGA" duration="00:00:00.0002895" startTime="2011-08-17T17:15:25.3423018-07:00" endTime="2011-08-17T17:15:25.3473021-07:00" testType="13cdc9d9-ddb5-4fa4-a97d-d965ccfc6d4b" outcome="Passed" testListId="8c84fa94-04c1-424b-9868-57a2d4851a1d" relativeResultsDirectory="64fecaba-d874-4485-aba4-e1e9ab201de2">
    </UnitTestResult>
    <UnitTestResult executionId="f5963b7b-9ec4-4a8e-9178-3b54de2661c2" testId="5e541083-8183-1e9e-0c99-d0d43511a838" testName="HelpModifierTest_Sql" computerName="CUCAMONGA" duration="00:00:00.0003014" startTime="2011-08-17T17:15:25.3513023-07:00" endTime="2011-08-17T17:15:25.3563026-07:00" testType="13cdc9d9-ddb5-4fa4-a97d-d965ccfc6d4b" outcome="Passed" testListId="8c84fa94-04c1-424b-9868-57a2d4851a1d" relativeResultsDirectory="f5963b7b-9ec4-4a8e-9178-3b54de2661c2">
    </UnitTestResult>
    <UnitTestResult executionId="d674bf8a-6340-4e16-b367-0eeb978b6ce3" testId="289d24b8-7498-9a77-6aaf-02719bbf6dbf" testName="HelpModifierTest_R" computerName="CUCAMONGA" duration="00:00:00.0003039" startTime="2011-08-17T17:15:25.3603028-07:00" endTime="2011-08-17T17:15:25.3653031-07:00" testType="13cdc9d9-ddb5-4fa4-a97d-d965ccfc6d4b" outcome="Passed" testListId="8c84fa94-04c1-424b-9868-57a2d4851a1d" relativeResultsDirectory="d674bf8a-6340-4e16-b367-0eeb978b6ce3">
    </UnitTestResult>
    <UnitTestResult executionId="765d33e4-f065-430d-9447-cdcb1d715248" testId="70f03247-8a89-43a1-08ac-8bf7b89adba6" testName="HelpModifierTest_L" computerName="CUCAMONGA" duration="00:00:00.0003914" startTime="2011-08-17T17:15:25.3693034-07:00" endTime="2011-08-17T17:15:25.3733036-07:00" testType="13cdc9d9-ddb5-4fa4-a97d-d965ccfc6d4b" outcome="Passed" testListId="8c84fa94-04c1-424b-9868-57a2d4851a1d" relativeResultsDirectory="765d33e4-f065-430d-9447-cdcb1d715248">
    </UnitTestResult>
    <UnitTestResult executionId="32b7c5fa-87f2-4603-b87a-3de519874dda" testId="311db638-4b68-3900-bf42-4b797187ac8a" testName="HelpModifierTest_G" computerName="CUCAMONGA" duration="00:00:00.0003050" startTime="2011-08-17T17:15:25.3773038-07:00" endTime="2011-08-17T17:15:25.3813040-07:00" testType="13cdc9d9-ddb5-4fa4-a97d-d965ccfc6d4b" outcome="Passed" testListId="8c84fa94-04c1-424b-9868-57a2d4851a1d" relativeResultsDirectory="32b7c5fa-87f2-4603-b87a-3de519874dda">
    </UnitTestResult>
    <UnitTestResult executionId="26a8d788-c67d-4ba1-90be-4fe6bfff9720" testId="d36c404f-9cbf-9a72-0ca6-674693b7650a" testName="HelpModifierTest_S_and_Ensure_Run_Off" computerName="CUCAMONGA" duration="00:00:00.0004695" startTime="2011-08-17T17:15:25.3853043-07:00" endTime="2011-08-17T17:15:25.3903046-07:00" testType="13cdc9d9-ddb5-4fa4-a97d-d965ccfc6d4b" outcome="Passed" testListId="8c84fa94-04c1-424b-9868-57a2d4851a1d" relativeResultsDirectory="26a8d788-c67d-4ba1-90be-4fe6bfff9720">
    </UnitTestResult>
    <UnitTestResult executionId="586a1f73-6896-437a-8ddc-33b5cc01f3a5" testId="977522ec-36ab-7467-e984-16e06673af6f" testName="BasicSqlTest" computerName="CUCAMONGA" duration="00:00:00.0003834" startTime="2011-08-17T17:15:25.3953048-07:00" endTime="2011-08-17T17:15:25.4003051-07:00" testType="13cdc9d9-ddb5-4fa4-a97d-d965ccfc6d4b" outcome="Passed" testListId="8c84fa94-04c1-424b-9868-57a2d4851a1d" relativeResultsDirectory="586a1f73-6896-437a-8ddc-33b5cc01f3a5">
    </UnitTestResult>
    <UnitTestResult executionId="02a5e362-efc5-43c5-94eb-c889e98800ec" testId="a1158286-c9a0-d3c5-048f-b0851d3cf5b7" testName="BasicSqlTest2" computerName="CUCAMONGA" duration="00:00:00.0003419" startTime="2011-08-17T17:15:25.4043054-07:00" endTime="2011-08-17T17:15:25.4093056-07:00" testType="13cdc9d9-ddb5-4fa4-a97d-d965ccfc6d4b" outcome="Passed" testListId="8c84fa94-04c1-424b-9868-57a2d4851a1d" relativeResultsDirectory="02a5e362-efc5-43c5-94eb-c889e98800ec">
    </UnitTestResult>
    <UnitTestResult executionId="0b2e27b4-ab35-4306-b68f-ea632fc2a6d8" testId="9efa9754-2bd6-6a4e-e57a-a525ac22479a" testName="BasicSqlTest3" computerName="CUCAMONGA" duration="00:00:00.0004431" startTime="2011-08-17T17:15:25.4133059-07:00" endTime="2011-08-17T17:15:25.4183062-07:00" testType="13cdc9d9-ddb5-4fa4-a97d-d965ccfc6d4b" outcome="Passed" testListId="8c84fa94-04c1-424b-9868-57a2d4851a1d" relativeResultsDirectory="0b2e27b4-ab35-4306-b68f-ea632fc2a6d8">
    </UnitTestResult>
    <UnitTestResult executionId="684dc62e-2ed6-400d-a401-6b00d810166b" testId="bb1a840f-7c75-47b3-fb81-a8b38c6bbd4f" testName="BasicGenerateErrorTest" computerName="CUCAMONGA" duration="00:00:00.0173934" startTime="2011-08-17T17:15:25.4223064-07:00" endTime="2011-08-17T17:15:25.4533082-07:00" testType="13cdc9d9-ddb5-4fa4-a97d-d965ccfc6d4b" outcome="Passed" testListId="8c84fa94-04c1-424b-9868-57a2d4851a1d" relativeResultsDirectory="684dc62e-2ed6-400d-a401-6b00d810166b">
    </UnitTestResult>
    <UnitTestResult executionId="cf7a181e-cbef-47b3-832f-11da4a733777" testId="cc3c90a7-a6c8-747e-feb1-95a067a4287c" testName="BasicGenerateTest" computerName="CUCAMONGA" duration="00:00:00.0003401" startTime="2011-08-17T17:15:25.4583085-07:00" endTime="2011-08-17T17:15:25.4623087-07:00" testType="13cdc9d9-ddb5-4fa4-a97d-d965ccfc6d4b" outcome="Passed" testListId="8c84fa94-04c1-424b-9868-57a2d4851a1d" relativeResultsDirectory="cf7a181e-cbef-47b3-832f-11da4a733777">
    </UnitTestResult>
    <UnitTestResult executionId="3669ac92-96d6-465b-85c2-4a69e405bffe" testId="7eda8c0b-4083-4def-9614-a659eccc9620" testName="GenerateTest" computerName="CUCAMONGA" duration="00:00:00.0005161" startTime="2011-08-17T17:15:25.4673090-07:00" endTime="2011-08-17T17:15:25.4723093-07:00" testType="13cdc9d9-ddb5-4fa4-a97d-d965ccfc6d4b" outcome="Passed" testListId="8c84fa94-04c1-424b-9868-57a2d4851a1d" relativeResultsDirectory="3669ac92-96d6-465b-85c2-4a69e405bffe">
      <Output>
        <StdOut>first_name:string|last_name:string</StdOut>
      </Output>
    </UnitTestResult>
    <UnitTestResult executionId="ccce9794-7dc3-49cf-9f2f-16ca79188aa6" testId="ada74037-4e7b-b673-a356-32752802c102" testName="GenerateTest_CreateTable" computerName="CUCAMONGA" duration="00:00:00.0003740" startTime="2011-08-17T17:15:25.4773095-07:00" endTime="2011-08-17T17:15:25.4823098-07:00" testType="13cdc9d9-ddb5-4fa4-a97d-d965ccfc6d4b" outcome="Passed" testListId="8c84fa94-04c1-424b-9868-57a2d4851a1d" relativeResultsDirectory="ccce9794-7dc3-49cf-9f2f-16ca79188aa6">
    </UnitTestResult>
    <UnitTestResult executionId="9acbeb1f-979a-401f-b754-28637f271652" testId="669bad0e-ab50-8768-3d79-24a420607811" testName="GenerateTest_ModifyTable" computerName="CUCAMONGA" duration="00:00:00.0003448" startTime="2011-08-17T17:15:25.4863101-07:00" endTime="2011-08-17T17:15:25.4913103-07:00" testType="13cdc9d9-ddb5-4fa4-a97d-d965ccfc6d4b" outcome="Passed" testListId="8c84fa94-04c1-424b-9868-57a2d4851a1d" relativeResultsDirectory="9acbeb1f-979a-401f-b754-28637f271652">
    </UnitTestResult>
    <UnitTestResult executionId="28973b63-df23-4885-8504-30322eebe595" testId="16f64c72-025c-ebb3-6b93-684532a9fa63" testName="BasicListTest" computerName="CUCAMONGA" duration="00:00:00.0004022" startTime="2011-08-17T17:15:25.4953106-07:00" endTime="2011-08-17T17:15:25.4993108-07:00" testType="13cdc9d9-ddb5-4fa4-a97d-d965ccfc6d4b" outcome="Passed" testListId="8c84fa94-04c1-424b-9868-57a2d4851a1d" relativeResultsDirectory="28973b63-df23-4885-8504-30322eebe595">
    </UnitTestResult>
    <UnitTestResult executionId="6fe9d5e1-cc3a-4d04-9a4c-9a19b4f77037" testId="6085e726-dd8d-693b-9aae-ed39953bc073" testName="BasicRunTest" computerName="CUCAMONGA" duration="00:00:00.0003809" startTime="2011-08-17T17:15:25.5043111-07:00" endTime="2011-08-17T17:15:25.5093114-07:00" testType="13cdc9d9-ddb5-4fa4-a97d-d965ccfc6d4b" outcome="Passed" testListId="8c84fa94-04c1-424b-9868-57a2d4851a1d" relativeResultsDirectory="6fe9d5e1-cc3a-4d04-9a4c-9a19b4f77037">
    </UnitTestResult>
    <UnitTestResult executionId="46b195d4-6d6f-451c-b20b-4af79dd14224" testId="04f82181-a0a0-268d-8961-6593b0283527" testName="EnvironmentTest" computerName="CUCAMONGA" duration="00:00:00.0004836" startTime="2011-08-17T17:15:25.5133116-07:00" endTime="2011-08-17T17:15:25.5183119-07:00" testType="13cdc9d9-ddb5-4fa4-a97d-d965ccfc6d4b" outcome="Passed" testListId="8c84fa94-04c1-424b-9868-57a2d4851a1d" relativeResultsDirectory="46b195d4-6d6f-451c-b20b-4af79dd14224">
    </UnitTestResult>
    <UnitTestResult executionId="6fae8097-6685-47e2-aa5a-4ef655201153" testId="80d6448f-0f06-5c6f-9efd-c6199e7a4680" testName="EnvironmentTestSet" computerName="CUCAMONGA" duration="00:00:00.0005783" startTime="2011-08-17T17:15:25.5223121-07:00" endTime="2011-08-17T17:15:25.5283125-07:00" testType="13cdc9d9-ddb5-4fa4-a97d-d965ccfc6d4b" outcome="Passed" testListId="8c84fa94-04c1-424b-9868-57a2d4851a1d" relativeResultsDirectory="6fae8097-6685-47e2-aa5a-4ef655201153">
    </UnitTestResult>
    <UnitTestResult executionId="a6a1f15c-bf6d-4d4b-b10a-ca32c4beaf72" testId="b2badb01-a4d3-5bb4-c5c8-e59600e727e6" testName="EnvironmentTestAdd" computerName="CUCAMONGA" duration="00:00:00.0006166" startTime="2011-08-17T17:15:25.5323127-07:00" endTime="2011-08-17T17:15:25.5373130-07:00" testType="13cdc9d9-ddb5-4fa4-a97d-d965ccfc6d4b" outcome="Passed" testListId="8c84fa94-04c1-424b-9868-57a2d4851a1d" relativeResultsDirectory="a6a1f15c-bf6d-4d4b-b10a-ca32c4beaf72">
    </UnitTestResult>
    <UnitTestResult executionId="794fb4cb-a61a-4962-a668-49e6f016541d" testId="b8b4c87a-5edf-cb32-37de-b42575b67aae" testName="EnvironmentTestRemove" computerName="CUCAMONGA" duration="00:00:00.0005642" startTime="2011-08-17T17:15:25.5413132-07:00" endTime="2011-08-17T17:15:25.5463135-07:00" testType="13cdc9d9-ddb5-4fa4-a97d-d965ccfc6d4b" outcome="Passed" testListId="8c84fa94-04c1-424b-9868-57a2d4851a1d" relativeResultsDirectory="794fb4cb-a61a-4962-a668-49e6f016541d">
    </UnitTestResult>
    <UnitTestResult executionId="a324640b-eb17-4311-831d-aa830b4ce9ae" testId="1b8a7801-d82d-1746-889b-a337f48ed4dd" testName="EnvironmentTestRename" computerName="CUCAMONGA" duration="00:00:00.0005620" startTime="2011-08-17T17:15:25.5503137-07:00" endTime="2011-08-17T17:15:25.5553140-07:00" testType="13cdc9d9-ddb5-4fa4-a97d-d965ccfc6d4b" outcome="Passed" testListId="8c84fa94-04c1-424b-9868-57a2d4851a1d" relativeResultsDirectory="a324640b-eb17-4311-831d-aa830b4ce9ae">
    </UnitTestResult>
    <UnitTestResult executionId="1da67dd7-a96e-40fb-95b4-c72d7720d8c9" testId="4ec5d776-a082-2b7a-d6be-4f76f8d00f67" testName="EnvironmentTestDir" computerName="CUCAMONGA" duration="00:00:00.0005613" startTime="2011-08-17T17:15:25.5593142-07:00" endTime="2011-08-17T17:15:25.5643145-07:00" testType="13cdc9d9-ddb5-4fa4-a97d-d965ccfc6d4b" outcome="Passed" testListId="8c84fa94-04c1-424b-9868-57a2d4851a1d" relativeResultsDirectory="1da67dd7-a96e-40fb-95b4-c72d7720d8c9">
    </UnitTestResult>
    <UnitTestResult executionId="d0f4269b-3377-45f1-88c7-c4335de95359" testId="a5719ce4-6290-8d0e-bbaa-fb0f4cae04cb" testName="EnvironmentTestConnectionString" computerName="CUCAMONGA" duration="00:00:00.0005689" startTime="2011-08-17T17:15:25.5893159-07:00" endTime="2011-08-17T17:15:25.5943162-07:00" testType="13cdc9d9-ddb5-4fa4-a97d-d965ccfc6d4b" outcome="Passed" testListId="8c84fa94-04c1-424b-9868-57a2d4851a1d" relativeResultsDirectory="d0f4269b-3377-45f1-88c7-c4335de95359">
    </UnitTestResult>
    <UnitTestResult executionId="257d8a77-c166-44e1-8ade-c3775148c215" testId="e5422223-4a43-76a5-9333-72544862540e" testName="EnvironmentTestFlavor" computerName="CUCAMONGA" duration="00:00:00.0007369" startTime="2011-08-17T17:15:25.5983165-07:00" endTime="2011-08-17T17:15:25.6033167-07:00" testType="13cdc9d9-ddb5-4fa4-a97d-d965ccfc6d4b" outcome="Passed" testListId="8c84fa94-04c1-424b-9868-57a2d4851a1d" relativeResultsDirectory="257d8a77-c166-44e1-8ade-c3775148c215">
    </UnitTestResult>
  </Results>
</TestRun>