<?xml version="1.0" encoding="UTF-8"?>
<TestRun id="24f80aef-33d5-48e2-b806-2a9b5e68ebf5" name="Administrator@CUCAMONGA 2011-08-17 17:16:52" runUser="CUCAMONGA\Administrator" xmlns="http://microsoft.com/schemas/VisualStudio/TeamTest/2010">
  <TestSettings name="Default Test Settings" id="6c674bfb-2d1e-4f29-a05c-5ba483d95272">
    <Deployment runDeploymentRoot="Administrator_CUCAMONGA 2011-08-17 17_16_52">
      <DeploymentItem filename="C:\Projects\Humpback\Humpback\bin\Debug\Hump.exe" />
      <DeploymentItem filename="C:\Projects\Humpback\Humpback.Interfaces\bin\Debug\Humpback.Interfaces.dll" />
    </Deployment>
    <Execution>
      <TestTypeSpecific />
      <AgentRule name="Execution Agents">
      </AgentRule>
    </Execution>
  </TestSettings>
  <Times creation="2011-08-17T17:16:52.4092818-07:00" queuing="2011-08-17T17:16:54.0563760-07:00" start="2011-08-17T17:16:54.2003842-07:00" finish="2011-08-17T17:16:59.8137053-07:00" />
  <ResultSummary outcome="Completed">
    <Counters total="70" executed="70" passed="70" error="0" failed="0" timeout="0" aborted="0" inconclusive="0" passedButRunAborted="0" notRunnable="0" notExecuted="0" disconnected="0" warning="0" completed="0" inProgress="0" pending="0" />
  </ResultSummary>
  <TestDefinitions>
    <UnitTest name="HelpTest_H" storage="c:\projects\humpback\humpback.tests\bin\debug\humpback.tests.dll" id="92dbc9fd-8625-52e9-87e0-f4f933c33d3e">
      <Execution id="09257055-3e82-47f8-8ac8-3e3e43adf22f" />
      <TestMethod codeBase="C:/Projects/Humpback/Humpback.Tests/bin/Debug/Humpback.Tests.DLL" adapterTypeName="Microsoft.VisualStudio.TestTools.TestTypes.Unit.UnitTestAdapter, Microsoft.VisualStudio.QualityTools.Tips.UnitTest.Adapter, Version=10.0.0.0, Culture=neutral, PublicKeyToken=b03f5f7f11d50a3a" className="Humpback.Tests.ConfigurationTest, Humpback.Tests, Version=1.0.0.0, Culture=neutral, PublicKeyToken=null" name="HelpTest_H" />
    </UnitTest>
    <UnitTest name="BasicSqlTest" storage="c:\projects\humpback\humpback.tests\bin\debug\humpback.tests.dll" id="977522ec-36ab-7467-e984-16e06673af6f">
      <Execution id="6280938e-7f3c-44d7-92d4-a71872f89e55" />
      <TestMethod codeBase="C:/Projects/Humpback/Humpback.Tests/bin/Debug/Humpback.Tests.DLL" adapterTypeName="Microsoft.VisualStudio.TestTools.TestTypes.Unit.UnitTestAdapter, Microsoft.VisualStudio.QualityTools.Tips.UnitTest.Adapter, Version=10.0.0.0, Culture=neutral, PublicKeyToken=b03f5f7f11d50a3a" className="Humpback.Tests.ConfigurationTest, Humpback.Tests, Version=1.0.0.0, Culture=neutral, PublicKeyToken=null" name="BasicSqlTest" />
    </UnitTest>
    <UnitTest name="GeneratorFileTest" storage="c:\projects\humpback\humpback.tests\bin\debug\humpback.tests.dll" id="2a84bd86-8ca4-1eec-bb5f-cdc52d11f0ed">
      <Execution id="1880b5a3-82e3-45c7-a3be-25c7e75b2dcd" />
      <TestMethod codeBase="C:/Projects/Humpback/Humpback.Tests/bin/Debug/Humpback.Tests.DLL" adapterTypeName="Microsoft.VisualStudio.TestTools.TestTypes.Unit.UnitTestAdapter, Microsoft.VisualStudio.QualityTools.Tips.UnitTest.Adapter, Version=10.0.0.0, Culture=neutral, PublicKeyToken=b03f5f7f11d50a3a" className="Humpback.Tests.GeneratorTest, Humpback.Tests, Version=1.0.0.0, Culture=neutral, PublicKeyToken=null" name="GeneratorFileTest" />
    </UnitTest>
    <UnitTest name="EnvironmentTestSet" storage="c:\projects\humpback\humpback.tests\bin\debug\humpback.tests.dll" id="80d6448f-0f06-5c6f-9efd-c6199e7a4680">
      <Execution id="badbb9ff-ac70-4803-9df7-dd4fd8b0f002" />
      <TestMethod codeBase="C:/Projects/Humpback/Humpback.Tests/bin/Debug/Humpback.Tests.DLL" adapterTypeName="Microsoft.VisualStudio.TestTools.TestTypes.Unit.UnitTestAdapter, Microsoft.VisualStudio.QualityTools.Tips.UnitTest.Adapter, Version=10.0.0.0, Culture=neutral, PublicKeyToken=b03f5f7f11d50a3a" className="Humpback.Tests.ConfigurationTest, Humpback.Tests, Version=1.0.0.0, Culture=neutral, PublicKeyToken=null" name="EnvironmentTestSet" />
    </UnitTest>
    <UnitTest name="EnvironmentTest" storage="c:\projects\humpback\humpback.tests\bin\debug\humpback.tests.dll" id="04f82181-a0a0-268d-8961-6593b0283527">
      <Execution id="b93d4214-1dd6-4db5-b5bd-06121c47a724" />
      <TestMethod codeBase="C:/Projects/Humpback/Humpback.Tests/bin/Debug/Humpback.Tests.DLL" adapterTypeName="Microsoft.VisualStudio.TestTools.TestTypes.Unit.UnitTestAdapter, Microsoft.VisualStudio.QualityTools.Tips.UnitTest.Adapter, Version=10.0.0.0, Culture=neutral, PublicKeyToken=b03f5f7f11d50a3a" className="Humpback.Tests.ConfigurationTest, Humpback.Tests, Version=1.0.0.0, Culture=neutral, PublicKeyToken=null" name="EnvironmentTest" />
    </UnitTest>
    <UnitTest name="SqlFormatterAddTableTestWithNullableAndDefault" storage="c:\projects\humpback\humpback.tests\bin\debug\humpback.tests.dll" id="932f94f6-db59-e4fb-db9c-4892e9feb731">
      <Execution id="9dd2d76e-e471-4c7d-a083-43e8ec2b423f" />
      <TestMethod codeBase="C:/Projects/Humpback/Humpback.Tests/bin/Debug/Humpback.Tests.DLL" adapterTypeName="Microsoft.VisualStudio.TestTools.TestTypes.Unit.UnitTestAdapter, Microsoft.VisualStudio.QualityTools.Tips.UnitTest.Adapter, Version=10.0.0.0, Culture=neutral, PublicKeyToken=b03f5f7f11d50a3a" className="Humpback.Tests.SQLServerFormatterTest, Humpback.Tests, Version=1.0.0.0, Culture=neutral, PublicKeyToken=null" name="SqlFormatterAddTableTestWithNullableAndDefault" />
    </UnitTest>
    <UnitTest name="TestForArray" storage="c:\projects\humpback\humpback.tests\bin\debug\humpback.tests.dll" id="08b5b9c9-6f47-d78c-ccbb-c81dcaf801d4">
      <Execution id="a8145f68-0264-4deb-b787-7f19c42a866e" />
      <TestMethod codeBase="C:/Projects/Humpback/Humpback.Tests/bin/Debug/Humpback.Tests.DLL" adapterTypeName="Microsoft.VisualStudio.TestTools.TestTypes.Unit.UnitTestAdapter, Microsoft.VisualStudio.QualityTools.Tips.UnitTest.Adapter, Version=10.0.0.0, Culture=neutral, PublicKeyToken=b03f5f7f11d50a3a" className="Humpback.Tests.DynamicTests, Humpback.Tests, Version=1.0.0.0, Culture=neutral, PublicKeyToken=null" name="TestForArray" />
    </UnitTest>
    <UnitTest name="TestForTypeOfArray" storage="c:\projects\humpback\humpback.tests\bin\debug\humpback.tests.dll" id="20d19967-444e-dc24-b335-97edc08b5909">
      <Execution id="ad6f60f1-39c1-47b9-bc3b-ee89c2d6a6f9" />
      <TestMethod codeBase="C:/Projects/Humpback/Humpback.Tests/bin/Debug/Humpback.Tests.DLL" adapterTypeName="Microsoft.VisualStudio.TestTools.TestTypes.Unit.UnitTestAdapter, Microsoft.VisualStudio.QualityTools.Tips.UnitTest.Adapter, Version=10.0.0.0, Culture=neutral, PublicKeyToken=b03f5f7f11d50a3a" className="Humpback.Tests.DynamicTests, Humpback.Tests, Version=1.0.0.0, Culture=neutral, PublicKeyToken=null" name="TestForTypeOfArray" />
    </UnitTest>
    <UnitTest name="GeneratorAddSingleColumnTest_Escaped_To" storage="c:\projects\humpback\humpback.tests\bin\debug\humpback.tests.dll" id="b5bbd01e-9ce5-7737-6c5e-33b038bbfcef">
      <Execution id="47911c13-ec1f-4c35-8047-e836987cf08a" />
      <TestMethod codeBase="C:/Projects/Humpback/Humpback.Tests/bin/Debug/Humpback.Tests.DLL" adapterTypeName="Microsoft.VisualStudio.TestTools.TestTypes.Unit.UnitTestAdapter, Microsoft.VisualStudio.QualityTools.Tips.UnitTest.Adapter, Version=10.0.0.0, Culture=neutral, PublicKeyToken=b03f5f7f11d50a3a" className="Humpback.Tests.GeneratorTest, Humpback.Tests, Version=1.0.0.0, Culture=neutral, PublicKeyToken=null" name="GeneratorAddSingleColumnTest_Escaped_To" />
    </UnitTest>
    <UnitTest name="SqlFormatterChangeColumnTest" storage="c:\projects\humpback\humpback.tests\bin\debug\humpback.tests.dll" id="a8a040ac-527d-a3e5-eb1e-6eb6f9128096">
      <Execution id="2ee55442-48d6-4d68-b23e-a0bd44aa6379" />
      <TestMethod codeBase="C:/Projects/Humpback/Humpback.Tests/bin/Debug/Humpback.Tests.DLL" adapterTypeName="Microsoft.VisualStudio.TestTools.TestTypes.Unit.UnitTestAdapter, Microsoft.VisualStudio.QualityTools.Tips.UnitTest.Adapter, Version=10.0.0.0, Culture=neutral, PublicKeyToken=b03f5f7f11d50a3a" className="Humpback.Tests.SQLServerFormatterTest, Humpback.Tests, Version=1.0.0.0, Culture=neutral, PublicKeyToken=null" name="SqlFormatterChangeColumnTest" />
    </UnitTest>
    <UnitTest name="BasicListTest" storage="c:\projects\humpback\humpback.tests\bin\debug\humpback.tests.dll" id="16f64c72-025c-ebb3-6b93-684532a9fa63">
      <Execution id="f6f867a3-164e-4cba-a5e4-f52580e80e1c" />
      <TestMethod codeBase="C:/Projects/Humpback/Humpback.Tests/bin/Debug/Humpback.Tests.DLL" adapterTypeName="Microsoft.VisualStudio.TestTools.TestTypes.Unit.UnitTestAdapter, Microsoft.VisualStudio.QualityTools.Tips.UnitTest.Adapter, Version=10.0.0.0, Culture=neutral, PublicKeyToken=b03f5f7f11d50a3a" className="Humpback.Tests.ConfigurationTest, Humpback.Tests, Version=1.0.0.0, Culture=neutral, PublicKeyToken=null" name="BasicListTest" />
    </UnitTest>
    <UnitTest name="SqlFormatterDropColumnTest" storage="c:\projects\humpback\humpback.tests\bin\debug\humpback.tests.dll" id="6fa915c5-6ab5-24c3-610a-84f83ee2d7ae">
      <Execution id="b0aaf399-2cea-4c35-94ef-7106e396fcba" />
      <TestMethod codeBase="C:/Projects/Humpback/Humpback.Tests/bin/Debug/Humpback.Tests.DLL" adapterTypeName="Microsoft.VisualStudio.TestTools.TestTypes.Unit.UnitTestAdapter, Microsoft.VisualStudio.QualityTools.Tips.UnitTest.Adapter, Version=10.0.0.0, Culture=neutral, PublicKeyToken=b03f5f7f11d50a3a" className="Humpback.Tests.SQLServerFormatterTest, Humpback.Tests, Version=1.0.0.0, Culture=neutral, PublicKeyToken=null" name="SqlFormatterDropColumnTest" />
    </UnitTest>
    <UnitTest name="TestGeneratePlainSQLStringDown" storage="c:\projects\humpback\humpback.tests\bin\debug\humpback.tests.dll" id="f2fd06d6-bc32-5afa-9fd6-c66d5415c515">
      <Execution id="962ba6db-ae4c-451f-8f5d-29870dc58712" />
      <TestMethod codeBase="C:/Projects/Humpback/Humpback.Tests/bin/Debug/Humpback.Tests.DLL" adapterTypeName="Microsoft.VisualStudio.TestTools.TestTypes.Unit.UnitTestAdapter, Microsoft.VisualStudio.QualityTools.Tips.UnitTest.Adapter, Version=10.0.0.0, Culture=neutral, PublicKeyToken=b03f5f7f11d50a3a" className="Humpback.Tests.SQLGeneratorTests, Humpback.Tests, Version=1.0.0.0, Culture=neutral, PublicKeyToken=null" name="TestGeneratePlainSQLStringDown" />
    </UnitTest>
    <UnitTest name="GeneratorDropTable" storage="c:\projects\humpback\humpback.tests\bin\debug\humpback.tests.dll" id="058de0ad-729f-7726-204c-f9b6197ace80">
      <Execution id="6d55e466-e423-4722-a5a8-8e6541b7af8d" />
      <TestMethod codeBase="C:/Projects/Humpback/Humpback.Tests/bin/Debug/Humpback.Tests.DLL" adapterTypeName="Microsoft.VisualStudio.TestTools.TestTypes.Unit.UnitTestAdapter, Microsoft.VisualStudio.QualityTools.Tips.UnitTest.Adapter, Version=10.0.0.0, Culture=neutral, PublicKeyToken=b03f5f7f11d50a3a" className="Humpback.Tests.GeneratorTest, Humpback.Tests, Version=1.0.0.0, Culture=neutral, PublicKeyToken=null" name="GeneratorDropTable" />
    </UnitTest>
    <UnitTest name="GeneratorSqlTest" storage="c:\projects\humpback\humpback.tests\bin\debug\humpback.tests.dll" id="e7403101-b8a8-6884-112a-c39c176e3e12">
      <Execution id="929f3fb9-ed65-4ac6-bf56-6726df231911" />
      <TestMethod codeBase="C:/Projects/Humpback/Humpback.Tests/bin/Debug/Humpback.Tests.DLL" adapterTypeName="Microsoft.VisualStudio.TestTools.TestTypes.Unit.UnitTestAdapter, Microsoft.VisualStudio.QualityTools.Tips.UnitTest.Adapter, Version=10.0.0.0, Culture=neutral, PublicKeyToken=b03f5f7f11d50a3a" className="Humpback.Tests.GeneratorTest, Humpback.Tests, Version=1.0.0.0, Culture=neutral, PublicKeyToken=null" name="GeneratorSqlTest" />
    </UnitTest>
    <UnitTest name="HelpTest_help" storage="c:\projects\humpback\humpback.tests\bin\debug\humpback.tests.dll" id="156e597f-0b1d-a2d7-359e-abcce95cc492">
      <Execution id="0ad23c18-66a4-4ec2-9f0c-01f0d82fe089" />
      <TestMethod codeBase="C:/Projects/Humpback/Humpback.Tests/bin/Debug/Humpback.Tests.DLL" adapterTypeName="Microsoft.VisualStudio.TestTools.TestTypes.Unit.UnitTestAdapter, Microsoft.VisualStudio.QualityTools.Tips.UnitTest.Adapter, Version=10.0.0.0, Culture=neutral, PublicKeyToken=b03f5f7f11d50a3a" className="Humpback.Tests.ConfigurationTest, Humpback.Tests, Version=1.0.0.0, Culture=neutral, PublicKeyToken=null" name="HelpTest_help" />
    </UnitTest>
    <UnitTest name="SqlFormatterAddTableTest" storage="c:\projects\humpback\humpback.tests\bin\debug\humpback.tests.dll" id="274b4467-35d6-4a34-11dc-f60e719c1a5c">
      <Execution id="702b9732-fb89-4088-b634-c910e72fbcaf" />
      <TestMethod codeBase="C:/Projects/Humpback/Humpback.Tests/bin/Debug/Humpback.Tests.DLL" adapterTypeName="Microsoft.VisualStudio.TestTools.TestTypes.Unit.UnitTestAdapter, Microsoft.VisualStudio.QualityTools.Tips.UnitTest.Adapter, Version=10.0.0.0, Culture=neutral, PublicKeyToken=b03f5f7f11d50a3a" className="Humpback.Tests.SQLServerFormatterTest, Humpback.Tests, Version=1.0.0.0, Culture=neutral, PublicKeyToken=null" name="SqlFormatterAddTableTest" />
    </UnitTest>
    <UnitTest name="TestForString" storage="c:\projects\humpback\humpback.tests\bin\debug\humpback.tests.dll" id="d5cc0cd9-833d-a38d-dcfc-767927d698f4">
      <Execution id="8aab8966-f756-4d30-ae2e-112e79e58581" />
      <TestMethod codeBase="C:/Projects/Humpback/Humpback.Tests/bin/Debug/Humpback.Tests.DLL" adapterTypeName="Microsoft.VisualStudio.TestTools.TestTypes.Unit.UnitTestAdapter, Microsoft.VisualStudio.QualityTools.Tips.UnitTest.Adapter, Version=10.0.0.0, Culture=neutral, PublicKeyToken=b03f5f7f11d50a3a" className="Humpback.Tests.DynamicTests, Humpback.Tests, Version=1.0.0.0, Culture=neutral, PublicKeyToken=null" name="TestForString" />
    </UnitTest>
    <UnitTest name="HelpModifierTest_RUN" storage="c:\projects\humpback\humpback.tests\bin\debug\humpback.tests.dll" id="bffd13bd-a98a-7359-d86a-98f61a84657f">
      <Execution id="bf547d5e-cc41-47fd-910c-8c1b1e0a7bd4" />
      <TestMethod codeBase="C:/Projects/Humpback/Humpback.Tests/bin/Debug/Humpback.Tests.DLL" adapterTypeName="Microsoft.VisualStudio.TestTools.TestTypes.Unit.UnitTestAdapter, Microsoft.VisualStudio.QualityTools.Tips.UnitTest.Adapter, Version=10.0.0.0, Culture=neutral, PublicKeyToken=b03f5f7f11d50a3a" className="Humpback.Tests.ConfigurationTest, Humpback.Tests, Version=1.0.0.0, Culture=neutral, PublicKeyToken=null" name="HelpModifierTest_RUN" />
    </UnitTest>
    <UnitTest name="GeneratorAddTable1Column" storage="c:\projects\humpback\humpback.tests\bin\debug\humpback.tests.dll" id="d24e533b-e361-fd8b-5f8c-9fe89753d6c0">
      <Execution id="0cd51afb-2be1-49f2-b8f3-9f0968a9147d" />
      <TestMethod codeBase="C:/Projects/Humpback/Humpback.Tests/bin/Debug/Humpback.Tests.DLL" adapterTypeName="Microsoft.VisualStudio.TestTools.TestTypes.Unit.UnitTestAdapter, Microsoft.VisualStudio.QualityTools.Tips.UnitTest.Adapter, Version=10.0.0.0, Culture=neutral, PublicKeyToken=b03f5f7f11d50a3a" className="Humpback.Tests.GeneratorTest, Humpback.Tests, Version=1.0.0.0, Culture=neutral, PublicKeyToken=null" name="GeneratorAddTable1Column" />
    </UnitTest>
    <UnitTest name="SqlFormatterAddIndexTest" storage="c:\projects\humpback\humpback.tests\bin\debug\humpback.tests.dll" id="c4268f76-efd3-124d-873f-390998bcba88">
      <Execution id="6dc42fd5-4a46-4351-bffd-279a51bc7b2c" />
      <TestMethod codeBase="C:/Projects/Humpback/Humpback.Tests/bin/Debug/Humpback.Tests.DLL" adapterTypeName="Microsoft.VisualStudio.TestTools.TestTypes.Unit.UnitTestAdapter, Microsoft.VisualStudio.QualityTools.Tips.UnitTest.Adapter, Version=10.0.0.0, Culture=neutral, PublicKeyToken=b03f5f7f11d50a3a" className="Humpback.Tests.SQLServerFormatterTest, Humpback.Tests, Version=1.0.0.0, Culture=neutral, PublicKeyToken=null" name="SqlFormatterAddIndexTest" />
    </UnitTest>
    <UnitTest name="BasicSqlTest2" storage="c:\projects\humpback\humpback.tests\bin\debug\humpback.tests.dll" id="a1158286-c9a0-d3c5-048f-b0851d3cf5b7">
      <Execution id="d1e47965-9651-463c-aa44-ec22b79afded" />
      <TestMethod codeBase="C:/Projects/Humpback/Humpback.Tests/bin/Debug/Humpback.Tests.DLL" adapterTypeName="Microsoft.VisualStudio.TestTools.TestTypes.Unit.UnitTestAdapter, Microsoft.VisualStudio.QualityTools.Tips.UnitTest.Adapter, Version=10.0.0.0, Culture=neutral, PublicKeyToken=b03f5f7f11d50a3a" className="Humpback.Tests.ConfigurationTest, Humpback.Tests, Version=1.0.0.0, Culture=neutral, PublicKeyToken=null" name="BasicSqlTest2" />
    </UnitTest>
    <UnitTest name="GeneratorAddReferenceColumnTest" storage="c:\projects\humpback\humpback.tests\bin\debug\humpback.tests.dll" id="eea9a346-9943-e3ff-416c-0311a8030615">
      <Execution id="182aaac7-b6c5-4fbb-8295-39e2104191af" />
      <TestMethod codeBase="C:/Projects/Humpback/Humpback.Tests/bin/Debug/Humpback.Tests.DLL" adapterTypeName="Microsoft.VisualStudio.TestTools.TestTypes.Unit.UnitTestAdapter, Microsoft.VisualStudio.QualityTools.Tips.UnitTest.Adapter, Version=10.0.0.0, Culture=neutral, PublicKeyToken=b03f5f7f11d50a3a" className="Humpback.Tests.GeneratorTest, Humpback.Tests, Version=1.0.0.0, Culture=neutral, PublicKeyToken=null" name="GeneratorAddReferenceColumnTest" />
    </UnitTest>
    <UnitTest name="HelpModifierTest_Generate" storage="c:\projects\humpback\humpback.tests\bin\debug\humpback.tests.dll" id="90590812-d0cd-47d6-f358-c315d0722334">
      <Execution id="c8675b28-a3c1-467c-9863-ac675e892190" />
      <TestMethod codeBase="C:/Projects/Humpback/Humpback.Tests/bin/Debug/Humpback.Tests.DLL" adapterTypeName="Microsoft.VisualStudio.TestTools.TestTypes.Unit.UnitTestAdapter, Microsoft.VisualStudio.QualityTools.Tips.UnitTest.Adapter, Version=10.0.0.0, Culture=neutral, PublicKeyToken=b03f5f7f11d50a3a" className="Humpback.Tests.ConfigurationTest, Humpback.Tests, Version=1.0.0.0, Culture=neutral, PublicKeyToken=null" name="HelpModifierTest_Generate" />
    </UnitTest>
    <UnitTest name="HelpModifierTest_Sql" storage="c:\projects\humpback\humpback.tests\bin\debug\humpback.tests.dll" id="5e541083-8183-1e9e-0c99-d0d43511a838">
      <Execution id="ea0306f3-2a37-4981-a9c9-f8ff4b687686" />
      <TestMethod codeBase="C:/Projects/Humpback/Humpback.Tests/bin/Debug/Humpback.Tests.DLL" adapterTypeName="Microsoft.VisualStudio.TestTools.TestTypes.Unit.UnitTestAdapter, Microsoft.VisualStudio.QualityTools.Tips.UnitTest.Adapter, Version=10.0.0.0, Culture=neutral, PublicKeyToken=b03f5f7f11d50a3a" className="Humpback.Tests.ConfigurationTest, Humpback.Tests, Version=1.0.0.0, Culture=neutral, PublicKeyToken=null" name="HelpModifierTest_Sql" />
    </UnitTest>
    <UnitTest name="GenerateTest_CreateTable" storage="c:\projects\humpback\humpback.tests\bin\debug\humpback.tests.dll" id="ada74037-4e7b-b673-a356-32752802c102">
      <Execution id="a5e216bf-73c2-4d15-815b-ad76c49ff2b6" />
      <TestMethod codeBase="C:/Projects/Humpback/Humpback.Tests/bin/Debug/Humpback.Tests.DLL" adapterTypeName="Microsoft.VisualStudio.TestTools.TestTypes.Unit.UnitTestAdapter, Microsoft.VisualStudio.QualityTools.Tips.UnitTest.Adapter, Version=10.0.0.0, Culture=neutral, PublicKeyToken=b03f5f7f11d50a3a" className="Humpback.Tests.ConfigurationTest, Humpback.Tests, Version=1.0.0.0, Culture=neutral, PublicKeyToken=null" name="GenerateTest_CreateTable" />
    </UnitTest>
    <UnitTest name="HelpTestDash" storage="c:\projects\humpback\humpback.tests\bin\debug\humpback.tests.dll" id="3aa6cae7-870d-5dc1-6dfc-f66069c5d485">
      <Execution id="d1368441-a932-4ae5-aa3c-8031ccae9656" />
      <TestMethod codeBase="C:/Projects/Humpback/Humpback.Tests/bin/Debug/Humpback.Tests.DLL" adapterTypeName="Microsoft.VisualStudio.TestTools.TestTypes.Unit.UnitTestAdapter, Microsoft.VisualStudio.QualityTools.Tips.UnitTest.Adapter, Version=10.0.0.0, Culture=neutral, PublicKeyToken=b03f5f7f11d50a3a" className="Humpback.Tests.ConfigurationTest, Humpback.Tests, Version=1.0.0.0, Culture=neutral, PublicKeyToken=null" name="HelpTestDash" />
    </UnitTest>
    <UnitTest name="HelpTest_h" storage="c:\projects\humpback\humpback.tests\bin\debug\humpback.tests.dll" id="0356bc7f-811f-e594-9294-69e99427592b">
      <Execution id="ef8f884d-29f3-47f1-9af8-bbc4be170f11" />
      <TestMethod codeBase="C:/Projects/Humpback/Humpback.Tests/bin/Debug/Humpback.Tests.DLL" adapterTypeName="Microsoft.VisualStudio.TestTools.TestTypes.Unit.UnitTestAdapter, Microsoft.VisualStudio.QualityTools.Tips.UnitTest.Adapter, Version=10.0.0.0, Culture=neutral, PublicKeyToken=b03f5f7f11d50a3a" className="Humpback.Tests.ConfigurationTest, Humpback.Tests, Version=1.0.0.0, Culture=neutral, PublicKeyToken=null" name="HelpTest_h" />
    </UnitTest>
    <UnitTest name="GeneratorAddTableNoColumnsSpecified" storage="c:\projects\humpback\humpback.tests\bin\debug\humpback.tests.dll" id="e3d50d12-abab-4c5b-f710-5f3f1de8b01b">
      <Execution id="61913cec-56d6-43be-b5a5-2d67041885c9" />
      <TestMethod codeBase="C:/Projects/Humpback/Humpback.Tests/bin/Debug/Humpback.Tests.DLL" adapterTypeName="Microsoft.VisualStudio.TestTools.TestTypes.Unit.UnitTestAdapter, Microsoft.VisualStudio.QualityTools.Tips.UnitTest.Adapter, Version=10.0.0.0, Culture=neutral, PublicKeyToken=b03f5f7f11d50a3a" className="Humpback.Tests.GeneratorTest, Humpback.Tests, Version=1.0.0.0, Culture=neutral, PublicKeyToken=null" name="GeneratorAddTableNoColumnsSpecified" />
    </UnitTest>
    <UnitTest name="GeneratorAddSingleColumnTestDuplicateTo" storage="c:\projects\humpback\humpback.tests\bin\debug\humpback.tests.dll" id="90f97baa-3070-9016-3865-a65e9e00b567">
      <Execution id="4719ede3-d20a-4098-8ad5-3117bae02ef8" />
      <TestMethod codeBase="C:/Projects/Humpback/Humpback.Tests/bin/Debug/Humpback.Tests.DLL" adapterTypeName="Microsoft.VisualStudio.TestTools.TestTypes.Unit.UnitTestAdapter, Microsoft.VisualStudio.QualityTools.Tips.UnitTest.Adapter, Version=10.0.0.0, Culture=neutral, PublicKeyToken=b03f5f7f11d50a3a" className="Humpback.Tests.GeneratorTest, Humpback.Tests, Version=1.0.0.0, Culture=neutral, PublicKeyToken=null" name="GeneratorAddSingleColumnTestDuplicateTo" />
    </UnitTest>
    <UnitTest name="ConfigurationConstructorTestNullConstructorParam" storage="c:\projects\humpback\humpback.tests\bin\debug\humpback.tests.dll" id="a48aa486-0eb9-1571-ae7a-ae83f5502512">
      <Execution id="2af1c518-7aa4-45c2-ac68-9c4c98811245" />
      <TestMethod codeBase="C:/Projects/Humpback/Humpback.Tests/bin/Debug/Humpback.Tests.DLL" adapterTypeName="Microsoft.VisualStudio.TestTools.TestTypes.Unit.UnitTestAdapter, Microsoft.VisualStudio.QualityTools.Tips.UnitTest.Adapter, Version=10.0.0.0, Culture=neutral, PublicKeyToken=b03f5f7f11d50a3a" className="Humpback.Tests.ConfigurationTest, Humpback.Tests, Version=1.0.0.0, Culture=neutral, PublicKeyToken=null" name="ConfigurationConstructorTestNullConstructorParam" />
    </UnitTest>
    <UnitTest name="HelpModifierTest_L" storage="c:\projects\humpback\humpback.tests\bin\debug\humpback.tests.dll" id="70f03247-8a89-43a1-08ac-8bf7b89adba6">
      <Execution id="a2a09830-edb2-4fa4-b36c-7123b88b8325" />
      <TestMethod codeBase="C:/Projects/Humpback/Humpback.Tests/bin/Debug/Humpback.Tests.DLL" adapterTypeName="Microsoft.VisualStudio.TestTools.TestTypes.Unit.UnitTestAdapter, Microsoft.VisualStudio.QualityTools.Tips.UnitTest.Adapter, Version=10.0.0.0, Culture=neutral, PublicKeyToken=b03f5f7f11d50a3a" className="Humpback.Tests.ConfigurationTest, Humpback.Tests, Version=1.0.0.0, Culture=neutral, PublicKeyToken=null" name="HelpModifierTest_L" />
    </UnitTest>
    <UnitTest name="EnvironmentTestRemove" storage="c:\projects\humpback\humpback.tests\bin\debug\humpback.tests.dll" id="b8b4c87a-5edf-cb32-37de-b42575b67aae">
      <Execution id="09ef3522-27b3-432d-a5d3-2bf06ba0c3d8" />
      <TestMethod codeBase="C:/Projects/Humpback/Humpback.Tests/bin/Debug/Humpback.Tests.DLL" adapterTypeName="Microsoft.VisualStudio.TestTools.TestTypes.Unit.UnitTestAdapter, Microsoft.VisualStudio.QualityTools.Tips.UnitTest.Adapter, Version=10.0.0.0, Culture=neutral, PublicKeyToken=b03f5f7f11d50a3a" className="Humpback.Tests.ConfigurationTest, Humpback.Tests, Version=1.0.0.0, Culture=neutral, PublicKeyToken=null" name="EnvironmentTestRemove" />
    </UnitTest>
    <UnitTest name="GeneratorDropIndexTest" storage="c:\projects\humpback\humpback.tests\bin\debug\humpback.tests.dll" id="a32922e2-f1df-7982-29dc-57f3885bc9ec">
      <Execution id="70d51e33-f53b-4b8c-9794-621e344895e1" />
      <TestMethod codeBase="C:/Projects/Humpback/Humpback.Tests/bin/Debug/Humpback.Tests.DLL" adapterTypeName="Microsoft.VisualStudio.TestTools.TestTypes.Unit.UnitTestAdapter, Microsoft.VisualStudio.QualityTools.Tips.UnitTest.Adapter, Version=10.0.0.0, Culture=neutral, PublicKeyToken=b03f5f7f11d50a3a" className="Humpback.Tests.GeneratorTest, Humpback.Tests, Version=1.0.0.0, Culture=neutral, PublicKeyToken=null" name="GeneratorDropIndexTest" />
    </UnitTest>
    <UnitTest name="GeneratorAddMultipleColumnTest" storage="c:\projects\humpback\humpback.tests\bin\debug\humpback.tests.dll" id="e3746a4e-3caf-94de-d5a9-64823fac0d7b">
      <Execution id="40d71e62-6b7d-4911-b262-8b4a53f6e25a" />
      <TestMethod codeBase="C:/Projects/Humpback/Humpback.Tests/bin/Debug/Humpback.Tests.DLL" adapterTypeName="Microsoft.VisualStudio.TestTools.TestTypes.Unit.UnitTestAdapter, Microsoft.VisualStudio.QualityTools.Tips.UnitTest.Adapter, Version=10.0.0.0, Culture=neutral, PublicKeyToken=b03f5f7f11d50a3a" className="Humpback.Tests.GeneratorTest, Humpback.Tests, Version=1.0.0.0, Culture=neutral, PublicKeyToken=null" name="GeneratorAddMultipleColumnTest" />
    </UnitTest>
    <UnitTest name="TestGeneratePlainSQLStringArray" storage="c:\projects\humpback\humpback.tests\bin\debug\humpback.tests.dll" id="67302ab4-5dc8-75b9-8b54-6f42f8cae66b">
      <Execution id="0c6d077f-289a-43bf-80cb-d7c2f343f134" />
      <TestMethod codeBase="C:/Projects/Humpback/Humpback.Tests/bin/Debug/Humpback.Tests.DLL" adapterTypeName="Microsoft.VisualStudio.TestTools.TestTypes.Unit.UnitTestAdapter, Microsoft.VisualStudio.QualityTools.Tips.UnitTest.Adapter, Version=10.0.0.0, Culture=neutral, PublicKeyToken=b03f5f7f11d50a3a" className="Humpback.Tests.SQLGeneratorTests, Humpback.Tests, Version=1.0.0.0, Culture=neutral, PublicKeyToken=null" name="TestGeneratePlainSQLStringArray" />
    </UnitTest>
    <UnitTest name="HelpModifierTest_List" storage="c:\projects\humpback\humpback.tests\bin\debug\humpback.tests.dll" id="dbcb9613-54a5-05d2-9009-31ab037ddbcd">
      <Execution id="ca575c45-8ad5-4429-9a41-09776e1018c3" />
      <TestMethod codeBase="C:/Projects/Humpback/Humpback.Tests/bin/Debug/Humpback.Tests.DLL" adapterTypeName="Microsoft.VisualStudio.TestTools.TestTypes.Unit.UnitTestAdapter, Microsoft.VisualStudio.QualityTools.Tips.UnitTest.Adapter, Version=10.0.0.0, Culture=neutral, PublicKeyToken=b03f5f7f11d50a3a" className="Humpback.Tests.ConfigurationTest, Humpback.Tests, Version=1.0.0.0, Culture=neutral, PublicKeyToken=null" name="HelpModifierTest_List" />
    </UnitTest>
    <UnitTest name="BasicSqlTest3" storage="c:\projects\humpback\humpback.tests\bin\debug\humpback.tests.dll" id="9efa9754-2bd6-6a4e-e57a-a525ac22479a">
      <Execution id="50bea16f-4d98-49fa-976e-8b90a640b062" />
      <TestMethod codeBase="C:/Projects/Humpback/Humpback.Tests/bin/Debug/Humpback.Tests.DLL" adapterTypeName="Microsoft.VisualStudio.TestTools.TestTypes.Unit.UnitTestAdapter, Microsoft.VisualStudio.QualityTools.Tips.UnitTest.Adapter, Version=10.0.0.0, Culture=neutral, PublicKeyToken=b03f5f7f11d50a3a" className="Humpback.Tests.ConfigurationTest, Humpback.Tests, Version=1.0.0.0, Culture=neutral, PublicKeyToken=null" name="BasicSqlTest3" />
    </UnitTest>
    <UnitTest name="BasicGenerateTest" storage="c:\projects\humpback\humpback.tests\bin\debug\humpback.tests.dll" id="cc3c90a7-a6c8-747e-feb1-95a067a4287c">
      <Execution id="4c57b5c0-417d-49aa-a32c-618735bbaa5b" />
      <TestMethod codeBase="C:/Projects/Humpback/Humpback.Tests/bin/Debug/Humpback.Tests.DLL" adapterTypeName="Microsoft.VisualStudio.TestTools.TestTypes.Unit.UnitTestAdapter, Microsoft.VisualStudio.QualityTools.Tips.UnitTest.Adapter, Version=10.0.0.0, Culture=neutral, PublicKeyToken=b03f5f7f11d50a3a" className="Humpback.Tests.ConfigurationTest, Humpback.Tests, Version=1.0.0.0, Culture=neutral, PublicKeyToken=null" name="BasicGenerateTest" />
    </UnitTest>
    <UnitTest name="SqlFormatterAddColumnTest" storage="c:\projects\humpback\humpback.tests\bin\debug\humpback.tests.dll" id="7b132a8e-2b56-7bd7-f605-35a2acab7b8e">
      <Execution id="f656adb7-3891-4286-9871-26054d15b966" />
      <TestMethod codeBase="C:/Projects/Humpback/Humpback.Tests/bin/Debug/Humpback.Tests.DLL" adapterTypeName="Microsoft.VisualStudio.TestTools.TestTypes.Unit.UnitTestAdapter, Microsoft.VisualStudio.QualityTools.Tips.UnitTest.Adapter, Version=10.0.0.0, Culture=neutral, PublicKeyToken=b03f5f7f11d50a3a" className="Humpback.Tests.SQLServerFormatterTest, Humpback.Tests, Version=1.0.0.0, Culture=neutral, PublicKeyToken=null" name="SqlFormatterAddColumnTest" />
    </UnitTest>
    <UnitTest name="EnvironmentTestAdd" storage="c:\projects\humpback\humpback.tests\bin\debug\humpback.tests.dll" id="b2badb01-a4d3-5bb4-c5c8-e59600e727e6">
      <Execution id="0d01e825-f996-4e98-9b69-78299d712d47" />
      <TestMethod codeBase="C:/Projects/Humpback/Humpback.Tests/bin/Debug/Humpback.Tests.DLL" adapterTypeName="Microsoft.VisualStudio.TestTools.TestTypes.Unit.UnitTestAdapter, Microsoft.VisualStudio.QualityTools.Tips.UnitTest.Adapter, Version=10.0.0.0, Culture=neutral, PublicKeyToken=b03f5f7f11d50a3a" className="Humpback.Tests.ConfigurationTest, Humpback.Tests, Version=1.0.0.0, Culture=neutral, PublicKeyToken=null" name="EnvironmentTestAdd" />
    </UnitTest>
    <UnitTest name="SqlFormatterAddTableReferenceTest" storage="c:\projects\humpback\humpback.tests\bin\debug\humpback.tests.dll" id="d9c6079b-83c7-f50c-b1b8-59be9fe5c717">
      <Execution id="29486f5e-b516-497e-84c1-b82194de52af" />
      <TestMethod codeBase="C:/Projects/Humpback/Humpback.Tests/bin/Debug/Humpback.Tests.DLL" adapterTypeName="Microsoft.VisualStudio.TestTools.TestTypes.Unit.UnitTestAdapter, Microsoft.VisualStudio.QualityTools.Tips.UnitTest.Adapter, Version=10.0.0.0, Culture=neutral, PublicKeyToken=b03f5f7f11d50a3a" className="Humpback.Tests.SQLServerFormatterTest, Humpback.Tests, Version=1.0.0.0, Culture=neutral, PublicKeyToken=null" name="SqlFormatterAddTableReferenceTest" />
    </UnitTest>
    <UnitTest name="SqlFormatterDropTableTest" storage="c:\projects\humpback\humpback.tests\bin\debug\humpback.tests.dll" id="9a492a35-95c4-81bf-5741-83962893c6bd">
      <Execution id="2e8170c6-0bfb-4366-ad2d-84225b3f9667" />
      <TestMethod codeBase="C:/Projects/Humpback/Humpback.Tests/bin/Debug/Humpback.Tests.DLL" adapterTypeName="Microsoft.VisualStudio.TestTools.TestTypes.Unit.UnitTestAdapter, Microsoft.VisualStudio.QualityTools.Tips.UnitTest.Adapter, Version=10.0.0.0, Culture=neutral, PublicKeyToken=b03f5f7f11d50a3a" className="Humpback.Tests.SQLServerFormatterTest, Humpback.Tests, Version=1.0.0.0, Culture=neutral, PublicKeyToken=null" name="SqlFormatterDropTableTest" />
    </UnitTest>
    <UnitTest name="TestForStringOnArray" storage="c:\projects\humpback\humpback.tests\bin\debug\humpback.tests.dll" id="8616b539-ff11-f5fa-cddc-12ec76c45a9e">
      <Execution id="d4b3829e-e5fa-4a93-a35d-633ae5ab756f" />
      <TestMethod codeBase="C:/Projects/Humpback/Humpback.Tests/bin/Debug/Humpback.Tests.DLL" adapterTypeName="Microsoft.VisualStudio.TestTools.TestTypes.Unit.UnitTestAdapter, Microsoft.VisualStudio.QualityTools.Tips.UnitTest.Adapter, Version=10.0.0.0, Culture=neutral, PublicKeyToken=b03f5f7f11d50a3a" className="Humpback.Tests.DynamicTests, Humpback.Tests, Version=1.0.0.0, Culture=neutral, PublicKeyToken=null" name="TestForStringOnArray" />
    </UnitTest>
    <UnitTest name="GeneratorChangeMultipleColumnTest" storage="c:\projects\humpback\humpback.tests\bin\debug\humpback.tests.dll" id="ac0c20c0-6966-79b8-4b6c-7c633eb53e87">
      <Execution id="d62433d7-a01f-451e-8929-a306aaf99930" />
      <TestMethod codeBase="C:/Projects/Humpback/Humpback.Tests/bin/Debug/Humpback.Tests.DLL" adapterTypeName="Microsoft.VisualStudio.TestTools.TestTypes.Unit.UnitTestAdapter, Microsoft.VisualStudio.QualityTools.Tips.UnitTest.Adapter, Version=10.0.0.0, Culture=neutral, PublicKeyToken=b03f5f7f11d50a3a" className="Humpback.Tests.GeneratorTest, Humpback.Tests, Version=1.0.0.0, Culture=neutral, PublicKeyToken=null" name="GeneratorChangeMultipleColumnTest" />
    </UnitTest>
    <UnitTest name="TestForArrayOnString" storage="c:\projects\humpback\humpback.tests\bin\debug\humpback.tests.dll" id="71dd6206-1db7-63ae-e0fc-471c5670527e">
      <Execution id="083e595e-15f4-4c6f-a9c3-3f4869e80393" />
      <TestMethod codeBase="C:/Projects/Humpback/Humpback.Tests/bin/Debug/Humpback.Tests.DLL" adapterTypeName="Microsoft.VisualStudio.TestTools.TestTypes.Unit.UnitTestAdapter, Microsoft.VisualStudio.QualityTools.Tips.UnitTest.Adapter, Version=10.0.0.0, Culture=neutral, PublicKeyToken=b03f5f7f11d50a3a" className="Humpback.Tests.DynamicTests, Humpback.Tests, Version=1.0.0.0, Culture=neutral, PublicKeyToken=null" name="TestForArrayOnString" />
    </UnitTest>
    <UnitTest name="TestGeneratePlainSQLString" storage="c:\projects\humpback\humpback.tests\bin\debug\humpback.tests.dll" id="44f823e3-baf8-a2f1-8bcb-877df097c535">
      <Execution id="ea6bc6a4-4019-4df7-b443-974f9a9f3cf1" />
      <TestMethod codeBase="C:/Projects/Humpback/Humpback.Tests/bin/Debug/Humpback.Tests.DLL" adapterTypeName="Microsoft.VisualStudio.TestTools.TestTypes.Unit.UnitTestAdapter, Microsoft.VisualStudio.QualityTools.Tips.UnitTest.Adapter, Version=10.0.0.0, Culture=neutral, PublicKeyToken=b03f5f7f11d50a3a" className="Humpback.Tests.SQLGeneratorTests, Humpback.Tests, Version=1.0.0.0, Culture=neutral, PublicKeyToken=null" name="TestGeneratePlainSQLString" />
    </UnitTest>
    <UnitTest name="ConfigurationConstructorTestDefaultConstructor" storage="c:\projects\humpback\humpback.tests\bin\debug\humpback.tests.dll" id="561a8314-b780-173e-57e0-31e74c4df3cf">
      <Execution id="ef8b289a-7fde-43db-aeb2-9a33419ec11d" />
      <TestMethod codeBase="C:/Projects/Humpback/Humpback.Tests/bin/Debug/Humpback.Tests.DLL" adapterTypeName="Microsoft.VisualStudio.TestTools.TestTypes.Unit.UnitTestAdapter, Microsoft.VisualStudio.QualityTools.Tips.UnitTest.Adapter, Version=10.0.0.0, Culture=neutral, PublicKeyToken=b03f5f7f11d50a3a" className="Humpback.Tests.ConfigurationTest, Humpback.Tests, Version=1.0.0.0, Culture=neutral, PublicKeyToken=null" name="ConfigurationConstructorTestDefaultConstructor" />
    </UnitTest>
    <UnitTest name="SqlFormatterDropIndexTest" storage="c:\projects\humpback\humpback.tests\bin\debug\humpback.tests.dll" id="df1cc607-527c-2f80-18f8-81c729911b19">
      <Execution id="2f643922-6849-44ac-aed7-2fa41d06494d" />
      <TestMethod codeBase="C:/Projects/Humpback/Humpback.Tests/bin/Debug/Humpback.Tests.DLL" adapterTypeName="Microsoft.VisualStudio.TestTools.TestTypes.Unit.UnitTestAdapter, Microsoft.VisualStudio.QualityTools.Tips.UnitTest.Adapter, Version=10.0.0.0, Culture=neutral, PublicKeyToken=b03f5f7f11d50a3a" className="Humpback.Tests.SQLServerFormatterTest, Humpback.Tests, Version=1.0.0.0, Culture=neutral, PublicKeyToken=null" name="SqlFormatterDropIndexTest" />
    </UnitTest>
    <UnitTest name="EnvironmentTestFlavor" storage="c:\projects\humpback\humpback.tests\bin\debug\humpback.tests.dll" id="e5422223-4a43-76a5-9333-72544862540e">
      <Execution id="cd1c8a2c-8ccc-4f16-a3f5-2b01ff95137a" />
      <TestMethod codeBase="C:/Projects/Humpback/Humpback.Tests/bin/Debug/Humpback.Tests.DLL" adapterTypeName="Microsoft.VisualStudio.TestTools.TestTypes.Unit.UnitTestAdapter, Microsoft.VisualStudio.QualityTools.Tips.UnitTest.Adapter, Version=10.0.0.0, Culture=neutral, PublicKeyToken=b03f5f7f11d50a3a" className="Humpback.Tests.ConfigurationTest, Humpback.Tests, Version=1.0.0.0, Culture=neutral, PublicKeyToken=null" name="EnvironmentTestFlavor" />
    </UnitTest>
    <UnitTest name="GeneratorAddTableMultipleColumn" storage="c:\projects\humpback\humpback.tests\bin\debug\humpback.tests.dll" id="7f896794-b7c7-3810-619d-60223efc527e">
      <Execution id="ee1a774d-4c6e-400e-a22e-d24fc044d242" />
      <TestMethod codeBase="C:/Projects/Humpback/Humpback.Tests/bin/Debug/Humpback.Tests.DLL" adapterTypeName="Microsoft.VisualStudio.TestTools.TestTypes.Unit.UnitTestAdapter, Microsoft.VisualStudio.QualityTools.Tips.UnitTest.Adapter, Version=10.0.0.0, Culture=neutral, PublicKeyToken=b03f5f7f11d50a3a" className="Humpback.Tests.GeneratorTest, Humpback.Tests, Version=1.0.0.0, Culture=neutral, PublicKeyToken=null" name="GeneratorAddTableMultipleColumn" />
    </UnitTest>
    <UnitTest name="HelpModifierTest_S_and_Ensure_Run_Off" storage="c:\projects\humpback\humpback.tests\bin\debug\humpback.tests.dll" id="d36c404f-9cbf-9a72-0ca6-674693b7650a">
      <Execution id="21a04be6-cbc9-4514-be6a-0a2e18b5cf12" />
      <TestMethod codeBase="C:/Projects/Humpback/Humpback.Tests/bin/Debug/Humpback.Tests.DLL" adapterTypeName="Microsoft.VisualStudio.TestTools.TestTypes.Unit.UnitTestAdapter, Microsoft.VisualStudio.QualityTools.Tips.UnitTest.Adapter, Version=10.0.0.0, Culture=neutral, PublicKeyToken=b03f5f7f11d50a3a" className="Humpback.Tests.ConfigurationTest, Humpback.Tests, Version=1.0.0.0, Culture=neutral, PublicKeyToken=null" name="HelpModifierTest_S_and_Ensure_Run_Off" />
    </UnitTest>
    <UnitTest name="GeneratorAddSingleColumnTest" storage="c:\projects\humpback\humpback.tests\bin\debug\humpback.tests.dll" id="f06f0d8c-2149-231d-5806-47e9c07d846e">
      <Execution id="91b77924-1fb4-4d87-bcc9-f138871242c1" />
      <TestMethod codeBase="C:/Projects/Humpback/Humpback.Tests/bin/Debug/Humpback.Tests.DLL" adapterTypeName="Microsoft.VisualStudio.TestTools.TestTypes.Unit.UnitTestAdapter, Microsoft.VisualStudio.QualityTools.Tips.UnitTest.Adapter, Version=10.0.0.0, Culture=neutral, PublicKeyToken=b03f5f7f11d50a3a" className="Humpback.Tests.GeneratorTest, Humpback.Tests, Version=1.0.0.0, Culture=neutral, PublicKeyToken=null" name="GeneratorAddSingleColumnTest" />
    </UnitTest>
    <UnitTest name="SqlFormatterAddColumnReferenceTest" storage="c:\projects\humpback\humpback.tests\bin\debug\humpback.tests.dll" id="817536ec-3ac9-c694-54db-1da1a386b924">
      <Execution id="a1e7c3ab-3b78-4c15-afa6-848b2d0abed8" />
      <TestMethod codeBase="C:/Projects/Humpback/Humpback.Tests/bin/Debug/Humpback.Tests.DLL" adapterTypeName="Microsoft.VisualStudio.TestTools.TestTypes.Unit.UnitTestAdapter, Microsoft.VisualStudio.QualityTools.Tips.UnitTest.Adapter, Version=10.0.0.0, Culture=neutral, PublicKeyToken=b03f5f7f11d50a3a" className="Humpback.Tests.SQLServerFormatterTest, Humpback.Tests, Version=1.0.0.0, Culture=neutral, PublicKeyToken=null" name="SqlFormatterAddColumnReferenceTest" />
    </UnitTest>
    <UnitTest name="HelpModifierTest_G" storage="c:\projects\humpback\humpback.tests\bin\debug\humpback.tests.dll" id="311db638-4b68-3900-bf42-4b797187ac8a">
      <Execution id="b6b4d036-2566-4cfc-9c53-82cae002c69c" />
      <TestMethod codeBase="C:/Projects/Humpback/Humpback.Tests/bin/Debug/Humpback.Tests.DLL" adapterTypeName="Microsoft.VisualStudio.TestTools.TestTypes.Unit.UnitTestAdapter, Microsoft.VisualStudio.QualityTools.Tips.UnitTest.Adapter, Version=10.0.0.0, Culture=neutral, PublicKeyToken=b03f5f7f11d50a3a" className="Humpback.Tests.ConfigurationTest, Humpback.Tests, Version=1.0.0.0, Culture=neutral, PublicKeyToken=null" name="HelpModifierTest_G" />
    </UnitTest>
    <UnitTest name="GeneratorRemoveColumn" storage="c:\projects\humpback\humpback.tests\bin\debug\humpback.tests.dll" id="e493e469-79fd-ce9c-3be1-757f4015d392">
      <Execution id="9acdfea7-1c63-44c0-92b8-c0ed0e7d32fd" />
      <TestMethod codeBase="C:/Projects/Humpback/Humpback.Tests/bin/Debug/Humpback.Tests.DLL" adapterTypeName="Microsoft.VisualStudio.TestTools.TestTypes.Unit.UnitTestAdapter, Microsoft.VisualStudio.QualityTools.Tips.UnitTest.Adapter, Version=10.0.0.0, Culture=neutral, PublicKeyToken=b03f5f7f11d50a3a" className="Humpback.Tests.GeneratorTest, Humpback.Tests, Version=1.0.0.0, Culture=neutral, PublicKeyToken=null" name="GeneratorRemoveColumn" />
    </UnitTest>
    <UnitTest name="GenerateTest" storage="c:\projects\humpback\humpback.tests\bin\debug\humpback.tests.dll" id="7eda8c0b-4083-4def-9614-a659eccc9620">
      <Execution id="2fc02da6-0b7d-4971-8361-0b7d475986a2" />
      <TestMethod codeBase="C:/Projects/Humpback/Humpback.Tests/bin/Debug/Humpback.Tests.DLL" adapterTypeName="Microsoft.VisualStudio.TestTools.TestTypes.Unit.UnitTestAdapter, Microsoft.VisualStudio.QualityTools.Tips.UnitTest.Adapter, Version=10.0.0.0, Culture=neutral, PublicKeyToken=b03f5f7f11d50a3a" className="Humpback.Tests.ConfigurationTest, Humpback.Tests, Version=1.0.0.0, Culture=neutral, PublicKeyToken=null" name="GenerateTest" />
    </UnitTest>
    <UnitTest name="BasicGenerateErrorTest" storage="c:\projects\humpback\humpback.tests\bin\debug\humpback.tests.dll" id="bb1a840f-7c75-47b3-fb81-a8b38c6bbd4f">
      <Execution id="94850462-1242-436a-8d9b-359d56a8c231" />
      <TestMethod codeBase="C:/Projects/Humpback/Humpback.Tests/bin/Debug/Humpback.Tests.DLL" adapterTypeName="Microsoft.VisualStudio.TestTools.TestTypes.Unit.UnitTestAdapter, Microsoft.VisualStudio.QualityTools.Tips.UnitTest.Adapter, Version=10.0.0.0, Culture=neutral, PublicKeyToken=b03f5f7f11d50a3a" className="Humpback.Tests.ConfigurationTest, Humpback.Tests, Version=1.0.0.0, Culture=neutral, PublicKeyToken=null" name="BasicGenerateErrorTest" />
    </UnitTest>
    <UnitTest name="HelpModifierTest_R" storage="c:\projects\humpback\humpback.tests\bin\debug\humpback.tests.dll" id="289d24b8-7498-9a77-6aaf-02719bbf6dbf">
      <Execution id="765e082e-c260-41ea-bb94-c2d37072200e" />
      <TestMethod codeBase="C:/Projects/Humpback/Humpback.Tests/bin/Debug/Humpback.Tests.DLL" adapterTypeName="Microsoft.VisualStudio.TestTools.TestTypes.Unit.UnitTestAdapter, Microsoft.VisualStudio.QualityTools.Tips.UnitTest.Adapter, Version=10.0.0.0, Culture=neutral, PublicKeyToken=b03f5f7f11d50a3a" className="Humpback.Tests.ConfigurationTest, Humpback.Tests, Version=1.0.0.0, Culture=neutral, PublicKeyToken=null" name="HelpModifierTest_R" />
    </UnitTest>
    <UnitTest name="EnvironmentTestDir" storage="c:\projects\humpback\humpback.tests\bin\debug\humpback.tests.dll" id="4ec5d776-a082-2b7a-d6be-4f76f8d00f67">
      <Execution id="c18eb949-95be-4a0c-9402-3badf99b15b6" />
      <TestMethod codeBase="C:/Projects/Humpback/Humpback.Tests/bin/Debug/Humpback.Tests.DLL" adapterTypeName="Microsoft.VisualStudio.TestTools.TestTypes.Unit.UnitTestAdapter, Microsoft.VisualStudio.QualityTools.Tips.UnitTest.Adapter, Version=10.0.0.0, Culture=neutral, PublicKeyToken=b03f5f7f11d50a3a" className="Humpback.Tests.ConfigurationTest, Humpback.Tests, Version=1.0.0.0, Culture=neutral, PublicKeyToken=null" name="EnvironmentTestDir" />
    </UnitTest>
    <UnitTest name="HelpModifierTest_Run" storage="c:\projects\humpback\humpback.tests\bin\debug\humpback.tests.dll" id="0bd60c8b-330c-58f9-5cd5-451e64e5064d">
      <Execution id="79333adc-4cdd-4121-aa11-6e5ce9e51b62" />
      <TestMethod codeBase="C:/Projects/Humpback/Humpback.Tests/bin/Debug/Humpback.Tests.DLL" adapterTypeName="Microsoft.VisualStudio.TestTools.TestTypes.Unit.UnitTestAdapter, Microsoft.VisualStudio.QualityTools.Tips.UnitTest.Adapter, Version=10.0.0.0, Culture=neutral, PublicKeyToken=b03f5f7f11d50a3a" className="Humpback.Tests.ConfigurationTest, Humpback.Tests, Version=1.0.0.0, Culture=neutral, PublicKeyToken=null" name="HelpModifierTest_Run" />
    </UnitTest>
    <UnitTest name="GenerateTest_ModifyTable" storage="c:\projects\humpback\humpback.tests\bin\debug\humpback.tests.dll" id="669bad0e-ab50-8768-3d79-24a420607811">
      <Execution id="69f8418d-9b6f-47e0-9829-d9c6e786b3cf" />
      <TestMethod codeBase="C:/Projects/Humpback/Humpback.Tests/bin/Debug/Humpback.Tests.DLL" adapterTypeName="Microsoft.VisualStudio.TestTools.TestTypes.Unit.UnitTestAdapter, Microsoft.VisualStudio.QualityTools.Tips.UnitTest.Adapter, Version=10.0.0.0, Culture=neutral, PublicKeyToken=b03f5f7f11d50a3a" className="Humpback.Tests.ConfigurationTest, Humpback.Tests, Version=1.0.0.0, Culture=neutral, PublicKeyToken=null" name="GenerateTest_ModifyTable" />
    </UnitTest>
    <UnitTest name="TestGeneratePlainSQLStringArrayDown" storage="c:\projects\humpback\humpback.tests\bin\debug\humpback.tests.dll" id="e2673458-a0dd-29e1-8ae8-ec51fe236682">
      <Execution id="76560a4f-1ffa-435b-89d6-a9bfeeaac15c" />
      <TestMethod codeBase="C:/Projects/Humpback/Humpback.Tests/bin/Debug/Humpback.Tests.DLL" adapterTypeName="Microsoft.VisualStudio.TestTools.TestTypes.Unit.UnitTestAdapter, Microsoft.VisualStudio.QualityTools.Tips.UnitTest.Adapter, Version=10.0.0.0, Culture=neutral, PublicKeyToken=b03f5f7f11d50a3a" className="Humpback.Tests.SQLGeneratorTests, Humpback.Tests, Version=1.0.0.0, Culture=neutral, PublicKeyToken=null" name="TestGeneratePlainSQLStringArrayDown" />
    </UnitTest>
    <UnitTest name="SqlFormatterDrop2TableTest" storage="c:\projects\humpback\humpback.tests\bin\debug\humpback.tests.dll" id="53bdf8b3-0cb0-c5cc-f9bd-dc976049c613">
      <Execution id="f3680cc4-a2ae-4a20-b024-e38a9aeeb573" />
      <TestMethod codeBase="C:/Projects/Humpback/Humpback.Tests/bin/Debug/Humpback.Tests.DLL" adapterTypeName="Microsoft.VisualStudio.TestTools.TestTypes.Unit.UnitTestAdapter, Microsoft.VisualStudio.QualityTools.Tips.UnitTest.Adapter, Version=10.0.0.0, Culture=neutral, PublicKeyToken=b03f5f7f11d50a3a" className="Humpback.Tests.SQLServerFormatterTest, Humpback.Tests, Version=1.0.0.0, Culture=neutral, PublicKeyToken=null" name="SqlFormatterDrop2TableTest" />
    </UnitTest>
    <UnitTest name="EnvironmentTestRename" storage="c:\projects\humpback\humpback.tests\bin\debug\humpback.tests.dll" id="1b8a7801-d82d-1746-889b-a337f48ed4dd">
      <Execution id="8d1951a4-75f7-4976-a122-1d142c1a490c" />
      <TestMethod codeBase="C:/Projects/Humpback/Humpback.Tests/bin/Debug/Humpback.Tests.DLL" adapterTypeName="Microsoft.VisualStudio.TestTools.TestTypes.Unit.UnitTestAdapter, Microsoft.VisualStudio.QualityTools.Tips.UnitTest.Adapter, Version=10.0.0.0, Culture=neutral, PublicKeyToken=b03f5f7f11d50a3a" className="Humpback.Tests.ConfigurationTest, Humpback.Tests, Version=1.0.0.0, Culture=neutral, PublicKeyToken=null" name="EnvironmentTestRename" />
    </UnitTest>
    <UnitTest name="BasicRunTest" storage="c:\projects\humpback\humpback.tests\bin\debug\humpback.tests.dll" id="6085e726-dd8d-693b-9aae-ed39953bc073">
      <Execution id="1ca77a50-842e-40d3-b047-8950be6ae030" />
      <TestMethod codeBase="C:/Projects/Humpback/Humpback.Tests/bin/Debug/Humpback.Tests.DLL" adapterTypeName="Microsoft.VisualStudio.TestTools.TestTypes.Unit.UnitTestAdapter, Microsoft.VisualStudio.QualityTools.Tips.UnitTest.Adapter, Version=10.0.0.0, Culture=neutral, PublicKeyToken=b03f5f7f11d50a3a" className="Humpback.Tests.ConfigurationTest, Humpback.Tests, Version=1.0.0.0, Culture=neutral, PublicKeyToken=null" name="BasicRunTest" />
    </UnitTest>
    <UnitTest name="GeneratorAddIndexTest" storage="c:\projects\humpback\humpback.tests\bin\debug\humpback.tests.dll" id="82bd9517-f389-4445-1fce-8aa42a855b86">
      <Execution id="785c645a-f2d0-47ab-b587-f1832fb1cf03" />
      <TestMethod codeBase="C:/Projects/Humpback/Humpback.Tests/bin/Debug/Humpback.Tests.DLL" adapterTypeName="Microsoft.VisualStudio.TestTools.TestTypes.Unit.UnitTestAdapter, Microsoft.VisualStudio.QualityTools.Tips.UnitTest.Adapter, Version=10.0.0.0, Culture=neutral, PublicKeyToken=b03f5f7f11d50a3a" className="Humpback.Tests.GeneratorTest, Humpback.Tests, Version=1.0.0.0, Culture=neutral, PublicKeyToken=null" name="GeneratorAddIndexTest" />
    </UnitTest>
    <UnitTest name="HelpTest_HELP" storage="c:\projects\humpback\humpback.tests\bin\debug\humpback.tests.dll" id="f7bb9a21-a4c3-3fc0-8813-25cea4ce6edc">
      <Execution id="aa597306-f909-44ed-a3a4-6a57d4620756" />
      <TestMethod codeBase="C:/Projects/Humpback/Humpback.Tests/bin/Debug/Humpback.Tests.DLL" adapterTypeName="Microsoft.VisualStudio.TestTools.TestTypes.Unit.UnitTestAdapter, Microsoft.VisualStudio.QualityTools.Tips.UnitTest.Adapter, Version=10.0.0.0, Culture=neutral, PublicKeyToken=b03f5f7f11d50a3a" className="Humpback.Tests.ConfigurationTest, Humpback.Tests, Version=1.0.0.0, Culture=neutral, PublicKeyToken=null" name="HelpTest_HELP" />
    </UnitTest>
    <UnitTest name="GeneratorChangeSingleColumnTest" storage="c:\projects\humpback\humpback.tests\bin\debug\humpback.tests.dll" id="a97753fc-8cb0-87d5-3a02-f49b1a000a2a">
      <Execution id="9ae33228-9df1-4630-8e56-96470147a177" />
      <TestMethod codeBase="C:/Projects/Humpback/Humpback.Tests/bin/Debug/Humpback.Tests.DLL" adapterTypeName="Microsoft.VisualStudio.TestTools.TestTypes.Unit.UnitTestAdapter, Microsoft.VisualStudio.QualityTools.Tips.UnitTest.Adapter, Version=10.0.0.0, Culture=neutral, PublicKeyToken=b03f5f7f11d50a3a" className="Humpback.Tests.GeneratorTest, Humpback.Tests, Version=1.0.0.0, Culture=neutral, PublicKeyToken=null" name="GeneratorChangeSingleColumnTest" />
    </UnitTest>
    <UnitTest name="EnvironmentTestConnectionString" storage="c:\projects\humpback\humpback.tests\bin\debug\humpback.tests.dll" id="a5719ce4-6290-8d0e-bbaa-fb0f4cae04cb">
      <Execution id="3e4120f9-3793-4b75-9232-116f575ba97c" />
      <TestMethod codeBase="C:/Projects/Humpback/Humpback.Tests/bin/Debug/Humpback.Tests.DLL" adapterTypeName="Microsoft.VisualStudio.TestTools.TestTypes.Unit.UnitTestAdapter, Microsoft.VisualStudio.QualityTools.Tips.UnitTest.Adapter, Version=10.0.0.0, Culture=neutral, PublicKeyToken=b03f5f7f11d50a3a" className="Humpback.Tests.ConfigurationTest, Humpback.Tests, Version=1.0.0.0, Culture=neutral, PublicKeyToken=null" name="EnvironmentTestConnectionString" />
    </UnitTest>
  </TestDefinitions>
  <TestLists>
    <TestList name="Results Not in a List" id="8c84fa94-04c1-424b-9868-57a2d4851a1d" />
    <TestList name="All Loaded Results" id="19431567-8539-422a-85d7-44ee4e166bda" />
  </TestLists>
  <TestEntries>
    <TestEntry testId="e3d50d12-abab-4c5b-f710-5f3f1de8b01b" executionId="61913cec-56d6-43be-b5a5-2d67041885c9" testListId="8c84fa94-04c1-424b-9868-57a2d4851a1d" />
    <TestEntry testId="d24e533b-e361-fd8b-5f8c-9fe89753d6c0" executionId="0cd51afb-2be1-49f2-b8f3-9f0968a9147d" testListId="8c84fa94-04c1-424b-9868-57a2d4851a1d" />
    <TestEntry testId="7f896794-b7c7-3810-619d-60223efc527e" executionId="ee1a774d-4c6e-400e-a22e-d24fc044d242" testListId="8c84fa94-04c1-424b-9868-57a2d4851a1d" />
    <TestEntry testId="058de0ad-729f-7726-204c-f9b6197ace80" executionId="6d55e466-e423-4722-a5a8-8e6541b7af8d" testListId="8c84fa94-04c1-424b-9868-57a2d4851a1d" />
    <TestEntry testId="e493e469-79fd-ce9c-3be1-757f4015d392" executionId="9acdfea7-1c63-44c0-92b8-c0ed0e7d32fd" testListId="8c84fa94-04c1-424b-9868-57a2d4851a1d" />
    <TestEntry testId="f06f0d8c-2149-231d-5806-47e9c07d846e" executionId="91b77924-1fb4-4d87-bcc9-f138871242c1" testListId="8c84fa94-04c1-424b-9868-57a2d4851a1d" />
    <TestEntry testId="b5bbd01e-9ce5-7737-6c5e-33b038bbfcef" executionId="47911c13-ec1f-4c35-8047-e836987cf08a" testListId="8c84fa94-04c1-424b-9868-57a2d4851a1d" />
    <TestEntry testId="90f97baa-3070-9016-3865-a65e9e00b567" executionId="4719ede3-d20a-4098-8ad5-3117bae02ef8" testListId="8c84fa94-04c1-424b-9868-57a2d4851a1d" />
    <TestEntry testId="e3746a4e-3caf-94de-d5a9-64823fac0d7b" executionId="40d71e62-6b7d-4911-b262-8b4a53f6e25a" testListId="8c84fa94-04c1-424b-9868-57a2d4851a1d" />
    <TestEntry testId="eea9a346-9943-e3ff-416c-0311a8030615" executionId="182aaac7-b6c5-4fbb-8295-39e2104191af" testListId="8c84fa94-04c1-424b-9868-57a2d4851a1d" />
    <TestEntry testId="a97753fc-8cb0-87d5-3a02-f49b1a000a2a" executionId="9ae33228-9df1-4630-8e56-96470147a177" testListId="8c84fa94-04c1-424b-9868-57a2d4851a1d" />
    <TestEntry testId="ac0c20c0-6966-79b8-4b6c-7c633eb53e87" executionId="d62433d7-a01f-451e-8929-a306aaf99930" testListId="8c84fa94-04c1-424b-9868-57a2d4851a1d" />
    <TestEntry testId="82bd9517-f389-4445-1fce-8aa42a855b86" executionId="785c645a-f2d0-47ab-b587-f1832fb1cf03" testListId="8c84fa94-04c1-424b-9868-57a2d4851a1d" />
    <TestEntry testId="a32922e2-f1df-7982-29dc-57f3885bc9ec" executionId="70d51e33-f53b-4b8c-9794-621e344895e1" testListId="8c84fa94-04c1-424b-9868-57a2d4851a1d" />
    <TestEntry testId="2a84bd86-8ca4-1eec-bb5f-cdc52d11f0ed" executionId="1880b5a3-82e3-45c7-a3be-25c7e75b2dcd" testListId="8c84fa94-04c1-424b-9868-57a2d4851a1d" />
    <TestEntry testId="e7403101-b8a8-6884-112a-c39c176e3e12" executionId="929f3fb9-ed65-4ac6-bf56-6726df231911" testListId="8c84fa94-04c1-424b-9868-57a2d4851a1d" />
    <TestEntry testId="274b4467-35d6-4a34-11dc-f60e719c1a5c" executionId="702b9732-fb89-4088-b634-c910e72fbcaf" testListId="8c84fa94-04c1-424b-9868-57a2d4851a1d" />
    <TestEntry testId="932f94f6-db59-e4fb-db9c-4892e9feb731" executionId="9dd2d76e-e471-4c7d-a083-43e8ec2b423f" testListId="8c84fa94-04c1-424b-9868-57a2d4851a1d" />
    <TestEntry testId="9a492a35-95c4-81bf-5741-83962893c6bd" executionId="2e8170c6-0bfb-4366-ad2d-84225b3f9667" testListId="8c84fa94-04c1-424b-9868-57a2d4851a1d" />
    <TestEntry testId="53bdf8b3-0cb0-c5cc-f9bd-dc976049c613" executionId="f3680cc4-a2ae-4a20-b024-e38a9aeeb573" testListId="8c84fa94-04c1-424b-9868-57a2d4851a1d" />
    <TestEntry testId="7b132a8e-2b56-7bd7-f605-35a2acab7b8e" executionId="f656adb7-3891-4286-9871-26054d15b966" testListId="8c84fa94-04c1-424b-9868-57a2d4851a1d" />
    <TestEntry testId="817536ec-3ac9-c694-54db-1da1a386b924" executionId="a1e7c3ab-3b78-4c15-afa6-848b2d0abed8" testListId="8c84fa94-04c1-424b-9868-57a2d4851a1d" />
    <TestEntry testId="d9c6079b-83c7-f50c-b1b8-59be9fe5c717" executionId="29486f5e-b516-497e-84c1-b82194de52af" testListId="8c84fa94-04c1-424b-9868-57a2d4851a1d" />
    <TestEntry testId="a8a040ac-527d-a3e5-eb1e-6eb6f9128096" executionId="2ee55442-48d6-4d68-b23e-a0bd44aa6379" testListId="8c84fa94-04c1-424b-9868-57a2d4851a1d" />
    <TestEntry testId="6fa915c5-6ab5-24c3-610a-84f83ee2d7ae" executionId="b0aaf399-2cea-4c35-94ef-7106e396fcba" testListId="8c84fa94-04c1-424b-9868-57a2d4851a1d" />
    <TestEntry testId="c4268f76-efd3-124d-873f-390998bcba88" executionId="6dc42fd5-4a46-4351-bffd-279a51bc7b2c" testListId="8c84fa94-04c1-424b-9868-57a2d4851a1d" />
    <TestEntry testId="df1cc607-527c-2f80-18f8-81c729911b19" executionId="2f643922-6849-44ac-aed7-2fa41d06494d" testListId="8c84fa94-04c1-424b-9868-57a2d4851a1d" />
    <TestEntry testId="44f823e3-baf8-a2f1-8bcb-877df097c535" executionId="ea6bc6a4-4019-4df7-b443-974f9a9f3cf1" testListId="8c84fa94-04c1-424b-9868-57a2d4851a1d" />
    <TestEntry testId="67302ab4-5dc8-75b9-8b54-6f42f8cae66b" executionId="0c6d077f-289a-43bf-80cb-d7c2f343f134" testListId="8c84fa94-04c1-424b-9868-57a2d4851a1d" />
    <TestEntry testId="f2fd06d6-bc32-5afa-9fd6-c66d5415c515" executionId="962ba6db-ae4c-451f-8f5d-29870dc58712" testListId="8c84fa94-04c1-424b-9868-57a2d4851a1d" />
    <TestEntry testId="e2673458-a0dd-29e1-8ae8-ec51fe236682" executionId="76560a4f-1ffa-435b-89d6-a9bfeeaac15c" testListId="8c84fa94-04c1-424b-9868-57a2d4851a1d" />
    <TestEntry testId="08b5b9c9-6f47-d78c-ccbb-c81dcaf801d4" executionId="a8145f68-0264-4deb-b787-7f19c42a866e" testListId="8c84fa94-04c1-424b-9868-57a2d4851a1d" />
    <TestEntry testId="71dd6206-1db7-63ae-e0fc-471c5670527e" executionId="083e595e-15f4-4c6f-a9c3-3f4869e80393" testListId="8c84fa94-04c1-424b-9868-57a2d4851a1d" />
    <TestEntry testId="d5cc0cd9-833d-a38d-dcfc-767927d698f4" executionId="8aab8966-f756-4d30-ae2e-112e79e58581" testListId="8c84fa94-04c1-424b-9868-57a2d4851a1d" />
    <TestEntry testId="8616b539-ff11-f5fa-cddc-12ec76c45a9e" executionId="d4b3829e-e5fa-4a93-a35d-633ae5ab756f" testListId="8c84fa94-04c1-424b-9868-57a2d4851a1d" />
    <TestEntry testId="20d19967-444e-dc24-b335-97edc08b5909" executionId="ad6f60f1-39c1-47b9-bc3b-ee89c2d6a6f9" testListId="8c84fa94-04c1-424b-9868-57a2d4851a1d" />
    <TestEntry testId="a48aa486-0eb9-1571-ae7a-ae83f5502512" executionId="2af1c518-7aa4-45c2-ac68-9c4c98811245" testListId="8c84fa94-04c1-424b-9868-57a2d4851a1d" />
    <TestEntry testId="561a8314-b780-173e-57e0-31e74c4df3cf" executionId="ef8b289a-7fde-43db-aeb2-9a33419ec11d" testListId="8c84fa94-04c1-424b-9868-57a2d4851a1d" />
    <TestEntry testId="3aa6cae7-870d-5dc1-6dfc-f66069c5d485" executionId="d1368441-a932-4ae5-aa3c-8031ccae9656" testListId="8c84fa94-04c1-424b-9868-57a2d4851a1d" />
    <TestEntry testId="0356bc7f-811f-e594-9294-69e99427592b" executionId="ef8f884d-29f3-47f1-9af8-bbc4be170f11" testListId="8c84fa94-04c1-424b-9868-57a2d4851a1d" />
    <TestEntry testId="92dbc9fd-8625-52e9-87e0-f4f933c33d3e" executionId="09257055-3e82-47f8-8ac8-3e3e43adf22f" testListId="8c84fa94-04c1-424b-9868-57a2d4851a1d" />
    <TestEntry testId="f7bb9a21-a4c3-3fc0-8813-25cea4ce6edc" executionId="aa597306-f909-44ed-a3a4-6a57d4620756" testListId="8c84fa94-04c1-424b-9868-57a2d4851a1d" />
    <TestEntry testId="156e597f-0b1d-a2d7-359e-abcce95cc492" executionId="0ad23c18-66a4-4ec2-9f0c-01f0d82fe089" testListId="8c84fa94-04c1-424b-9868-57a2d4851a1d" />
    <TestEntry testId="0bd60c8b-330c-58f9-5cd5-451e64e5064d" executionId="79333adc-4cdd-4121-aa11-6e5ce9e51b62" testListId="8c84fa94-04c1-424b-9868-57a2d4851a1d" />
    <TestEntry testId="bffd13bd-a98a-7359-d86a-98f61a84657f" executionId="bf547d5e-cc41-47fd-910c-8c1b1e0a7bd4" testListId="8c84fa94-04c1-424b-9868-57a2d4851a1d" />
    <TestEntry testId="dbcb9613-54a5-05d2-9009-31ab037ddbcd" executionId="ca575c45-8ad5-4429-9a41-09776e1018c3" testListId="8c84fa94-04c1-424b-9868-57a2d4851a1d" />
    <TestEntry testId="90590812-d0cd-47d6-f358-c315d0722334" executionId="c8675b28-a3c1-467c-9863-ac675e892190" testListId="8c84fa94-04c1-424b-9868-57a2d4851a1d" />
    <TestEntry testId="5e541083-8183-1e9e-0c99-d0d43511a838" executionId="ea0306f3-2a37-4981-a9c9-f8ff4b687686" testListId="8c84fa94-04c1-424b-9868-57a2d4851a1d" />
    <TestEntry testId="289d24b8-7498-9a77-6aaf-02719bbf6dbf" executionId="765e082e-c260-41ea-bb94-c2d37072200e" testListId="8c84fa94-04c1-424b-9868-57a2d4851a1d" />
    <TestEntry testId="70f03247-8a89-43a1-08ac-8bf7b89adba6" executionId="a2a09830-edb2-4fa4-b36c-7123b88b8325" testListId="8c84fa94-04c1-424b-9868-57a2d4851a1d" />
    <TestEntry testId="311db638-4b68-3900-bf42-4b797187ac8a" executionId="b6b4d036-2566-4cfc-9c53-82cae002c69c" testListId="8c84fa94-04c1-424b-9868-57a2d4851a1d" />
    <TestEntry testId="d36c404f-9cbf-9a72-0ca6-674693b7650a" executionId="21a04be6-cbc9-4514-be6a-0a2e18b5cf12" testListId="8c84fa94-04c1-424b-9868-57a2d4851a1d" />
    <TestEntry testId="977522ec-36ab-7467-e984-16e06673af6f" executionId="6280938e-7f3c-44d7-92d4-a71872f89e55" testListId="8c84fa94-04c1-424b-9868-57a2d4851a1d" />
    <TestEntry testId="a1158286-c9a0-d3c5-048f-b0851d3cf5b7" executionId="d1e47965-9651-463c-aa44-ec22b79afded" testListId="8c84fa94-04c1-424b-9868-57a2d4851a1d" />
    <TestEntry testId="9efa9754-2bd6-6a4e-e57a-a525ac22479a" executionId="50bea16f-4d98-49fa-976e-8b90a640b062" testListId="8c84fa94-04c1-424b-9868-57a2d4851a1d" />
    <TestEntry testId="bb1a840f-7c75-47b3-fb81-a8b38c6bbd4f" executionId="94850462-1242-436a-8d9b-359d56a8c231" testListId="8c84fa94-04c1-424b-9868-57a2d4851a1d" />
    <TestEntry testId="cc3c90a7-a6c8-747e-feb1-95a067a4287c" executionId="4c57b5c0-417d-49aa-a32c-618735bbaa5b" testListId="8c84fa94-04c1-424b-9868-57a2d4851a1d" />
    <TestEntry testId="7eda8c0b-4083-4def-9614-a659eccc9620" executionId="2fc02da6-0b7d-4971-8361-0b7d475986a2" testListId="8c84fa94-04c1-424b-9868-57a2d4851a1d" />
    <TestEntry testId="ada74037-4e7b-b673-a356-32752802c102" executionId="a5e216bf-73c2-4d15-815b-ad76c49ff2b6" testListId="8c84fa94-04c1-424b-9868-57a2d4851a1d" />
    <TestEntry testId="669bad0e-ab50-8768-3d79-24a420607811" executionId="69f8418d-9b6f-47e0-9829-d9c6e786b3cf" testListId="8c84fa94-04c1-424b-9868-57a2d4851a1d" />
    <TestEntry testId="16f64c72-025c-ebb3-6b93-684532a9fa63" executionId="f6f867a3-164e-4cba-a5e4-f52580e80e1c" testListId="8c84fa94-04c1-424b-9868-57a2d4851a1d" />
    <TestEntry testId="6085e726-dd8d-693b-9aae-ed39953bc073" executionId="1ca77a50-842e-40d3-b047-8950be6ae030" testListId="8c84fa94-04c1-424b-9868-57a2d4851a1d" />
    <TestEntry testId="04f82181-a0a0-268d-8961-6593b0283527" executionId="b93d4214-1dd6-4db5-b5bd-06121c47a724" testListId="8c84fa94-04c1-424b-9868-57a2d4851a1d" />
    <TestEntry testId="80d6448f-0f06-5c6f-9efd-c6199e7a4680" executionId="badbb9ff-ac70-4803-9df7-dd4fd8b0f002" testListId="8c84fa94-04c1-424b-9868-57a2d4851a1d" />
    <TestEntry testId="b2badb01-a4d3-5bb4-c5c8-e59600e727e6" executionId="0d01e825-f996-4e98-9b69-78299d712d47" testListId="8c84fa94-04c1-424b-9868-57a2d4851a1d" />
    <TestEntry testId="b8b4c87a-5edf-cb32-37de-b42575b67aae" executionId="09ef3522-27b3-432d-a5d3-2bf06ba0c3d8" testListId="8c84fa94-04c1-424b-9868-57a2d4851a1d" />
    <TestEntry testId="1b8a7801-d82d-1746-889b-a337f48ed4dd" executionId="8d1951a4-75f7-4976-a122-1d142c1a490c" testListId="8c84fa94-04c1-424b-9868-57a2d4851a1d" />
    <TestEntry testId="4ec5d776-a082-2b7a-d6be-4f76f8d00f67" executionId="c18eb949-95be-4a0c-9402-3badf99b15b6" testListId="8c84fa94-04c1-424b-9868-57a2d4851a1d" />
    <TestEntry testId="a5719ce4-6290-8d0e-bbaa-fb0f4cae04cb" executionId="3e4120f9-3793-4b75-9232-116f575ba97c" testListId="8c84fa94-04c1-424b-9868-57a2d4851a1d" />
    <TestEntry testId="e5422223-4a43-76a5-9333-72544862540e" executionId="cd1c8a2c-8ccc-4f16-a3f5-2b01ff95137a" testListId="8c84fa94-04c1-424b-9868-57a2d4851a1d" />
  </TestEntries>
  <Results>
    <UnitTestResult executionId="61913cec-56d6-43be-b5a5-2d67041885c9" testId="e3d50d12-abab-4c5b-f710-5f3f1de8b01b" testName="GeneratorAddTableNoColumnsSpecified" computerName="CUCAMONGA" duration="00:00:00.4635386" startTime="2011-08-17T17:16:54.3103905-07:00" endTime="2011-08-17T17:16:56.9605421-07:00" testType="13cdc9d9-ddb5-4fa4-a97d-d965ccfc6d4b" outcome="Passed" testListId="8c84fa94-04c1-424b-9868-57a2d4851a1d" relativeResultsDirectory="61913cec-56d6-43be-b5a5-2d67041885c9">
      <Output>
        <StdOut>C:\Projects\Humpback\TestResults\Administrator_CUCAMONGA 2011-08-17 17_16_52\Out\db\migrations\20110818001656_AddTable_Users.js
Generating Migration AddTable_Users
{
	"up":{
		"create_table":{
			"name":"Users",
			"timestamps":true,
			"columns":[{
			"name":"column_name_here","type":"string"}]
		}
	},
	"down":{
		"drop_table":"Users"}}</StdOut>
      </Output>
    </UnitTestResult>
    <UnitTestResult executionId="0cd51afb-2be1-49f2-b8f3-9f0968a9147d" testId="d24e533b-e361-fd8b-5f8c-9fe89753d6c0" testName="GeneratorAddTable1Column" computerName="CUCAMONGA" duration="00:00:00.0013456" startTime="2011-08-17T17:16:56.9675425-07:00" endTime="2011-08-17T17:16:56.9755429-07:00" testType="13cdc9d9-ddb5-4fa4-a97d-d965ccfc6d4b" outcome="Passed" testListId="8c84fa94-04c1-424b-9868-57a2d4851a1d" relativeResultsDirectory="0cd51afb-2be1-49f2-b8f3-9f0968a9147d">
      <Output>
        <StdOut>C:\Projects\Humpback\TestResults\Administrator_CUCAMONGA 2011-08-17 17_16_52\Out\db\migrations\20110818001656_AddTable_Users.js
Generating Migration AddTable_Users
{
	"up":{
		"create_table":{
			"name":"Users",
			"timestamps":true,
			"columns":[{
			"name":"first_name","type":"string"}]
		}
	},
	"down":{
		"drop_table":"Users"}}</StdOut>
      </Output>
    </UnitTestResult>
    <UnitTestResult executionId="ee1a774d-4c6e-400e-a22e-d24fc044d242" testId="7f896794-b7c7-3810-619d-60223efc527e" testName="GeneratorAddTableMultipleColumn" computerName="CUCAMONGA" duration="00:00:00.0010120" startTime="2011-08-17T17:16:56.9815433-07:00" endTime="2011-08-17T17:16:56.9885437-07:00" testType="13cdc9d9-ddb5-4fa4-a97d-d965ccfc6d4b" outcome="Passed" testListId="8c84fa94-04c1-424b-9868-57a2d4851a1d" relativeResultsDirectory="ee1a774d-4c6e-400e-a22e-d24fc044d242">
      <Output>
        <StdOut>C:\Projects\Humpback\TestResults\Administrator_CUCAMONGA 2011-08-17 17_16_52\Out\db\migrations\20110818001656_AddTable_Users.js
Generating Migration AddTable_Users
{
	"up":{
		"create_table":{
			"name":"Users",
			"timestamps":true,
			"columns":[{
			"name":"first_name","type":"string"},{
			"name":"last_name","type":"string"}]
		}
	},
	"down":{
		"drop_table":"Users"}}</StdOut>
      </Output>
    </UnitTestResult>
    <UnitTestResult executionId="6d55e466-e423-4722-a5a8-8e6541b7af8d" testId="058de0ad-729f-7726-204c-f9b6197ace80" testName="GeneratorDropTable" computerName="CUCAMONGA" duration="00:00:00.0078574" startTime="2011-08-17T17:16:56.9945440-07:00" endTime="2011-08-17T17:16:57.0075448-07:00" testType="13cdc9d9-ddb5-4fa4-a97d-d965ccfc6d4b" outcome="Passed" testListId="8c84fa94-04c1-424b-9868-57a2d4851a1d" relativeResultsDirectory="6d55e466-e423-4722-a5a8-8e6541b7af8d">
      <Output>
        <StdOut>C:\Projects\Humpback\TestResults\Administrator_CUCAMONGA 2011-08-17 17_16_52\Out\db\migrations\20110818001657_DropTable_Users.js
Generating Migration DropTable_Users
{
	"up":{
		"drop_table":"Users"}}</StdOut>
      </Output>
    </UnitTestResult>
    <UnitTestResult executionId="9acdfea7-1c63-44c0-92b8-c0ed0e7d32fd" testId="e493e469-79fd-ce9c-3be1-757f4015d392" testName="GeneratorRemoveColumn" computerName="CUCAMONGA" duration="00:00:00.0049579" startTime="2011-08-17T17:16:57.0155452-07:00" endTime="2011-08-17T17:16:57.0265459-07:00" testType="13cdc9d9-ddb5-4fa4-a97d-d965ccfc6d4b" outcome="Passed" testListId="8c84fa94-04c1-424b-9868-57a2d4851a1d" relativeResultsDirectory="9acdfea7-1c63-44c0-92b8-c0ed0e7d32fd">
      <Output>
        <StdOut>C:\Projects\Humpback\TestResults\Administrator_CUCAMONGA 2011-08-17 17_16_52\Out\db\migrations\20110818001657_RemoveColumn_Users_first_name.js
Generating Migration RemoveColumn_Users_first_name
{
	"up":{
		"remove_column":{
			"table":"Users",
			"column":"first_name"}}}</StdOut>
      </Output>
    </UnitTestResult>
    <UnitTestResult executionId="91b77924-1fb4-4d87-bcc9-f138871242c1" testId="f06f0d8c-2149-231d-5806-47e9c07d846e" testName="GeneratorAddSingleColumnTest" computerName="CUCAMONGA" duration="00:00:00.0238655" startTime="2011-08-17T17:16:57.0305461-07:00" endTime="2011-08-17T17:16:57.0595477-07:00" testType="13cdc9d9-ddb5-4fa4-a97d-d965ccfc6d4b" outcome="Passed" testListId="8c84fa94-04c1-424b-9868-57a2d4851a1d" relativeResultsDirectory="91b77924-1fb4-4d87-bcc9-f138871242c1">
      <Output>
        <StdOut>C:\Projects\Humpback\TestResults\Administrator_CUCAMONGA 2011-08-17 17_16_52\Out\db\migrations\20110818001657_AddColumn_Users_first_name.js
Generating Migration AddColumn_Users_first_name
{
	"up":{
		"add_column":{
			"table":"Users",
			"columns":[{
			"name":"first_name","type":"string"}]
		}
	},
	"down":{
		"remove_column":{
			"table":"Users",
			"column":"first_name"}}}</StdOut>
      </Output>
    </UnitTestResult>
    <UnitTestResult executionId="47911c13-ec1f-4c35-8047-e836987cf08a" testId="b5bbd01e-9ce5-7737-6c5e-33b038bbfcef" testName="GeneratorAddSingleColumnTest_Escaped_To" computerName="CUCAMONGA" duration="00:00:00.0009426" startTime="2011-08-17T17:16:57.0645480-07:00" endTime="2011-08-17T17:16:57.0725485-07:00" testType="13cdc9d9-ddb5-4fa4-a97d-d965ccfc6d4b" outcome="Passed" testListId="8c84fa94-04c1-424b-9868-57a2d4851a1d" relativeResultsDirectory="47911c13-ec1f-4c35-8047-e836987cf08a">
      <Output>
        <StdOut>C:\Projects\Humpback\TestResults\Administrator_CUCAMONGA 2011-08-17 17_16_52\Out\db\migrations\20110818001657_AddColumn_Users_customer_name.js
Generating Migration AddColumn_Users_customer_name
{
	"up":{
		"add_column":{
			"table":"Users",
			"columns":[{
			"name":"customer_name","type":"string"}]
		}
	},
	"down":{
		"remove_column":{
			"table":"Users",
			"column":"customer_name"}}}</StdOut>
      </Output>
    </UnitTestResult>
    <UnitTestResult executionId="4719ede3-d20a-4098-8ad5-3117bae02ef8" testId="90f97baa-3070-9016-3865-a65e9e00b567" testName="GeneratorAddSingleColumnTestDuplicateTo" computerName="CUCAMONGA" duration="00:00:00.0004232" startTime="2011-08-17T17:16:57.0785488-07:00" endTime="2011-08-17T17:16:57.0845492-07:00" testType="13cdc9d9-ddb5-4fa4-a97d-d965ccfc6d4b" outcome="Passed" testListId="8c84fa94-04c1-424b-9868-57a2d4851a1d" relativeResultsDirectory="4719ede3-d20a-4098-8ad5-3117bae02ef8">
      <Output>
        <StdOut>Humpback is trying to help you.
You Are attempting to add a column to a table, but the letters 'TO' occur in the column name or the table name
You need to use _TO_ with underscores to explicitly specify which to to split the column and table names
For instance AddCustomerName_TO_Orders
Migration NOT Created</StdOut>
      </Output>
    </UnitTestResult>
    <UnitTestResult executionId="40d71e62-6b7d-4911-b262-8b4a53f6e25a" testId="e3746a4e-3caf-94de-d5a9-64823fac0d7b" testName="GeneratorAddMultipleColumnTest" computerName="CUCAMONGA" duration="00:00:00.0007420" startTime="2011-08-17T17:16:57.0885494-07:00" endTime="2011-08-17T17:16:57.0935497-07:00" testType="13cdc9d9-ddb5-4fa4-a97d-d965ccfc6d4b" outcome="Passed" testListId="8c84fa94-04c1-424b-9868-57a2d4851a1d" relativeResultsDirectory="40d71e62-6b7d-4911-b262-8b4a53f6e25a">
      <Output>
        <StdOut>C:\Projects\Humpback\TestResults\Administrator_CUCAMONGA 2011-08-17 17_16_52\Out\db\migrations\20110818001657_AddColumn_Users_first_name.js
Generating Migration AddColumn_Users_first_name
{
	"up":{
		"add_column":{
			"table":"Users",
			"columns":[{
			"name":"first_name","type":"string"},{
			"name":"last_name","type":"string"}]
		}
	},
	"down":{
		"remove_column":{
			"table":"Users",
			"column":"first_name"}}}</StdOut>
      </Output>
    </UnitTestResult>
    <UnitTestResult executionId="182aaac7-b6c5-4fbb-8295-39e2104191af" testId="eea9a346-9943-e3ff-416c-0311a8030615" testName="GeneratorAddReferenceColumnTest" computerName="CUCAMONGA" duration="00:00:00.0006997" startTime="2011-08-17T17:16:57.0975499-07:00" endTime="2011-08-17T17:16:57.1045503-07:00" testType="13cdc9d9-ddb5-4fa4-a97d-d965ccfc6d4b" outcome="Passed" testListId="8c84fa94-04c1-424b-9868-57a2d4851a1d" relativeResultsDirectory="182aaac7-b6c5-4fbb-8295-39e2104191af">
      <Output>
        <StdOut>C:\Projects\Humpback\TestResults\Administrator_CUCAMONGA 2011-08-17 17_16_52\Out\db\migrations\20110818001657_AddColumn_Orders_UserId.js
Generating Migration AddColumn_Orders_UserId
{
	"up":{
		"add_column":{
			"table":"Orders",
			"columns":[{
			"name":"User","type":"reference"}]
		}
	},
	"down":{
		"remove_column":{
			"table":"Orders",
			"column":"UserId"}}}</StdOut>
      </Output>
    </UnitTestResult>
    <UnitTestResult executionId="9ae33228-9df1-4630-8e56-96470147a177" testId="a97753fc-8cb0-87d5-3a02-f49b1a000a2a" testName="GeneratorChangeSingleColumnTest" computerName="CUCAMONGA" duration="00:00:00.0073134" startTime="2011-08-17T17:16:57.1085505-07:00" endTime="2011-08-17T17:16:57.1215513-07:00" testType="13cdc9d9-ddb5-4fa4-a97d-d965ccfc6d4b" outcome="Passed" testListId="8c84fa94-04c1-424b-9868-57a2d4851a1d" relativeResultsDirectory="9ae33228-9df1-4630-8e56-96470147a177">
      <Output>
        <StdOut>C:\Projects\Humpback\TestResults\Administrator_CUCAMONGA 2011-08-17 17_16_52\Out\db\migrations\20110818001657_ChangeColumn_ChangeUsers.js
Generating Migration ChangeColumn_ChangeUsers
{
	"up":{"change_column":{
			"name":"ChangeUsers",
			"columns":[{
			"name":"first_name","type":"string"}]
		}
	},
	"down":{"change_column":{
			"name":"ChangeUsers",
			"columns":[{
			"name":"first_name","type":"string"}]}}}</StdOut>
      </Output>
    </UnitTestResult>
    <UnitTestResult executionId="d62433d7-a01f-451e-8929-a306aaf99930" testId="ac0c20c0-6966-79b8-4b6c-7c633eb53e87" testName="GeneratorChangeMultipleColumnTest" computerName="CUCAMONGA" duration="00:00:00.0008074" startTime="2011-08-17T17:16:57.1255515-07:00" endTime="2011-08-17T17:16:57.1305518-07:00" testType="13cdc9d9-ddb5-4fa4-a97d-d965ccfc6d4b" outcome="Passed" testListId="8c84fa94-04c1-424b-9868-57a2d4851a1d" relativeResultsDirectory="d62433d7-a01f-451e-8929-a306aaf99930">
      <Output>
        <StdOut>C:\Projects\Humpback\TestResults\Administrator_CUCAMONGA 2011-08-17 17_16_52\Out\db\migrations\20110818001657_ChangeColumn_ChangeUsers.js
Generating Migration ChangeColumn_ChangeUsers
{
	"up":{"change_column":{
			"name":"ChangeUsers",
			"columns":[{
			"name":"first_name","type":"string"},{
			"name":"last_name","type":"string"}]
		}
	},
	"down":{"change_column":{
			"name":"ChangeUsers",
			"columns":[{
			"name":"first_name","type":"string"},{
			"name":"last_name","type":"string"}]}}}</StdOut>
      </Output>
    </UnitTestResult>
    <UnitTestResult executionId="785c645a-f2d0-47ab-b587-f1832fb1cf03" testId="82bd9517-f389-4445-1fce-8aa42a855b86" testName="GeneratorAddIndexTest" computerName="CUCAMONGA" duration="00:00:00.0082333" startTime="2011-08-17T17:16:57.1355521-07:00" endTime="2011-08-17T17:16:57.1485528-07:00" testType="13cdc9d9-ddb5-4fa4-a97d-d965ccfc6d4b" outcome="Passed" testListId="8c84fa94-04c1-424b-9868-57a2d4851a1d" relativeResultsDirectory="785c645a-f2d0-47ab-b587-f1832fb1cf03">
      <Output>
        <StdOut>C:\Projects\Humpback\TestResults\Administrator_CUCAMONGA 2011-08-17 17_16_52\Out\db\migrations\20110818001657_AddIndex_Users_first_name_last_name.js
Generating Migration AddIndex_Users_first_name_last_name
{
	"up":{
		"add_index":{
			"table_name":"Users",
			"columns":["first_name","last_name"]}}}</StdOut>
      </Output>
    </UnitTestResult>
    <UnitTestResult executionId="70d51e33-f53b-4b8c-9794-621e344895e1" testId="a32922e2-f1df-7982-29dc-57f3885bc9ec" testName="GeneratorDropIndexTest" computerName="CUCAMONGA" duration="00:00:00.0065103" startTime="2011-08-17T17:16:57.1525531-07:00" endTime="2011-08-17T17:16:57.1645537-07:00" testType="13cdc9d9-ddb5-4fa4-a97d-d965ccfc6d4b" outcome="Passed" testListId="8c84fa94-04c1-424b-9868-57a2d4851a1d" relativeResultsDirectory="70d51e33-f53b-4b8c-9794-621e344895e1">
      <Output>
        <StdOut>C:\Projects\Humpback\TestResults\Administrator_CUCAMONGA 2011-08-17 17_16_52\Out\db\migrations\20110818001657_RemoveIndex_Users_first_name_last_name.js
Generating Migration RemoveIndex_Users_first_name_last_name
{
	"up":{
		"remove_index":{
			"table_name":"Users",
			"columns":["first_name","last_name"]}}}</StdOut>
      </Output>
    </UnitTestResult>
    <UnitTestResult executionId="1880b5a3-82e3-45c7-a3be-25c7e75b2dcd" testId="2a84bd86-8ca4-1eec-bb5f-cdc52d11f0ed" testName="GeneratorFileTest" computerName="CUCAMONGA" duration="00:00:00.0066524" startTime="2011-08-17T17:16:57.1685540-07:00" endTime="2011-08-17T17:16:57.1815547-07:00" testType="13cdc9d9-ddb5-4fa4-a97d-d965ccfc6d4b" outcome="Passed" testListId="8c84fa94-04c1-424b-9868-57a2d4851a1d" relativeResultsDirectory="1880b5a3-82e3-45c7-a3be-25c7e75b2dcd">
      <Output>
        <StdOut>C:\Projects\Humpback\TestResults\Administrator_CUCAMONGA 2011-08-17 17_16_52\Out\db\migrations\..\sql\mysqlfile.sql
C:\Projects\Humpback\TestResults\Administrator_CUCAMONGA 2011-08-17 17_16_52\Out\db\migrations\20110818001657_SQLFile_mysqlfile.js
Generating Migration sql\mysqlfile.sql
{
	"up":{"file":"..\\sql\\mysqlfile.sql"}}</StdOut>
      </Output>
    </UnitTestResult>
    <UnitTestResult executionId="929f3fb9-ed65-4ac6-bf56-6726df231911" testId="e7403101-b8a8-6884-112a-c39c176e3e12" testName="GeneratorSqlTest" computerName="CUCAMONGA" duration="00:00:00.0052944" startTime="2011-08-17T17:16:57.1855550-07:00" endTime="2011-08-17T17:16:57.1965556-07:00" testType="13cdc9d9-ddb5-4fa4-a97d-d965ccfc6d4b" outcome="Passed" testListId="8c84fa94-04c1-424b-9868-57a2d4851a1d" relativeResultsDirectory="929f3fb9-ed65-4ac6-bf56-6726df231911">
      <Output>
        <StdOut>C:\Projects\Humpback\TestResults\Administrator_CUCAMONGA 2011-08-17 17_16_52\Out\db\migrations\20110818001657_ExecuteSQL.js
Generating Migration ExecuteSQL
{
	"up":"CREATE TABLE Users (ID {pk}, first_name {string} NOT NULL, price_paid {money})",
	"down":""}</StdOut>
      </Output>
    </UnitTestResult>
    <UnitTestResult executionId="702b9732-fb89-4088-b634-c910e72fbcaf" testId="274b4467-35d6-4a34-11dc-f60e719c1a5c" testName="SqlFormatterAddTableTest" computerName="CUCAMONGA" duration="00:00:00.7422460" startTime="2011-08-17T17:16:57.2005558-07:00" endTime="2011-08-17T17:16:57.9475985-07:00" testType="13cdc9d9-ddb5-4fa4-a97d-d965ccfc6d4b" outcome="Passed" testListId="8c84fa94-04c1-424b-9868-57a2d4851a1d" relativeResultsDirectory="702b9732-fb89-4088-b634-c910e72fbcaf">
      <Output>
        <StdOut>C:\Projects\Humpback\TestResults\Administrator_CUCAMONGA 2011-08-17 17_16_52\Out\db\generated\1xxx...sql


CREATE TABLE [tname]
	 (Id int PRIMARY KEY IDENTITY(1,1) NOT NULL 
	, [first_name] nvarchar(255) NULL 
	, [last_name] decimal(16,2) NULL 
	, CreatedOn datetime DEFAULT getutcdate() NOT NULL
	, UpdatedOn datetime DEFAULT getutcdate() NOT NULL)</StdOut>
      </Output>
    </UnitTestResult>
    <UnitTestResult executionId="9dd2d76e-e471-4c7d-a083-43e8ec2b423f" testId="932f94f6-db59-e4fb-db9c-4892e9feb731" testName="SqlFormatterAddTableTestWithNullableAndDefault" computerName="CUCAMONGA" duration="00:00:00.0010398" startTime="2011-08-17T17:16:57.9555990-07:00" endTime="2011-08-17T17:16:57.9715999-07:00" testType="13cdc9d9-ddb5-4fa4-a97d-d965ccfc6d4b" outcome="Passed" testListId="8c84fa94-04c1-424b-9868-57a2d4851a1d" relativeResultsDirectory="9dd2d76e-e471-4c7d-a083-43e8ec2b423f">
      <Output>
        <StdOut>C:\Projects\Humpback\TestResults\Administrator_CUCAMONGA 2011-08-17 17_16_52\Out\db\generated\11xxx...sql


CREATE TABLE [tname]
	 (Id int PRIMARY KEY IDENTITY(1,1) NOT NULL 
	, [first_name] nvarchar(255) NOT NULL  DEFAULT ('JASON') 
	, [last_name] decimal(16,2) NULL 
	, CreatedOn datetime DEFAULT getutcdate() NOT NULL
	, UpdatedOn datetime DEFAULT getutcdate() NOT NULL)</StdOut>
      </Output>
    </UnitTestResult>
    <UnitTestResult executionId="2e8170c6-0bfb-4366-ad2d-84225b3f9667" testId="9a492a35-95c4-81bf-5741-83962893c6bd" testName="SqlFormatterDropTableTest" computerName="CUCAMONGA" duration="00:00:00.0639281" startTime="2011-08-17T17:16:57.9786003-07:00" endTime="2011-08-17T17:16:58.0476043-07:00" testType="13cdc9d9-ddb5-4fa4-a97d-d965ccfc6d4b" outcome="Passed" testListId="8c84fa94-04c1-424b-9868-57a2d4851a1d" relativeResultsDirectory="2e8170c6-0bfb-4366-ad2d-84225b3f9667">
      <Output>
        <StdOut>C:\Projects\Humpback\TestResults\Administrator_CUCAMONGA 2011-08-17 17_16_52\Out\db\generated\2xxx...sql


DROP TABLE [tname]</StdOut>
      </Output>
    </UnitTestResult>
    <UnitTestResult executionId="f3680cc4-a2ae-4a20-b024-e38a9aeeb573" testId="53bdf8b3-0cb0-c5cc-f9bd-dc976049c613" testName="SqlFormatterDrop2TableTest" computerName="CUCAMONGA" duration="00:00:00.0093205" startTime="2011-08-17T17:16:58.0566048-07:00" endTime="2011-08-17T17:16:58.0696055-07:00" testType="13cdc9d9-ddb5-4fa4-a97d-d965ccfc6d4b" outcome="Passed" testListId="8c84fa94-04c1-424b-9868-57a2d4851a1d" relativeResultsDirectory="f3680cc4-a2ae-4a20-b024-e38a9aeeb573">
      <Output>
        <StdOut>C:\Projects\Humpback\TestResults\Administrator_CUCAMONGA 2011-08-17 17_16_52\Out\db\generated\8xxx..sql..sql
C:\Projects\Humpback\TestResults\Administrator_CUCAMONGA 2011-08-17 17_16_52\Out\db\generated\8xxx..sql..sql
C:\Projects\Humpback\TestResults\Administrator_CUCAMONGA 2011-08-17 17_16_52\Out\db\generated\8xxx..sql..sqlC:\Projects\Humpback\TestResults\Administrator_CUCAMONGA 2011-08-17 17_16_52\Out\db\generated\8xxx..sql..sql


DROP TABLE [tname1]




DROP TABLE [tname2]</StdOut>
      </Output>
    </UnitTestResult>
[...]
    </UnitTestResult>
    <UnitTestResult executionId="a8145f68-0264-4deb-b787-7f19c42a866e" testId="08b5b9c9-6f47-d78c-ccbb-c81dcaf801d4" testName="TestForArray" computerName="CUCAMONGA" duration="00:00:00.0235723" startTime="2011-08-17T17:16:59.3196770-07:00" endTime="2011-08-17T17:16:59.3466786-07:00" testType="13cdc9d9-ddb5-4fa4-a97d-d965ccfc6d4b" outcome="Passed" testListId="8c84fa94-04c1-424b-9868-57a2d4851a1d" relativeResultsDirectory="a8145f68-0264-4deb-b787-7f19c42a866e">
    </UnitTestResult>
    <UnitTestResult executionId="083e595e-15f4-4c6f-a9c3-3f4869e80393" testId="71dd6206-1db7-63ae-e0fc-471c5670527e" testName="TestForArrayOnString" computerName="CUCAMONGA" duration="00:00:00.0028257" startTime="2011-08-17T17:16:59.3516788-07:00" endTime="2011-08-17T17:16:59.3586792-07:00" testType="13cdc9d9-ddb5-4fa4-a97d-d965ccfc6d4b" outcome="Passed" testListId="8c84fa94-04c1-424b-9868-57a2d4851a1d" relativeResultsDirectory="083e595e-15f4-4c6f-a9c3-3f4869e80393">
    </UnitTestResult>
    <UnitTestResult executionId="8aab8966-f756-4d30-ae2e-112e79e58581" testId="d5cc0cd9-833d-a38d-dcfc-767927d698f4" testName="TestForString" computerName="CUCAMONGA" duration="00:00:00.0131891" startTime="2011-08-17T17:16:59.3626795-07:00" endTime="2011-08-17T17:16:59.3806805-07:00" testType="13cdc9d9-ddb5-4fa4-a97d-d965ccfc6d4b" outcome="Passed" testListId="8c84fa94-04c1-424b-9868-57a2d4851a1d" relativeResultsDirectory="8aab8966-f756-4d30-ae2e-112e79e58581">
    </UnitTestResult>
    <UnitTestResult executionId="d4b3829e-e5fa-4a93-a35d-633ae5ab756f" testId="8616b539-ff11-f5fa-cddc-12ec76c45a9e" testName="TestForStringOnArray" computerName="CUCAMONGA" duration="00:00:00.0047681" startTime="2011-08-17T17:16:59.3846807-07:00" endTime="2011-08-17T17:16:59.3936812-07:00" testType="13cdc9d9-ddb5-4fa4-a97d-d965ccfc6d4b" outcome="Passed" testListId="8c84fa94-04c1-424b-9868-57a2d4851a1d" relativeResultsDirectory="d4b3829e-e5fa-4a93-a35d-633ae5ab756f">
    </UnitTestResult>
    <UnitTestResult executionId="ad6f60f1-39c1-47b9-bc3b-ee89c2d6a6f9" testId="20d19967-444e-dc24-b335-97edc08b5909" testName="TestForTypeOfArray" computerName="CUCAMONGA" duration="00:00:00.0183527" startTime="2011-08-17T17:16:59.3986815-07:00" endTime="2011-08-17T17:16:59.4206828-07:00" testType="13cdc9d9-ddb5-4fa4-a97d-d965ccfc6d4b" outcome="Passed" testListId="8c84fa94-04c1-424b-9868-57a2d4851a1d" relativeResultsDirectory="ad6f60f1-39c1-47b9-bc3b-ee89c2d6a6f9">
      <Output>
        <StdOut>&lt;&gt;f__AnonymousType1`1[System.String]
&lt;&gt;f__AnonymousType1`1[System.String][]</StdOut>
      </Output>
    </UnitTestResult>
    <UnitTestResult executionId="2af1c518-7aa4-45c2-ac68-9c4c98811245" testId="a48aa486-0eb9-1571-ae7a-ae83f5502512" testName="ConfigurationConstructorTestNullConstructorParam" computerName="CUCAMONGA" duration="00:00:00.0012831" startTime="2011-08-17T17:16:59.4256831-07:00" endTime="2011-08-17T17:16:59.4326835-07:00" testType="13cdc9d9-ddb5-4fa4-a97d-d965ccfc6d4b" outcome="Passed" testListId="8c84fa94-04c1-424b-9868-57a2d4851a1d" relativeResultsDirectory="2af1c518-7aa4-45c2-ac68-9c4c98811245">
    </UnitTestResult>
    <UnitTestResult executionId="ef8b289a-7fde-43db-aeb2-9a33419ec11d" testId="561a8314-b780-173e-57e0-31e74c4df3cf" testName="ConfigurationConstructorTestDefaultConstructor" computerName="CUCAMONGA" duration="00:00:00.0002183" startTime="2011-08-17T17:16:59.4356837-07:00" endTime="2011-08-17T17:16:59.4406839-07:00" testType="13cdc9d9-ddb5-4fa4-a97d-d965ccfc6d4b" outcome="Passed" testListId="8c84fa94-04c1-424b-9868-57a2d4851a1d" relativeResultsDirectory="ef8b289a-7fde-43db-aeb2-9a33419ec11d">
    </UnitTestResult>
    <UnitTestResult executionId="d1368441-a932-4ae5-aa3c-8031ccae9656" testId="3aa6cae7-870d-5dc1-6dfc-f66069c5d485" testName="HelpTestDash" computerName="CUCAMONGA" duration="00:00:00.0003871" startTime="2011-08-17T17:16:59.4446842-07:00" endTime="2011-08-17T17:16:59.4496845-07:00" testType="13cdc9d9-ddb5-4fa4-a97d-d965ccfc6d4b" outcome="Passed" testListId="8c84fa94-04c1-424b-9868-57a2d4851a1d" relativeResultsDirectory="d1368441-a932-4ae5-aa3c-8031ccae9656">
    </UnitTestResult>
    <UnitTestResult executionId="ef8f884d-29f3-47f1-9af8-bbc4be170f11" testId="0356bc7f-811f-e594-9294-69e99427592b" testName="HelpTest_h" computerName="CUCAMONGA" duration="00:00:00.0002931" startTime="2011-08-17T17:16:59.4536847-07:00" endTime="2011-08-17T17:16:59.4586850-07:00" testType="13cdc9d9-ddb5-4fa4-a97d-d965ccfc6d4b" outcome="Passed" testListId="8c84fa94-04c1-424b-9868-57a2d4851a1d" relativeResultsDirectory="ef8f884d-29f3-47f1-9af8-bbc4be170f11">
    </UnitTestResult>
    <UnitTestResult executionId="09257055-3e82-47f8-8ac8-3e3e43adf22f" testId="92dbc9fd-8625-52e9-87e0-f4f933c33d3e" testName="HelpTest_H" computerName="CUCAMONGA" duration="00:00:00.0002927" startTime="2011-08-17T17:16:59.4626852-07:00" endTime="2011-08-17T17:16:59.4676855-07:00" testType="13cdc9d9-ddb5-4fa4-a97d-d965ccfc6d4b" outcome="Passed" testListId="8c84fa94-04c1-424b-9868-57a2d4851a1d" relativeResultsDirectory="09257055-3e82-47f8-8ac8-3e3e43adf22f">
    </UnitTestResult>
    <UnitTestResult executionId="aa597306-f909-44ed-a3a4-6a57d4620756" testId="f7bb9a21-a4c3-3fc0-8813-25cea4ce6edc" testName="HelpTest_HELP" computerName="CUCAMONGA" duration="00:00:00.0002913" startTime="2011-08-17T17:16:59.4716857-07:00" endTime="2011-08-17T17:16:59.4766860-07:00" testType="13cdc9d9-ddb5-4fa4-a97d-d965ccfc6d4b" outcome="Passed" testListId="8c84fa94-04c1-424b-9868-57a2d4851a1d" relativeResultsDirectory="aa597306-f909-44ed-a3a4-6a57d4620756">
    </UnitTestResult>
    <UnitTestResult executionId="0ad23c18-66a4-4ec2-9f0c-01f0d82fe089" testId="156e597f-0b1d-a2d7-359e-abcce95cc492" testName="HelpTest_help" computerName="CUCAMONGA" duration="00:00:00.0002786" startTime="2011-08-17T17:16:59.4806862-07:00" endTime="2011-08-17T17:16:59.4846865-07:00" testType="13cdc9d9-ddb5-4fa4-a97d-d965ccfc6d4b" outcome="Passed" testListId="8c84fa94-04c1-424b-9868-57a2d4851a1d" relativeResultsDirectory="0ad23c18-66a4-4ec2-9f0c-01f0d82fe089">
    </UnitTestResult>
    <UnitTestResult executionId="79333adc-4cdd-4121-aa11-6e5ce9e51b62" testId="0bd60c8b-330c-58f9-5cd5-451e64e5064d" testName="HelpModifierTest_Run" computerName="CUCAMONGA" duration="00:00:00.0003209" startTime="2011-08-17T17:16:59.4886867-07:00" endTime="2011-08-17T17:16:59.4926869-07:00" testType="13cdc9d9-ddb5-4fa4-a97d-d965ccfc6d4b" outcome="Passed" testListId="8c84fa94-04c1-424b-9868-57a2d4851a1d" relativeResultsDirectory="79333adc-4cdd-4121-aa11-6e5ce9e51b62">
    </UnitTestResult>
    <UnitTestResult executionId="bf547d5e-cc41-47fd-910c-8c1b1e0a7bd4" testId="bffd13bd-a98a-7359-d86a-98f61a84657f" testName="HelpModifierTest_RUN" computerName="CUCAMONGA" duration="00:00:00.0002859" startTime="2011-08-17T17:16:59.4966871-07:00" endTime="2011-08-17T17:16:59.5006874-07:00" testType="13cdc9d9-ddb5-4fa4-a97d-d965ccfc6d4b" outcome="Passed" testListId="8c84fa94-04c1-424b-9868-57a2d4851a1d" relativeResultsDirectory="bf547d5e-cc41-47fd-910c-8c1b1e0a7bd4">
    </UnitTestResult>
    <UnitTestResult executionId="ca575c45-8ad5-4429-9a41-09776e1018c3" testId="dbcb9613-54a5-05d2-9009-31ab037ddbcd" testName="HelpModifierTest_List" computerName="CUCAMONGA" duration="00:00:00.0003057" startTime="2011-08-17T17:16:59.5056877-07:00" endTime="2011-08-17T17:16:59.5096879-07:00" testType="13cdc9d9-ddb5-4fa4-a97d-d965ccfc6d4b" outcome="Passed" testListId="8c84fa94-04c1-424b-9868-57a2d4851a1d" relativeResultsDirectory="ca575c45-8ad5-4429-9a41-09776e1018c3">
    </UnitTestResult>
    <UnitTestResult executionId="c8675b28-a3c1-467c-9863-ac675e892190" testId="90590812-d0cd-47d6-f358-c315d0722334" testName="HelpModifierTest_Generate" computerName="CUCAMONGA" duration="00:00:00.0003079" startTime="2011-08-17T17:16:59.5136881-07:00" endTime="2011-08-17T17:16:59.5186884-07:00" testType="13cdc9d9-ddb5-4fa4-a97d-d965ccfc6d4b" outcome="Passed" testListId="8c84fa94-04c1-424b-9868-57a2d4851a1d" relativeResultsDirectory="c8675b28-a3c1-467c-9863-ac675e892190">
    </UnitTestResult>
    <UnitTestResult executionId="ea0306f3-2a37-4981-a9c9-f8ff4b687686" testId="5e541083-8183-1e9e-0c99-d0d43511a838" testName="HelpModifierTest_Sql" computerName="CUCAMONGA" duration="00:00:00.0002981" startTime="2011-08-17T17:16:59.5226886-07:00" endTime="2011-08-17T17:16:59.5266889-07:00" testType="13cdc9d9-ddb5-4fa4-a97d-d965ccfc6d4b" outcome="Passed" testListId="8c84fa94-04c1-424b-9868-57a2d4851a1d" relativeResultsDirectory="ea0306f3-2a37-4981-a9c9-f8ff4b687686">
    </UnitTestResult>
    <UnitTestResult executionId="765e082e-c260-41ea-bb94-c2d37072200e" testId="289d24b8-7498-9a77-6aaf-02719bbf6dbf" testName="HelpModifierTest_R" computerName="CUCAMONGA" duration="00:00:00.0003086" startTime="2011-08-17T17:16:59.5306891-07:00" endTime="2011-08-17T17:16:59.5346893-07:00" testType="13cdc9d9-ddb5-4fa4-a97d-d965ccfc6d4b" outcome="Passed" testListId="8c84fa94-04c1-424b-9868-57a2d4851a1d" relativeResultsDirectory="765e082e-c260-41ea-bb94-c2d37072200e">
    </UnitTestResult>
    <UnitTestResult executionId="a2a09830-edb2-4fa4-b36c-7123b88b8325" testId="70f03247-8a89-43a1-08ac-8bf7b89adba6" testName="HelpModifierTest_L" computerName="CUCAMONGA" duration="00:00:00.0003046" startTime="2011-08-17T17:16:59.5396896-07:00" endTime="2011-08-17T17:16:59.5436898-07:00" testType="13cdc9d9-ddb5-4fa4-a97d-d965ccfc6d4b" outcome="Passed" testListId="8c84fa94-04c1-424b-9868-57a2d4851a1d" relativeResultsDirectory="a2a09830-edb2-4fa4-b36c-7123b88b8325">
    </UnitTestResult>
    <UnitTestResult executionId="b6b4d036-2566-4cfc-9c53-82cae002c69c" testId="311db638-4b68-3900-bf42-4b797187ac8a" testName="HelpModifierTest_G" computerName="CUCAMONGA" duration="00:00:00.0002978" startTime="2011-08-17T17:16:59.5476901-07:00" endTime="2011-08-17T17:16:59.5526903-07:00" testType="13cdc9d9-ddb5-4fa4-a97d-d965ccfc6d4b" outcome="Passed" testListId="8c84fa94-04c1-424b-9868-57a2d4851a1d" relativeResultsDirectory="b6b4d036-2566-4cfc-9c53-82cae002c69c">
    </UnitTestResult>
    <UnitTestResult executionId="21a04be6-cbc9-4514-be6a-0a2e18b5cf12" testId="d36c404f-9cbf-9a72-0ca6-674693b7650a" testName="HelpModifierTest_S_and_Ensure_Run_Off" computerName="CUCAMONGA" duration="00:00:00.0004203" startTime="2011-08-17T17:16:59.5566906-07:00" endTime="2011-08-17T17:16:59.5616909-07:00" testType="13cdc9d9-ddb5-4fa4-a97d-d965ccfc6d4b" outcome="Passed" testListId="8c84fa94-04c1-424b-9868-57a2d4851a1d" relativeResultsDirectory="21a04be6-cbc9-4514-be6a-0a2e18b5cf12">
    </UnitTestResult>
    <UnitTestResult executionId="6280938e-7f3c-44d7-92d4-a71872f89e55" testId="977522ec-36ab-7467-e984-16e06673af6f" testName="BasicSqlTest" computerName="CUCAMONGA" duration="00:00:00.0003889" startTime="2011-08-17T17:16:59.5666911-07:00" endTime="2011-08-17T17:16:59.5706914-07:00" testType="13cdc9d9-ddb5-4fa4-a97d-d965ccfc6d4b" outcome="Passed" testListId="8c84fa94-04c1-424b-9868-57a2d4851a1d" relativeResultsDirectory="6280938e-7f3c-44d7-92d4-a71872f89e55">
    </UnitTestResult>
    <UnitTestResult executionId="d1e47965-9651-463c-aa44-ec22b79afded" testId="a1158286-c9a0-d3c5-048f-b0851d3cf5b7" testName="BasicSqlTest2" computerName="CUCAMONGA" duration="00:00:00.0003390" startTime="2011-08-17T17:16:59.5746916-07:00" endTime="2011-08-17T17:16:59.5796919-07:00" testType="13cdc9d9-ddb5-4fa4-a97d-d965ccfc6d4b" outcome="Passed" testListId="8c84fa94-04c1-424b-9868-57a2d4851a1d" relativeResultsDirectory="d1e47965-9651-463c-aa44-ec22b79afded">
    </UnitTestResult>
    <UnitTestResult executionId="50bea16f-4d98-49fa-976e-8b90a640b062" testId="9efa9754-2bd6-6a4e-e57a-a525ac22479a" testName="BasicSqlTest3" computerName="CUCAMONGA" duration="00:00:00.0004377" startTime="2011-08-17T17:16:59.5846922-07:00" endTime="2011-08-17T17:16:59.5896925-07:00" testType="13cdc9d9-ddb5-4fa4-a97d-d965ccfc6d4b" outcome="Passed" testListId="8c84fa94-04c1-424b-9868-57a2d4851a1d" relativeResultsDirectory="50bea16f-4d98-49fa-976e-8b90a640b062">
    </UnitTestResult>
    <UnitTestResult executionId="94850462-1242-436a-8d9b-359d56a8c231" testId="bb1a840f-7c75-47b3-fb81-a8b38c6bbd4f" testName="BasicGenerateErrorTest" computerName="CUCAMONGA" duration="00:00:00.0155945" startTime="2011-08-17T17:16:59.5946927-07:00" endTime="2011-08-17T17:16:59.6146939-07:00" testType="13cdc9d9-ddb5-4fa4-a97d-d965ccfc6d4b" outcome="Passed" testListId="8c84fa94-04c1-424b-9868-57a2d4851a1d" relativeResultsDirectory="94850462-1242-436a-8d9b-359d56a8c231">
    </UnitTestResult>
    <UnitTestResult executionId="4c57b5c0-417d-49aa-a32c-618735bbaa5b" testId="cc3c90a7-a6c8-747e-feb1-95a067a4287c" testName="BasicGenerateTest" computerName="CUCAMONGA" duration="00:00:00.0003379" startTime="2011-08-17T17:16:59.6196942-07:00" endTime="2011-08-17T17:16:59.6336950-07:00" testType="13cdc9d9-ddb5-4fa4-a97d-d965ccfc6d4b" outcome="Passed" testListId="8c84fa94-04c1-424b-9868-57a2d4851a1d" relativeResultsDirectory="4c57b5c0-417d-49aa-a32c-618735bbaa5b">
    </UnitTestResult>
    <UnitTestResult executionId="2fc02da6-0b7d-4971-8361-0b7d475986a2" testId="7eda8c0b-4083-4def-9614-a659eccc9620" testName="GenerateTest" computerName="CUCAMONGA" duration="00:00:00.0005584" startTime="2011-08-17T17:16:59.6376952-07:00" endTime="2011-08-17T17:16:59.6436955-07:00" testType="13cdc9d9-ddb5-4fa4-a97d-d965ccfc6d4b" outcome="Passed" testListId="8c84fa94-04c1-424b-9868-57a2d4851a1d" relativeResultsDirectory="2fc02da6-0b7d-4971-8361-0b7d475986a2">
      <Output>
        <StdOut>first_name:string|last_name:string</StdOut>
      </Output>
    </UnitTestResult>
    <UnitTestResult executionId="a5e216bf-73c2-4d15-815b-ad76c49ff2b6" testId="ada74037-4e7b-b673-a356-32752802c102" testName="GenerateTest_CreateTable" computerName="CUCAMONGA" duration="00:00:00.0003607" startTime="2011-08-17T17:16:59.6476958-07:00" endTime="2011-08-17T17:16:59.6526961-07:00" testType="13cdc9d9-ddb5-4fa4-a97d-d965ccfc6d4b" outcome="Passed" testListId="8c84fa94-04c1-424b-9868-57a2d4851a1d" relativeResultsDirectory="a5e216bf-73c2-4d15-815b-ad76c49ff2b6">
    </UnitTestResult>
    <UnitTestResult executionId="69f8418d-9b6f-47e0-9829-d9c6e786b3cf" testId="669bad0e-ab50-8768-3d79-24a420607811" testName="GenerateTest_ModifyTable" computerName="CUCAMONGA" duration="00:00:00.0003679" startTime="2011-08-17T17:16:59.6566963-07:00" endTime="2011-08-17T17:16:59.6606965-07:00" testType="13cdc9d9-ddb5-4fa4-a97d-d965ccfc6d4b" outcome="Passed" testListId="8c84fa94-04c1-424b-9868-57a2d4851a1d" relativeResultsDirectory="69f8418d-9b6f-47e0-9829-d9c6e786b3cf">
    </UnitTestResult>
    <UnitTestResult executionId="f6f867a3-164e-4cba-a5e4-f52580e80e1c" testId="16f64c72-025c-ebb3-6b93-684532a9fa63" testName="BasicListTest" computerName="CUCAMONGA" duration="00:00:00.0003820" startTime="2011-08-17T17:16:59.6646967-07:00" endTime="2011-08-17T17:16:59.6696970-07:00" testType="13cdc9d9-ddb5-4fa4-a97d-d965ccfc6d4b" outcome="Passed" testListId="8c84fa94-04c1-424b-9868-57a2d4851a1d" relativeResultsDirectory="f6f867a3-164e-4cba-a5e4-f52580e80e1c">
    </UnitTestResult>
    <UnitTestResult executionId="1ca77a50-842e-40d3-b047-8950be6ae030" testId="6085e726-dd8d-693b-9aae-ed39953bc073" testName="BasicRunTest" computerName="CUCAMONGA" duration="00:00:00.0004051" startTime="2011-08-17T17:16:59.6736973-07:00" endTime="2011-08-17T17:16:59.6776975-07:00" testType="13cdc9d9-ddb5-4fa4-a97d-d965ccfc6d4b" outcome="Passed" testListId="8c84fa94-04c1-424b-9868-57a2d4851a1d" relativeResultsDirectory="1ca77a50-842e-40d3-b047-8950be6ae030">
    </UnitTestResult>
    <UnitTestResult executionId="b93d4214-1dd6-4db5-b5bd-06121c47a724" testId="04f82181-a0a0-268d-8961-6593b0283527" testName="EnvironmentTest" computerName="CUCAMONGA" duration="00:00:00.0005016" startTime="2011-08-17T17:16:59.6826978-07:00" endTime="2011-08-17T17:16:59.6876981-07:00" testType="13cdc9d9-ddb5-4fa4-a97d-d965ccfc6d4b" outcome="Passed" testListId="8c84fa94-04c1-424b-9868-57a2d4851a1d" relativeResultsDirectory="b93d4214-1dd6-4db5-b5bd-06121c47a724">
    </UnitTestResult>
    <UnitTestResult executionId="badbb9ff-ac70-4803-9df7-dd4fd8b0f002" testId="80d6448f-0f06-5c6f-9efd-c6199e7a4680" testName="EnvironmentTestSet" computerName="CUCAMONGA" duration="00:00:00.0005920" startTime="2011-08-17T17:16:59.6946985-07:00" endTime="2011-08-17T17:16:59.6986987-07:00" testType="13cdc9d9-ddb5-4fa4-a97d-d965ccfc6d4b" outcome="Passed" testListId="8c84fa94-04c1-424b-9868-57a2d4851a1d" relativeResultsDirectory="badbb9ff-ac70-4803-9df7-dd4fd8b0f002">
    </UnitTestResult>
    <UnitTestResult executionId="0d01e825-f996-4e98-9b69-78299d712d47" testId="b2badb01-a4d3-5bb4-c5c8-e59600e727e6" testName="EnvironmentTestAdd" computerName="CUCAMONGA" duration="00:00:00.0005526" startTime="2011-08-17T17:16:59.7026989-07:00" endTime="2011-08-17T17:16:59.7076992-07:00" testType="13cdc9d9-ddb5-4fa4-a97d-d965ccfc6d4b" outcome="Passed" testListId="8c84fa94-04c1-424b-9868-57a2d4851a1d" relativeResultsDirectory="0d01e825-f996-4e98-9b69-78299d712d47">
    </UnitTestResult>
    <UnitTestResult executionId="09ef3522-27b3-432d-a5d3-2bf06ba0c3d8" testId="b8b4c87a-5edf-cb32-37de-b42575b67aae" testName="EnvironmentTestRemove" computerName="CUCAMONGA" duration="00:00:00.0005793" startTime="2011-08-17T17:16:59.7116994-07:00" endTime="2011-08-17T17:16:59.7156997-07:00" testType="13cdc9d9-ddb5-4fa4-a97d-d965ccfc6d4b" outcome="Passed" testListId="8c84fa94-04c1-424b-9868-57a2d4851a1d" relativeResultsDirectory="09ef3522-27b3-432d-a5d3-2bf06ba0c3d8">
    </UnitTestResult>
    <UnitTestResult executionId="8d1951a4-75f7-4976-a122-1d142c1a490c" testId="1b8a7801-d82d-1746-889b-a337f48ed4dd" testName="EnvironmentTestRename" computerName="CUCAMONGA" duration="00:00:00.0005508" startTime="2011-08-17T17:16:59.7196999-07:00" endTime="2011-08-17T17:16:59.7247002-07:00" testType="13cdc9d9-ddb5-4fa4-a97d-d965ccfc6d4b" outcome="Passed" testListId="8c84fa94-04c1-424b-9868-57a2d4851a1d" relativeResultsDirectory="8d1951a4-75f7-4976-a122-1d142c1a490c">
    </UnitTestResult>
    <UnitTestResult executionId="c18eb949-95be-4a0c-9402-3badf99b15b6" testId="4ec5d776-a082-2b7a-d6be-4f76f8d00f67" testName="EnvironmentTestDir" computerName="CUCAMONGA" duration="00:00:00.0005446" startTime="2011-08-17T17:16:59.7287004-07:00" endTime="2011-08-17T17:16:59.7327006-07:00" testType="13cdc9d9-ddb5-4fa4-a97d-d965ccfc6d4b" outcome="Passed" testListId="8c84fa94-04c1-424b-9868-57a2d4851a1d" relativeResultsDirectory="c18eb949-95be-4a0c-9402-3badf99b15b6">
    </UnitTestResult>
    <UnitTestResult executionId="3e4120f9-3793-4b75-9232-116f575ba97c" testId="a5719ce4-6290-8d0e-bbaa-fb0f4cae04cb" testName="EnvironmentTestConnectionString" computerName="CUCAMONGA" duration="00:00:00.0005497" startTime="2011-08-17T17:16:59.7377009-07:00" endTime="2011-08-17T17:16:59.7417012-07:00" testType="13cdc9d9-ddb5-4fa4-a97d-d965ccfc6d4b" outcome="Passed" testListId="8c84fa94-04c1-424b-9868-57a2d4851a1d" relativeResultsDirectory="3e4120f9-3793-4b75-9232-116f575ba97c">
    </UnitTestResult>
    <UnitTestResult executionId="cd1c8a2c-8ccc-4f16-a3f5-2b01ff95137a" testId="e5422223-4a43-76a5-9333-72544862540e" testName="EnvironmentTestFlavor" computerName="CUCAMONGA" duration="00:00:00.0005580" startTime="2011-08-17T17:16:59.7457014-07:00" endTime="2011-08-17T17:16:59.7507017-07:00" testType="13cdc9d9-ddb5-4fa4-a97d-d965ccfc6d4b" outcome="Passed" testListId="8c84fa94-04c1-424b-9868-57a2d4851a1d" relativeResultsDirectory="cd1c8a2c-8ccc-4f16-a3f5-2b01ff95137a">
    </UnitTestResult>
  </Results>
</TestRun>